[0.009s] Invoking command in '/home/dorson/Documents/github/Doe/src/doe_simulation/build/doe_simulation': CMAKE_PREFIX_PATH=${CMAKE_PREFIX_PATH}:/opt/ros/jazzy DEBUGINFOD_URLS=https://debuginfod.ubuntu.com /usr/bin/cmake --build /home/dorson/Documents/github/Doe/src/doe_simulation/build/doe_simulation -- -j20 -l20
[0.082s] [ 50%] [32mBuilding CXX object CMakeFiles/thruster_driver_plugin.dir/src/thruster_driver_plugin.cpp.o[0m
[1.950s] In file included from [01m[K/opt/ros/jazzy/opt/gz_plugin_vendor/include/gz/plugin2/gz/plugin/Register.hh:22[m[K,
[1.950s]                  from [01m[K/home/dorson/Documents/github/Doe/src/doe_simulation/include/doe_simulation/thruster_driver_plugin.hpp:8[m[K,
[1.950s]                  from [01m[K/home/dorson/Documents/github/Doe/src/doe_simulation/src/thruster_driver_plugin.cpp:1[m[K:
[1.950s] [01m[K/home/dorson/Documents/github/Doe/src/doe_simulation/src/thruster_driver_plugin.cpp:[m[K In constructor â€˜[01m[Kgz::plugin::{anonymous}::ExecuteWhenLoadingLibrary0::[01;32m[KExecuteWhenLoadingLibrary0[m[K()[m[Kâ€™:
[1.950s] [01m[K/home/dorson/Documents/github/Doe/src/doe_simulation/src/thruster_driver_plugin.cpp:113:64:[m[K [01;31m[Kerror: [m[Kâ€˜[01m[KThrusterDriver[m[Kâ€™ was not declared in this scope; did you mean â€˜[01m[Kdoe_simulation::ThrusterDriver[m[Kâ€™?
[1.950s]   113 | ADD_PLUGIN(doe_simulation::ThrusterDriver, gz::sim::System, [01;31m[KThrusterDriver[m[K::ISystemUpdate, ThrusterDriver::ISystemConfigure)
[1.950s]       |                                                             [01;31m[K^~~~~~~~~~~~~~[m[K
[1.951s] 
[1.951s] [01m[K/home/dorson/Documents/github/Doe/src/doe_simulation/include/doe_simulation/thruster_driver_plugin.hpp:20:11:[m[K [01;36m[Knote: [m[Kâ€˜[01m[Kdoe_simulation::ThrusterDriver[m[Kâ€™ declared here
[1.951s]    20 |     class [01;36m[KThrusterDriver[m[K: public System, public ISystemConfigure, public ISystemUpdate
[1.951s]       |           [01;36m[K^~~~~~~~~~~~~~[m[K
[1.951s] [01m[K/home/dorson/Documents/github/Doe/src/doe_simulation/src/thruster_driver_plugin.cpp:113:1:[m[K [01;31m[Kerror: [m[Ktemplate argument 3 is invalid
[1.951s]   113 | [01;31m[KGZ_ADD_PLUGIN[m[K(doe_simulation::ThrusterDriver, gz::sim::System, ThrusterDriver::ISystemUpdate, ThrusterDriver::ISystemConfigure)
[1.951s]       | [01;31m[K^~~~~~~~~~~~~[m[K
[1.951s] [01m[K/home/dorson/Documents/github/Doe/src/doe_simulation/src/thruster_driver_plugin.cpp:113:1:[m[K [01;31m[Kerror: [m[Kqualified-id in declaration before â€˜[01m[K([m[Kâ€™ token
[1.951s]   113 | [01;31m[KGZ_ADD_PLUGIN[m[K(doe_simulation::ThrusterDriver, gz::sim::System, ThrusterDriver::ISystemUpdate, ThrusterDriver::ISystemConfigure)
[1.951s]       | [01;31m[K^~~~~~~~~~~~~[m[K
[1.951s] [01m[K/home/dorson/Documents/github/Doe/src/doe_simulation/src/thruster_driver_plugin.cpp:[m[K In constructor â€˜[01m[Kgz::plugin::{anonymous}::ExecuteWhenLoadingLibrary1::[01;32m[KExecuteWhenLoadingLibrary1[m[K()[m[Kâ€™:
[1.951s] [01m[K/home/dorson/Documents/github/Doe/src/doe_simulation/src/thruster_driver_plugin.cpp:115:21:[m[K [01;31m[Kerror: [m[Kâ€˜[01m[KThrusterDriver[m[Kâ€™ was not declared in this scope; did you mean â€˜[01m[Kdoe_simulation::ThrusterDriver[m[Kâ€™?
[1.951s]   115 | GZ_ADD_PLUGIN_ALIAS([01;31m[KThrusterDriver[m[K, "gz::sim::systems::ThrusterDriver")
[1.951s]       |                     [01;31m[K^~~~~~~~~~~~~~[m[K
[1.951s] [01m[K/home/dorson/Documents/github/Doe/src/doe_simulation/include/doe_simulation/thruster_driver_plugin.hpp:20:11:[m[K [01;36m[Knote: [m[Kâ€˜[01m[Kdoe_simulation::ThrusterDriver[m[Kâ€™ declared here
[1.951s]    20 |     class [01;36m[KThrusterDriver[m[K: public System, public ISystemConfigure, public ISystemUpdate
[1.951s]       |           [01;36m[K^~~~~~~~~~~~~~[m[K
[1.951s] [01m[K/home/dorson/Documents/github/Doe/src/doe_simulation/src/thruster_driver_plugin.cpp:115:1:[m[K [01;31m[Kerror: [m[Ktemplate argument 1 is invalid
[1.951s]   115 | [01;31m[KGZ_ADD_PLUGIN_ALIAS[m[K(ThrusterDriver, "gz::sim::systems::ThrusterDriver")
[1.951s]       | [01;31m[K^~~~~~~~~~~~~~~~~~~[m[K
[1.951s] [01m[K/home/dorson/Documents/github/Doe/src/doe_simulation/src/thruster_driver_plugin.cpp:115:37:[m[K [01;31m[Kerror: [m[Kinvalid conversion from â€˜[01m[Kconst char*[m[Kâ€™ to â€˜[01m[Kint[m[Kâ€™ [[01;31m[K]8;;https://gcc.gnu.org/onlinedocs/gcc/Warning-Options.html#index-fpermissive-fpermissive]8;;[m[K]
[1.951s]   115 | GZ_ADD_PLUGIN_ALIAS(ThrusterDriver, [01;31m[K"gz::sim::systems::ThrusterDriver"[m[K)
[1.951s]       |                                     [01;31m[K^~~~~~~~~~~~~~~~~~~~~~~~~~~~~~~~~~[m[K
[1.951s]       |                                     [01;31m[K|[m[K
[1.951s]       |                                     [01;31m[Kconst char*[m[K
[3.387s] gmake[2]: *** [CMakeFiles/thruster_driver_plugin.dir/build.make:76: CMakeFiles/thruster_driver_plugin.dir/src/thruster_driver_plugin.cpp.o] Error 1
[3.387s] gmake[1]: *** [CMakeFiles/Makefile2:137: CMakeFiles/thruster_driver_plugin.dir/all] Error 2
[3.387s] gmake: *** [Makefile:166: all] Error 2
[3.389s] Invoked command in '/home/dorson/Documents/github/Doe/src/doe_simulation/build/doe_simulation' returned '2': CMAKE_PREFIX_PATH=${CMAKE_PREFIX_PATH}:/opt/ros/jazzy DEBUGINFOD_URLS=https://debuginfod.ubuntu.com /usr/bin/cmake --build /home/dorson/Documents/github/Doe/src/doe_simulation/build/doe_simulation -- -j20 -l20
