[ 50%] [32mBuilding CXX object CMakeFiles/thruster_driver_plugin.dir/src/thruster_driver_plugin.cpp.o[0m
[01m[K/home/dorson/Documents/github/Doe/src/doe_simulation/src/thruster_driver_plugin.cpp:8:17:[m[K [01;31m[Kerror: [m[Kexpected constructor, destructor, or type conversion before â€˜[01m[K([m[Kâ€™ token
    8 |     rclcpp::init[01;31m[K([m[K0, nullptr);
      |                 [01;31m[K^[m[K
[01m[K/home/dorson/Documents/github/Doe/src/doe_simulation/src/thruster_driver_plugin.cpp:14:7:[m[K [01;31m[Kerror: [m[Kâ€˜[01m[Kvirtual[m[Kâ€™ outside class declaration
   14 |       [01;31m[Kvirtual[m[K bool initialize(SimpleControllerIO* io) override
      |       [01;31m[K^~~~~~~[m[K
[01m[K/home/dorson/Documents/github/Doe/src/doe_simulation/src/thruster_driver_plugin.cpp:14:31:[m[K [01;31m[Kerror: [m[Kâ€˜[01m[KSimpleControllerIO[m[Kâ€™ was not declared in this scope
   14 |       virtual bool initialize([01;31m[KSimpleControllerIO[m[K* io) override
      |                               [01;31m[K^~~~~~~~~~~~~~~~~~[m[K
[01m[K/home/dorson/Documents/github/Doe/src/doe_simulation/src/thruster_driver_plugin.cpp:14:51:[m[K [01;31m[Kerror: [m[Kâ€˜[01m[Kio[m[Kâ€™ was not declared in this scope; did you mean â€˜[01m[Kgoogle::protobuf::io[m[Kâ€™?
   14 |       virtual bool initialize(SimpleControllerIO* [01;31m[Kio[m[K) override
      |                                                   [01;31m[K^~[m[K
      |                                                   [32m[Kgoogle::protobuf::io[m[K
In file included from [01m[K/opt/ros/jazzy/opt/gz_msgs_vendor/include/gz/msgs10/gz/msgs/details/serialized.pb.h:23[m[K,
                 from [01m[K/opt/ros/jazzy/opt/gz_msgs_vendor/include/gz/msgs10/gz/msgs/serialized.pb.h:12[m[K,
                 from [01m[K/opt/ros/jazzy/opt/gz_sim_vendor/include/gz/sim8/gz/sim/EntityComponentManager.hh:20[m[K,
                 from [01m[K/opt/ros/jazzy/opt/gz_sim_vendor/include/gz/sim8/gz/sim/Model.hh:27[m[K,
                 from [01m[K/home/dorson/Documents/github/Doe/src/doe_simulation/include/doe_simulation/thruster_driver_plugin.hpp:4[m[K,
                 from [01m[K/home/dorson/Documents/github/Doe/src/doe_simulation/src/thruster_driver_plugin.cpp:1[m[K:
[01m[K/usr/include/google/protobuf/io/coded_stream.h:153:11:[m[K [01;36m[Knote: [m[Kâ€˜[01m[Kgoogle::protobuf::io[m[Kâ€™ declared here
  153 | namespace [01;36m[Kio[m[K {
      |           [01;36m[K^~[m[K
gmake[2]: *** [CMakeFiles/thruster_driver_plugin.dir/build.make:76: CMakeFiles/thruster_driver_plugin.dir/src/thruster_driver_plugin.cpp.o] Error 1
gmake[1]: *** [CMakeFiles/Makefile2:137: CMakeFiles/thruster_driver_plugin.dir/all] Error 2
gmake: *** [Makefile:166: all] Error 2
