[0.025s] Invoking command in '/home/dorson/Documents/github/Doe/src/doe_control/build/doe_control': CMAKE_PREFIX_PATH=${CMAKE_PREFIX_PATH}:/opt/ros/jazzy DEBUGINFOD_URLS=https://debuginfod.ubuntu.com /usr/bin/cmake --build /home/dorson/Documents/github/Doe/src/doe_control/build/doe_control -- -j20 -l20
[0.138s] [ 50%] [32mBuilding CXX object CMakeFiles/thrust_publisher.dir/src/thrust_publisher.cpp.o[0m
[3.736s] [01m[K/home/dorson/Documents/github/Doe/src/doe_control/src/thrust_publisher.cpp:[m[K In constructor â€˜[01m[Kdoe_control::ThrustPublisher::[01;32m[KThrustPublisher[m[K(const rclcpp::NodeOptions&)[m[Kâ€™:
[3.736s] [01m[K/home/dorson/Documents/github/Doe/src/doe_control/src/thrust_publisher.cpp:56:29:[m[K [01;31m[Kerror: [m[Kâ€˜[01m[Kalloc_mat[m[Kâ€™ was not declared in this scope; did you mean â€˜[01m[Kalloca[m[Kâ€™?
[3.736s]    56 |         for (int i = 0; i < [01;31m[Kalloc_mat[m[K.rows; i++)
[3.736s]       |                             [01;31m[K^~~~~~~~~[m[K
[3.737s]       |                             [32m[Kalloca[m[K
[3.737s] [01m[K/home/dorson/Documents/github/Doe/src/doe_control/src/thrust_publisher.cpp:58:30:[m[K [01;31m[Kerror: [m[Kexpected primary-expression before â€˜[01m[Kdouble[m[Kâ€™
[3.737s]    58 |                 alloc_mat.at<[01;31m[Kdouble[m[K>(i,j) = alloc_vec[i][j];
[3.737s]       |                              [01;31m[K^~~~~~[m[K
[3.772s] [01m[K/home/dorson/Documents/github/Doe/src/doe_control/src/thrust_publisher.cpp:[m[K In member function â€˜[01m[Kvoid doe_control::ThrustPublisher::[01;32m[KwrenchCallback[m[K(geometry_msgs::msg::Wrench_<std::allocator<void> >::SharedPtr) const[m[Kâ€™:
[3.772s] [01m[K/home/dorson/Documents/github/Doe/src/doe_control/src/thrust_publisher.cpp:85:38:[m[K [01;31m[Kerror: [m[Kâ€˜[01m[Kthrust_mat[m[Kâ€™ was not declared in this scope; did you mean â€˜[01m[Kthrust[m[Kâ€™?
[3.772s]    85 |             double thruster_thrust = [01;31m[Kthrust_mat[m[K.at<double>(i,0);
[3.772s]       |                                      [01;31m[K^~~~~~~~~~[m[K
[3.772s]       |                                      [32m[Kthrust[m[K
[3.772s] [01m[K/home/dorson/Documents/github/Doe/src/doe_control/src/thrust_publisher.cpp:85:52:[m[K [01;31m[Kerror: [m[Kexpected primary-expression before â€˜[01m[Kdouble[m[Kâ€™
[3.772s]    85 |             double thruster_thrust = thrust_mat.at<[01;31m[Kdouble[m[K>(i,0);
[3.772s]       |                                                    [01;31m[K^~~~~~[m[K
[3.773s] [01m[K/home/dorson/Documents/github/Doe/src/doe_control/src/thrust_publisher.cpp:75:16:[m[K [01;35m[Kwarning: [m[Kunused variable â€˜[01m[Ktau_arr[m[Kâ€™ [[01;35m[K]8;;https://gcc.gnu.org/onlinedocs/gcc/Warning-Options.html#index-Wunused-variable-Wunused-variable]8;;[m[K]
[3.773s]    75 |         double [01;35m[Ktau_arr[m[K[6] =
[3.773s]       |                [01;35m[K^~~~~~~[m[K
[7.474s] gmake[2]: *** [CMakeFiles/thrust_publisher.dir/build.make:76: CMakeFiles/thrust_publisher.dir/src/thrust_publisher.cpp.o] Error 1
[7.474s] gmake[1]: *** [CMakeFiles/Makefile2:137: CMakeFiles/thrust_publisher.dir/all] Error 2
[7.475s] gmake: *** [Makefile:146: all] Error 2
[7.479s] Invoked command in '/home/dorson/Documents/github/Doe/src/doe_control/build/doe_control' returned '2': CMAKE_PREFIX_PATH=${CMAKE_PREFIX_PATH}:/opt/ros/jazzy DEBUGINFOD_URLS=https://debuginfod.ubuntu.com /usr/bin/cmake --build /home/dorson/Documents/github/Doe/src/doe_control/build/doe_control -- -j20 -l20
