[0.009s] Invoking command in '/home/dorson/Documents/github/Doe/src/doe_simulation/build/doe_simulation': CMAKE_PREFIX_PATH=${CMAKE_PREFIX_PATH}:/opt/ros/jazzy DEBUGINFOD_URLS=https://debuginfod.ubuntu.com /usr/bin/cmake --build /home/dorson/Documents/github/Doe/src/doe_simulation/build/doe_simulation -- -j20 -l20
[0.088s] [ 50%] [32mBuilding CXX object CMakeFiles/thruster_driver_plugin.dir/src/thruster_driver_plugin.cpp.o[0m
[2.177s] In file included from [01m[K/home/dorson/Documents/github/Doe/src/doe_simulation/src/thruster_driver_plugin.cpp:1[m[K:
[2.177s] [01m[K/home/dorson/Documents/github/Doe/src/doe_simulation/include/doe_simulation/thruster_driver_plugin.hpp:57:9:[m[K [01;31m[Kerror: [m[Kâ€˜[01m[Kevent[m[Kâ€™ does not name a type
[2.177s]    57 |         [01;31m[Kevent[m[K::ConnectionPtr updateConnection_;
[2.177s]       |         [01;31m[K^~~~~[m[K
[2.182s] [01m[K/home/dorson/Documents/github/Doe/src/doe_simulation/include/doe_simulation/thruster_driver_plugin.hpp:59:21:[m[K [01;31m[Kerror: [m[Kâ€˜[01m[Kphysics[m[Kâ€™ was not declared in this scope
[2.182s]    59 |         std::vector<[01;31m[Kphysics[m[K::LinkPtr> thruster;
[2.182s]       |                     [01;31m[K^~~~~~~[m[K
[2.182s] [01m[K/home/dorson/Documents/github/Doe/src/doe_simulation/include/doe_simulation/thruster_driver_plugin.hpp:59:37:[m[K [01;31m[Kerror: [m[Ktemplate argument 1 is invalid
[2.182s]    59 |         std::vector<physics::LinkPtr[01;31m[K>[m[K thruster;
[2.182s]       |                                     [01;31m[K^[m[K
[2.182s] [01m[K/home/dorson/Documents/github/Doe/src/doe_simulation/include/doe_simulation/thruster_driver_plugin.hpp:59:37:[m[K [01;31m[Kerror: [m[Ktemplate argument 2 is invalid
[2.183s] [01m[K/home/dorson/Documents/github/Doe/src/doe_simulation/src/thruster_driver_plugin.cpp:[m[K In member function â€˜[01m[Kvirtual void doe_simulation::ThrusterDriver::[01;32m[KConfigure[m[K(const gz::sim::v8::Entity&, const std::shared_ptr<const sdf::v14::Element>&, gz::sim::v8::EntityComponentManager&, gz::sim::v8::EventManager&)[m[Kâ€™:
[2.183s] [01m[K/home/dorson/Documents/github/Doe/src/doe_simulation/src/thruster_driver_plugin.cpp:18:57:[m[K [01;31m[Kerror: [m[Kpassing â€˜[01m[Kstd::__shared_ptr_access<const sdf::v14::Element, __gnu_cxx::_S_atomic, false, false>::element_type[m[Kâ€™ {aka â€˜[01m[Kconst sdf::v14::Element[m[Kâ€™} as â€˜[01m[Kthis[m[Kâ€™ argument discards qualifiers [[01;31m[K]8;;https://gcc.gnu.org/onlinedocs/gcc/Warning-Options.html#index-fpermissive-fpermissive]8;;[m[K]
[2.183s]    18 |         sdf::ElementPtr ros_namespace = [01;31m[K_sdf->GetElement("ros")[m[K;
[2.183s]       |                                         [01;31m[K~~~~~~~~~~~~~~~~^~~~~~~[m[K
[2.183s] In file included from [01m[K/opt/ros/jazzy/opt/sdformat_vendor/include/gz/sdformat14/sdf/CustomInertiaCalcProperties.hh:26[m[K,
[2.183s]                  from [01m[K/opt/ros/jazzy/opt/sdformat_vendor/include/gz/sdformat14/sdf/Mesh.hh:26[m[K,
[2.183s]                  from [01m[K/opt/ros/jazzy/opt/gz_sim_vendor/include/gz/sim8/gz/sim/Util.hh:29[m[K,
[2.183s]                  from [01m[K/home/dorson/Documents/github/Doe/src/doe_simulation/include/doe_simulation/thruster_driver_plugin.hpp:5[m[K:
[2.183s] [01m[K/opt/ros/jazzy/opt/sdformat_vendor/include/gz/sdformat14/sdf/Element.hh:645:24:[m[K [01;36m[Knote: [m[K  in call to â€˜[01m[Ksdf::v14::ElementPtr sdf::v14::Element::[01;32m[KGetElement[m[K(const std::string&)[m[Kâ€™
[2.184s]   645 |     public: ElementPtr [01;36m[KGetElement[m[K(const std::string &_name);
[2.184s]       |                        [01;36m[K^~~~~~~~~~[m[K
[2.184s] [01m[K/home/dorson/Documents/github/Doe/src/doe_simulation/src/thruster_driver_plugin.cpp:25:75:[m[K [01;31m[Kerror: [m[Kâ€˜[01m[K_1[m[Kâ€™ was not declared in this scope; did you mean â€˜[01m[Kstd::placeholders::_1[m[Kâ€™?
[2.184s]    25 |                     std::bind(&ThrusterDriver::GetForceCmd, this, [01;31m[K_1[m[K));
[2.184s]       |                                                                   [01;31m[K^~[m[K
[2.184s]       |                                                                   [32m[Kstd::placeholders::_1[m[K
[2.184s] In file included from [01m[K/usr/include/google/protobuf/map.h:41[m[K,
[2.184s]                  from [01m[K/usr/include/google/protobuf/message.h:126[m[K,
[2.185s]                  from [01m[K/opt/ros/jazzy/opt/gz_msgs_vendor/include/gz/msgs10/gz/msgs/details/serialized.pb.h:29[m[K,
[2.185s]                  from [01m[K/opt/ros/jazzy/opt/gz_msgs_vendor/include/gz/msgs10/gz/msgs/serialized.pb.h:12[m[K,
[2.185s]                  from [01m[K/opt/ros/jazzy/opt/gz_sim_vendor/include/gz/sim8/gz/sim/EntityComponentManager.hh:20[m[K,
[2.185s]                  from [01m[K/opt/ros/jazzy/opt/gz_sim_vendor/include/gz/sim8/gz/sim/Model.hh:27[m[K,
[2.185s]                  from [01m[K/home/dorson/Documents/github/Doe/src/doe_simulation/include/doe_simulation/thruster_driver_plugin.hpp:4[m[K:
[2.185s] [01m[K/usr/include/c++/13/functional:294:48:[m[K [01;36m[Knote: [m[Kâ€˜[01m[Kstd::placeholders::_1[m[Kâ€™ declared here
[2.185s]   294 |     _GLIBCXX_PLACEHOLDER const _Placeholder<1> [01;36m[K_1[m[K;
[2.185s]       |                                                [01;36m[K^~[m[K
[2.185s] In file included from [01m[K/opt/ros/jazzy/include/rclcpp/rclcpp/logging.hpp:24[m[K,
[2.185s]                  from [01m[K/opt/ros/jazzy/include/rclcpp/rclcpp/copy_all_parameter_values.hpp:27[m[K,
[2.185s]                  from [01m[K/opt/ros/jazzy/include/rclcpp/rclcpp/rclcpp.hpp:171[m[K,
[2.185s]                  from [01m[K/home/dorson/Documents/github/Doe/src/doe_simulation/include/doe_simulation/thruster_driver_plugin.hpp:9[m[K:
[2.186s] [01m[K/home/dorson/Documents/github/Doe/src/doe_simulation/src/thruster_driver_plugin.cpp:27:76:[m[K [01;31m[Kerror: [m[Kcannot convert â€˜[01m[Kstd::__cxx11::basic_string<char>[m[Kâ€™ to â€˜[01m[Kconst char*[m[Kâ€™
[2.186s]    27 | PP_INFO(node->get_logger(), [01;31m[K"Listening on " + this->topic_name + "\n"[m[K);
[2.186s]       |                             [01;31m[K~~~~~~~~~~~~~~~~~~~~~~~~~~~~~~~~~~~^~~~~~[m[K
[2.186s]       |                                                                [01;31m[K|[m[K
[2.186s]       |                                                                [01;31m[Kstd::__cxx11::basic_string<char>[m[K
[2.186s] 
[2.186s] In file included from [01m[K/opt/ros/jazzy/include/rmw/rmw/types.h:28[m[K,
[2.186s]                  from [01m[K/opt/ros/jazzy/include/rcl/rcl/types.h:20[m[K,
[2.186s]                  from [01m[K/opt/ros/jazzy/include/rclcpp/rclcpp/exceptions/exceptions.hpp:23[m[K,
[2.186s]                  from [01m[K/opt/ros/jazzy/include/rclcpp/rclcpp/exceptions.hpp:18[m[K,
[2.186s]                  from [01m[K/opt/ros/jazzy/include/rclcpp/rclcpp/parameter.hpp:25[m[K,
[2.186s]                  from [01m[K/opt/ros/jazzy/include/rclcpp/rclcpp/copy_all_parameter_values.hpp:25[m[K:
[2.187s] [01m[K/opt/ros/jazzy/include/rcutils/rcutils/logging.h:473:16:[m[K [01;36m[Knote: [m[K  initializing argument 4 of â€˜[01m[Kvoid[01;32m[K rcutils_log_internal[m[K(const rcutils_log_location_t*, int, const char*, const char*, ...)[m[Kâ€™
[2.187s]   473 |   [01;36m[Kconst char * format[m[K,
[2.187s]       |   [01;36m[K~~~~~~~~~~~~~^~~~~~[m[K
[2.188s] [01m[K/home/dorson/Documents/github/Doe/src/doe_simulation/src/thruster_driver_plugin.cpp:29:34:[m[K [01;31m[Kerror: [m[Kâ€˜[01m[K_model[m[Kâ€™ was not declared in this scope; did you mean â€˜[01m[Kmodfl[m[Kâ€™?
[2.189s]    29 |         std::string model_name = [01;31m[K_model[m[K->GetName();
[2.189s]       |                                  [01;31m[K^~~~~~[m[K
[2.189s]       |                                  [32m[Kmodfl[m[K
[2.189s] [01m[K/home/dorson/Documents/github/Doe/src/doe_simulation/src/thruster_driver_plugin.cpp:34:28:[m[K [01;31m[Kerror: [m[Krequest for member â€˜[01m[Kpush_back[m[Kâ€™ in â€˜[01m[K((doe_simulation::ThrusterDriver*)this)->doe_simulation::ThrusterDriver::thruster[m[Kâ€™, which is of non-class type â€˜[01m[Kint[m[Kâ€™
[2.189s]    34 |             this->thruster.[01;31m[Kpush_back[m[K(_model->GetLink(thruster_name));
[2.189s]       |                            [01;31m[K^~~~~~~~~[m[K
[2.189s] [01m[K/home/dorson/Documents/github/Doe/src/doe_simulation/src/thruster_driver_plugin.cpp:36:65:[m[K [01;31m[Kerror: [m[Kinvalid types â€˜[01m[Kint[unsigned int][m[Kâ€™ for array subscript
[2.189s]    36 |         RCLCPP_INFO(this->node->get_logger(), this->thruster[01;31m[K[[m[Ki-1]->GetName());
[2.189s]       |                                                             [01;31m[K^[m[K
[2.190s] 
[2.190s] [01m[K/home/dorson/Documents/github/Doe/src/doe_simulation/src/thruster_driver_plugin.cpp:39:15:[m[K [01;31m[Kerror: [m[Kâ€˜[01m[Kclass doe_simulation::ThrusterDriver[m[Kâ€™ has no member named â€˜[01m[KupdateConnection_[m[Kâ€™
[2.190s]    39 |         this->[01;31m[KupdateConnection_[m[K = event::Events::ConnectWorldUpdateBegin(
[2.190s]       |               [01;31m[K^~~~~~~~~~~~~~~~~[m[K
[2.190s] [01m[K/home/dorson/Documents/github/Doe/src/doe_simulation/src/thruster_driver_plugin.cpp:39:35:[m[K [01;31m[Kerror: [m[Kâ€˜[01m[Kevent[m[Kâ€™ has not been declared
[2.190s]    39 |         this->updateConnection_ = [01;31m[Kevent[m[K::Events::ConnectWorldUpdateBegin(
[2.190s]       |                                   [01;31m[K^~~~~[m[K
[2.192s] [01m[K/home/dorson/Documents/github/Doe/src/doe_simulation/src/thruster_driver_plugin.cpp:7:46:[m[K [01;35m[Kwarning: [m[Kunused parameter â€˜[01m[K_entity[m[Kâ€™ [[01;35m[K]8;;https://gcc.gnu.org/onlinedocs/gcc/Warning-Options.html#index-Wunused-parameter-Wunused-parameter]8;;[m[K]
[2.192s]     7 | void ThrusterDriver::Configure([01;35m[Kconst Entity &_entity[m[K, const std::shared_ptr<const sdf::Element> &_sdf, EntityComponentManager &_ecm, EventManager &_eventMgr) {
[2.192s]       |                                [01;35m[K~~~~~~~~~~~~~~^~~~~~~[m[K
[2.192s] [01m[K/home/dorson/Documents/github/Doe/src/doe_simulation/src/thruster_driver_plugin.cpp:7:128:[m[K [01;35m[Kwarning: [m[Kunused parameter â€˜[01m[K_ecm[m[Kâ€™ [[01;35m[K]8;;https://gcc.gnu.org/onlinedocs/gcc/Warning-Options.html#index-Wunused-parameter-Wunused-parameter]8;;[m[K]
[2.192s]     7 | ared_ptr<const sdf::Element> &_sdf, [01;35m[KEntityComponentManager &_ecm[m[K, EventManager &_eventMgr) {
[2.192s]       |                                     [01;35m[K~~~~~~~~~~~~~~~~~~~~~~~~^~~~[m[K
[2.192s] 
[2.192s] [01m[K/home/dorson/Documents/github/Doe/src/doe_simulation/src/thruster_driver_plugin.cpp:7:148:[m[K [01;35m[Kwarning: [m[Kunused parameter â€˜[01m[K_eventMgr[m[Kâ€™ [[01;35m[K]8;;https://gcc.gnu.org/onlinedocs/gcc/Warning-Options.html#index-Wunused-parameter-Wunused-parameter]8;;[m[K]
[2.192s]     7 | Element> &_sdf, EntityComponentManager &_ecm, [01;35m[KEventManager &_eventMgr[m[K) {
[2.193s]       |                                               [01;35m[K~~~~~~~~~~~~~~^~~~~~~~~[m[K
[2.193s] 
[2.193s] [01m[K/home/dorson/Documents/github/Doe/src/doe_simulation/src/thruster_driver_plugin.cpp:[m[K In member function â€˜[01m[Kvirtual void doe_simulation::ThrusterDriver::[01;32m[KUpdate[m[K(const gz::sim::v8::UpdateInfo&, gz::sim::v8::EntityComponentManager&)[m[Kâ€™:
[2.193s] [01m[K/home/dorson/Documents/github/Doe/src/doe_simulation/src/thruster_driver_plugin.cpp:47:34:[m[K [01;31m[Kerror: [m[Kâ€˜[01m[Kclass doe_simulation::ThrusterDriver[m[Kâ€™ has no member named â€˜[01m[KlinkEntity[m[Kâ€™
[2.193s]    47 |     std::cout << worldPose(this->[01;31m[KlinkEntity[m[K, _ecm) << std::endl;
[2.193s]       |                                  [01;31m[K^~~~~~~~~~[m[K
[2.193s] [01m[K/home/dorson/Documents/github/Doe/src/doe_simulation/src/thruster_driver_plugin.cpp:[m[K In member function â€˜[01m[Kvoid doe_simulation::ThrusterDriver::[01;32m[KApplyForce[m[K()[m[Kâ€™:
[2.194s] [01m[K/home/dorson/Documents/github/Doe/src/doe_simulation/src/thruster_driver_plugin.cpp:99:23:[m[K [01;31m[Kerror: [m[Kinvalid types â€˜[01m[Kint[unsigned int][m[Kâ€™ for array subscript
[2.194s]    99 |         this->thruster[01;31m[K[[m[Ki]->AddLinkForce(ignition::math::Vector3d(0, 0, this->thrust_values[i]));
[2.194s]       |                       [01;31m[K^[m[K
[2.194s] [01m[K/home/dorson/Documents/github/Doe/src/doe_simulation/src/thruster_driver_plugin.cpp:99:41:[m[K [01;31m[Kerror: [m[Kâ€˜[01m[Kignition[m[Kâ€™ has not been declared
[2.194s]    99 |         this->thruster[i]->AddLinkForce([01;31m[Kignition[m[K::math::Vector3d(0, 0, this->thrust_values[i]));
[2.194s]       |                                         [01;31m[K^~~~~~~~[m[K
[3.078s] gmake[2]: *** [CMakeFiles/thruster_driver_plugin.dir/build.make:76: CMakeFiles/thruster_driver_plugin.dir/src/thruster_driver_plugin.cpp.o] Error 1
[3.079s] gmake[1]: *** [CMakeFiles/Makefile2:137: CMakeFiles/thruster_driver_plugin.dir/all] Error 2
[3.079s] gmake: *** [Makefile:166: all] Error 2
[3.081s] Invoked command in '/home/dorson/Documents/github/Doe/src/doe_simulation/build/doe_simulation' returned '2': CMAKE_PREFIX_PATH=${CMAKE_PREFIX_PATH}:/opt/ros/jazzy DEBUGINFOD_URLS=https://debuginfod.ubuntu.com /usr/bin/cmake --build /home/dorson/Documents/github/Doe/src/doe_simulation/build/doe_simulation -- -j20 -l20
