[0.011s] Invoking command in '/home/dorson/Documents/github/Doe/src/doe_simulation/build/doe_simulation': CMAKE_PREFIX_PATH=${CMAKE_PREFIX_PATH}:/opt/ros/jazzy DEBUGINFOD_URLS=https://debuginfod.ubuntu.com /usr/bin/cmake --build /home/dorson/Documents/github/Doe/src/doe_simulation/build/doe_simulation -- -j20 -l20
[0.103s] [ 50%] [32mBuilding CXX object CMakeFiles/thruster_driver_plugin.dir/src/thruster_driver_plugin.cpp.o[0m
[2.315s] In file included from [01m[K/home/dorson/Documents/github/Doe/src/doe_simulation/src/thruster_driver_plugin.cpp:1[m[K:
[2.315s] [01m[K/home/dorson/Documents/github/Doe/src/doe_simulation/include/doe_simulation/thruster_driver_plugin.hpp:59:9:[m[K [01;31m[Kerror: [m[Kâ€˜[01m[Kgazebo[m[Kâ€™ does not name a type
[2.315s]    59 |         [01;31m[Kgazebo[m[K::event::ConnectionPtr updateConnection_;
[2.315s]       |         [01;31m[K^~~~~~[m[K
[2.320s] [01m[K/home/dorson/Documents/github/Doe/src/doe_simulation/include/doe_simulation/thruster_driver_plugin.hpp:61:21:[m[K [01;31m[Kerror: [m[Kâ€˜[01m[Kgazebo[m[Kâ€™ was not declared in this scope
[2.320s]    61 |         std::vector<[01;31m[Kgazebo[m[K::physics::LinkPtr> thruster;
[2.320s]       |                     [01;31m[K^~~~~~[m[K
[2.320s] [01m[K/home/dorson/Documents/github/Doe/src/doe_simulation/include/doe_simulation/thruster_driver_plugin.hpp:61:45:[m[K [01;31m[Kerror: [m[Ktemplate argument 1 is invalid
[2.320s]    61 |         std::vector<gazebo::physics::LinkPtr[01;31m[K>[m[K thruster;
[2.320s]       |                                             [01;31m[K^[m[K
[2.320s] [01m[K/home/dorson/Documents/github/Doe/src/doe_simulation/include/doe_simulation/thruster_driver_plugin.hpp:61:45:[m[K [01;31m[Kerror: [m[Ktemplate argument 2 is invalid
[2.326s] [01m[K/home/dorson/Documents/github/Doe/src/doe_simulation/src/thruster_driver_plugin.cpp:[m[K In member function â€˜[01m[Kvirtual void doe_simulation::ThrusterDriver::[01;32m[KUpdate[m[K(const gz::sim::v8::UpdateInfo&, gz::sim::v8::EntityComponentManager&)[m[Kâ€™:
[2.326s] [01m[K/home/dorson/Documents/github/Doe/src/doe_simulation/src/thruster_driver_plugin.cpp:26:13:[m[K [01;31m[Kerror: [m[Kâ€˜[01m[K_sdf[m[Kâ€™ was not declared in this scope; did you mean â€˜[01m[Ksdf[m[Kâ€™?
[2.326s]    26 |         if ([01;31m[K_sdf[m[K->HasElement("thruster_count"))
[2.326s]       |             [01;31m[K^~~~[m[K
[2.326s]       |             [32m[Ksdf[m[K
[2.326s] [01m[K/home/dorson/Documents/github/Doe/src/doe_simulation/src/thruster_driver_plugin.cpp:28:46:[m[K [01;31m[Kerror: [m[Kexpected primary-expression before â€˜[01m[Kunsigned[m[Kâ€™
[2.326s]    28 |             this->thruster_count = _sdf->Get<[01;31m[Kunsigned[m[K int>("thruster_count");
[2.326s]       |                                              [01;31m[K^~~~~~~~[m[K
[2.330s] [01m[K/home/dorson/Documents/github/Doe/src/doe_simulation/src/thruster_driver_plugin.cpp:36:41:[m[K [01;31m[Kerror: [m[Kâ€˜[01m[K_sdf[m[Kâ€™ was not declared in this scope; did you mean â€˜[01m[Ksdf[m[Kâ€™?
[2.330s]    36 |         sdf::ElementPtr ros_namespace = [01;31m[K_sdf[m[K->GetElement("ros");
[2.330s]       |                                         [01;31m[K^~~~[m[K
[2.330s]       |                                         [32m[Ksdf[m[K
[2.332s] [01m[K/home/dorson/Documents/github/Doe/src/doe_simulation/src/thruster_driver_plugin.cpp:43:75:[m[K [01;31m[Kerror: [m[Kâ€˜[01m[K_1[m[Kâ€™ was not declared in this scope; did you mean â€˜[01m[Kstd::placeholders::_1[m[Kâ€™?
[2.332s]    43 |                     std::bind(&ThrusterDriver::GetForceCmd, this, [01;31m[K_1[m[K));
[2.332s]       |                                                                   [01;31m[K^~[m[K
[2.332s]       |                                                                   [32m[Kstd::placeholders::_1[m[K
[2.332s] In file included from [01m[K/usr/include/google/protobuf/map.h:41[m[K,
[2.332s]                  from [01m[K/usr/include/google/protobuf/message.h:126[m[K,
[2.332s]                  from [01m[K/opt/ros/jazzy/opt/gz_msgs_vendor/include/gz/msgs10/gz/msgs/details/serialized.pb.h:29[m[K,
[2.332s]                  from [01m[K/opt/ros/jazzy/opt/gz_msgs_vendor/include/gz/msgs10/gz/msgs/serialized.pb.h:12[m[K,
[2.332s]                  from [01m[K/opt/ros/jazzy/opt/gz_sim_vendor/include/gz/sim8/gz/sim/EntityComponentManager.hh:20[m[K,
[2.332s]                  from [01m[K/opt/ros/jazzy/opt/gz_sim_vendor/include/gz/sim8/gz/sim/Model.hh:27[m[K,
[2.332s]                  from [01m[K/home/dorson/Documents/github/Doe/src/doe_simulation/include/doe_simulation/thruster_driver_plugin.hpp:4[m[K:
[2.332s] [01m[K/usr/include/c++/13/functional:294:48:[m[K [01;36m[Knote: [m[Kâ€˜[01m[Kstd::placeholders::_1[m[Kâ€™ declared here
[2.332s]   294 |     _GLIBCXX_PLACEHOLDER const _Placeholder<1> [01;36m[K_1[m[K;
[2.333s]       |                                                [01;36m[K^~[m[K
[2.333s] In file included from [01m[K/opt/ros/jazzy/include/rclcpp/rclcpp/logging.hpp:24[m[K,
[2.333s]                  from [01m[K/opt/ros/jazzy/include/rclcpp/rclcpp/copy_all_parameter_values.hpp:27[m[K,
[2.333s]                  from [01m[K/opt/ros/jazzy/include/rclcpp/rclcpp/rclcpp.hpp:171[m[K,
[2.333s]                  from [01m[K/home/dorson/Documents/github/Doe/src/doe_simulation/include/doe_simulation/thruster_driver_plugin.hpp:9[m[K:
[2.333s] [01m[K/home/dorson/Documents/github/Doe/src/doe_simulation/src/thruster_driver_plugin.cpp:45:76:[m[K [01;31m[Kerror: [m[Kcannot convert â€˜[01m[Kstd::__cxx11::basic_string<char>[m[Kâ€™ to â€˜[01m[Kconst char*[m[Kâ€™
[2.333s]    45 | PP_INFO(node->get_logger(), [01;31m[K"Listening on " + this->topic_name + "\n"[m[K);
[2.333s]       |                             [01;31m[K~~~~~~~~~~~~~~~~~~~~~~~~~~~~~~~~~~~^~~~~~[m[K
[2.333s]       |                                                                [01;31m[K|[m[K
[2.333s]       |                                                                [01;31m[Kstd::__cxx11::basic_string<char>[m[K
[2.333s] 
[2.333s] In file included from [01m[K/opt/ros/jazzy/include/rmw/rmw/types.h:28[m[K,
[2.333s]                  from [01m[K/opt/ros/jazzy/include/rcl/rcl/types.h:20[m[K,
[2.333s]                  from [01m[K/opt/ros/jazzy/include/rclcpp/rclcpp/exceptions/exceptions.hpp:23[m[K,
[2.333s]                  from [01m[K/opt/ros/jazzy/include/rclcpp/rclcpp/exceptions.hpp:18[m[K,
[2.333s]                  from [01m[K/opt/ros/jazzy/include/rclcpp/rclcpp/parameter.hpp:25[m[K,
[2.333s]                  from [01m[K/opt/ros/jazzy/include/rclcpp/rclcpp/copy_all_parameter_values.hpp:25[m[K:
[2.333s] [01m[K/opt/ros/jazzy/include/rcutils/rcutils/logging.h:473:16:[m[K [01;36m[Knote: [m[K  initializing argument 4 of â€˜[01m[Kvoid[01;32m[K rcutils_log_internal[m[K(const rcutils_log_location_t*, int, const char*, const char*, ...)[m[Kâ€™
[2.333s]   473 |   [01;36m[Kconst char * format[m[K,
[2.333s]       |   [01;36m[K~~~~~~~~~~~~~^~~~~~[m[K
[2.337s] [01m[K/home/dorson/Documents/github/Doe/src/doe_simulation/src/thruster_driver_plugin.cpp:47:34:[m[K [01;31m[Kerror: [m[Kâ€˜[01m[K_model[m[Kâ€™ was not declared in this scope; did you mean â€˜[01m[Kmodfl[m[Kâ€™?
[2.337s]    47 |         std::string model_name = [01;31m[K_model[m[K->GetName();
[2.337s]       |                                  [01;31m[K^~~~~~[m[K
[2.337s]       |                                  [32m[Kmodfl[m[K
[2.337s] [01m[K/home/dorson/Documents/github/Doe/src/doe_simulation/src/thruster_driver_plugin.cpp:52:28:[m[K [01;31m[Kerror: [m[Krequest for member â€˜[01m[Kpush_back[m[Kâ€™ in â€˜[01m[K((doe_simulation::ThrusterDriver*)this)->doe_simulation::ThrusterDriver::thruster[m[Kâ€™, which is of non-class type â€˜[01m[Kint[m[Kâ€™
[2.337s]    52 |             this->thruster.[01;31m[Kpush_back[m[K(_model->GetLink(thruster_name));
[2.337s]       |                            [01;31m[K^~~~~~~~~[m[K
[2.337s] [01m[K/home/dorson/Documents/github/Doe/src/doe_simulation/src/thruster_driver_plugin.cpp:54:65:[m[K [01;31m[Kerror: [m[Kinvalid types â€˜[01m[Kint[unsigned int][m[Kâ€™ for array subscript
[2.338s]    54 |         RCLCPP_INFO(this->node->get_logger(), this->thruster[01;31m[K[[m[Ki-1]->GetName());
[2.338s]       |                                                             [01;31m[K^[m[K
[2.338s] 
[2.338s] [01m[K/home/dorson/Documents/github/Doe/src/doe_simulation/src/thruster_driver_plugin.cpp:57:15:[m[K [01;31m[Kerror: [m[Kâ€˜[01m[Kclass doe_simulation::ThrusterDriver[m[Kâ€™ has no member named â€˜[01m[KupdateConnection_[m[Kâ€™
[2.338s]    57 |         this->[01;31m[KupdateConnection_[m[K = gazebo::event::Events::ConnectWorldUpdateBegin(
[2.338s]       |               [01;31m[K^~~~~~~~~~~~~~~~~[m[K
[2.338s] [01m[K/home/dorson/Documents/github/Doe/src/doe_simulation/src/thruster_driver_plugin.cpp:57:35:[m[K [01;31m[Kerror: [m[Kâ€˜[01m[Kgazebo[m[Kâ€™ has not been declared
[2.338s]    57 |         this->updateConnection_ = [01;31m[Kgazebo[m[K::event::Events::ConnectWorldUpdateBegin(
[2.338s]       |                                   [01;31m[K^~~~~~[m[K
[2.341s] [01m[K/home/dorson/Documents/github/Doe/src/doe_simulation/src/thruster_driver_plugin.cpp:20:47:[m[K [01;35m[Kwarning: [m[Kunused parameter â€˜[01m[K_info[m[Kâ€™ [[01;35m[K]8;;https://gcc.gnu.org/onlinedocs/gcc/Warning-Options.html#index-Wunused-parameter-Wunused-parameter]8;;[m[K]
[2.341s]    20 | void ThrusterDriver::Update([01;35m[Kconst UpdateInfo &_info[m[K, EntityComponentManager &_ecm) {
[2.341s]       |                             [01;35m[K~~~~~~~~~~~~~~~~~~^~~~~[m[K
[2.341s] [01m[K/home/dorson/Documents/github/Doe/src/doe_simulation/src/thruster_driver_plugin.cpp:20:78:[m[K [01;35m[Kwarning: [m[Kunused parameter â€˜[01m[K_ecm[m[Kâ€™ [[01;35m[K]8;;https://gcc.gnu.org/onlinedocs/gcc/Warning-Options.html#index-Wunused-parameter-Wunused-parameter]8;;[m[K]
[2.341s]    20 | Driver::Update(const UpdateInfo &_info, [01;35m[KEntityComponentManager &_ecm[m[K) {
[2.341s]       |                                         [01;35m[K~~~~~~~~~~~~~~~~~~~~~~~~^~~~[m[K
[2.341s] 
[2.342s] [01m[K/home/dorson/Documents/github/Doe/src/doe_simulation/src/thruster_driver_plugin.cpp:[m[K In member function â€˜[01m[Kvoid doe_simulation::ThrusterDriver::[01;32m[KApplyForce[m[K()[m[Kâ€™:
[2.342s] [01m[K/home/dorson/Documents/github/Doe/src/doe_simulation/src/thruster_driver_plugin.cpp:88:23:[m[K [01;31m[Kerror: [m[Kinvalid types â€˜[01m[Kint[unsigned int][m[Kâ€™ for array subscript
[2.342s]    88 |         this->thruster[01;31m[K[[m[Ki]->AddLinkForce(ignition::math::Vector3d(0, 0, this->thrust_values[i]));
[2.342s]       |                       [01;31m[K^[m[K
[2.342s] [01m[K/home/dorson/Documents/github/Doe/src/doe_simulation/src/thruster_driver_plugin.cpp:88:41:[m[K [01;31m[Kerror: [m[Kâ€˜[01m[Kignition[m[Kâ€™ has not been declared
[2.342s]    88 |         this->thruster[i]->AddLinkForce([01;31m[Kignition[m[K::math::Vector3d(0, 0, this->thrust_values[i]));
[2.343s]       |                                         [01;31m[K^~~~~~~~[m[K
[3.300s] gmake[2]: *** [CMakeFiles/thruster_driver_plugin.dir/build.make:76: CMakeFiles/thruster_driver_plugin.dir/src/thruster_driver_plugin.cpp.o] Error 1
[3.300s] gmake[1]: *** [CMakeFiles/Makefile2:137: CMakeFiles/thruster_driver_plugin.dir/all] Error 2
[3.300s] gmake: *** [Makefile:166: all] Error 2
[3.302s] Invoked command in '/home/dorson/Documents/github/Doe/src/doe_simulation/build/doe_simulation' returned '2': CMAKE_PREFIX_PATH=${CMAKE_PREFIX_PATH}:/opt/ros/jazzy DEBUGINFOD_URLS=https://debuginfod.ubuntu.com /usr/bin/cmake --build /home/dorson/Documents/github/Doe/src/doe_simulation/build/doe_simulation -- -j20 -l20
