[ 50%] [32mBuilding CXX object CMakeFiles/thruster_driver_plugin.dir/src/thruster_driver_plugin.cpp.o[0m
[01m[K/home/dorson/Documents/github/Doe/src/doe_simulation/src/thruster_driver_plugin.cpp:[m[K In member function â€˜[01m[Kvirtual void doe_simulation::ThrusterDriver::[01;32m[KUpdate[m[K(const gz::sim::v8::UpdateInfo&, gz::sim::v8::EntityComponentManager&)[m[Kâ€™:
[01m[K/home/dorson/Documents/github/Doe/src/doe_simulation/src/thruster_driver_plugin.cpp:59:28:[m[K [01;31m[Kerror: [m[Kâ€˜[01m[Kthruster[m[Kâ€™ was not declared in this scope; did you mean â€˜[01m[Kthrusters[m[Kâ€™?
   59 |         Link thrust = Link([01;31m[Kthruster[m[K[i]);
      |                            [01;31m[K^~~~~~~~[m[K
      |                            [32m[Kthrusters[m[K
gmake[2]: *** [CMakeFiles/thruster_driver_plugin.dir/build.make:76: CMakeFiles/thruster_driver_plugin.dir/src/thruster_driver_plugin.cpp.o] Error 1
gmake[1]: *** [CMakeFiles/Makefile2:137: CMakeFiles/thruster_driver_plugin.dir/all] Error 2
gmake: *** [Makefile:166: all] Error 2
