[01m[K/home/dorson/Documents/github/Doe/src/doe_simulation/src/thruster_driver_plugin.cpp:[m[K In member function â€˜[01m[Kvirtual void doe_simulation::ThrusterDriver::[01;32m[KConfigure[m[K(const gz::sim::v8::Entity&, const std::shared_ptr<const sdf::v14::Element>&, gz::sim::v8::EntityComponentManager&, gz::sim::v8::EventManager&)[m[Kâ€™:
[01m[K/home/dorson/Documents/github/Doe/src/doe_simulation/src/thruster_driver_plugin.cpp:38:37:[m[K [01;31m[Kerror: [m[Kâ€˜[01m[Kclass gz::sim::v8::Model[m[Kâ€™ has no member named â€˜[01m[KGetName[m[Kâ€™; did you mean â€˜[01m[KName[m[Kâ€™?
   38 |     std::string model_name = _model.[01;31m[KGetName[m[K(); // this is being pissy
      |                                     [01;31m[K^~~~~~~[m[K
      |                                     [32m[KName[m[K
[01m[K/home/dorson/Documents/github/Doe/src/doe_simulation/src/thruster_driver_plugin.cpp:43:15:[m[K [01;31m[Kerror: [m[Kâ€˜[01m[Kclass doe_simulation::ThrusterDriver[m[Kâ€™ has no member named â€˜[01m[Kthruster[m[Kâ€™
   43 |         this->[01;31m[Kthruster[m[K.push_back(_model->GetLink(thruster_name));
      |               [01;31m[K^~~~~~~~[m[K
[01m[K/home/dorson/Documents/github/Doe/src/doe_simulation/src/thruster_driver_plugin.cpp:43:40:[m[K [01;31m[Kerror: [m[Kbase operand of â€˜[01m[K->[m[Kâ€™ has non-pointer type â€˜[01m[Kgz::sim::v8::Model[m[Kâ€™
   43 |         this->thruster.push_back(_model[01;31m[K->[m[KGetLink(thruster_name));
      |                                        [01;31m[K^~[m[K
In file included from [01m[K/opt/ros/jazzy/include/rclcpp/rclcpp/logging.hpp:24[m[K,
                 from [01m[K/opt/ros/jazzy/include/rclcpp/rclcpp/copy_all_parameter_values.hpp:27[m[K,
                 from [01m[K/opt/ros/jazzy/include/rclcpp/rclcpp/rclcpp.hpp:171[m[K,
                 from [01m[K/home/dorson/Documents/github/Doe/src/doe_simulation/include/doe_simulation/thruster_driver_plugin.hpp:9[m[K,
                 from [01m[K/home/dorson/Documents/github/Doe/src/doe_simulation/src/thruster_driver_plugin.cpp:1[m[K:
[01m[K/home/dorson/Documents/github/Doe/src/doe_simulation/src/thruster_driver_plugin.cpp:45:53:[m[K [01;31m[Kerror: [m[Kâ€˜[01m[Kclass doe_simulation::ThrusterDriver[m[Kâ€™ has no member named â€˜[01m[Kthruster[m[Kâ€™
   45 |         RCLCPP_INFO(this->node->get_logger(), this->[01;31m[Kthruster[m[K[i-1]->GetName());
      |                                                     [01;31m[K^~~~~~~~[m[K
gmake[2]: *** [CMakeFiles/thruster_driver_plugin.dir/build.make:76: CMakeFiles/thruster_driver_plugin.dir/src/thruster_driver_plugin.cpp.o] Error 1
gmake[1]: *** [CMakeFiles/Makefile2:137: CMakeFiles/thruster_driver_plugin.dir/all] Error 2
gmake: *** [Makefile:166: all] Error 2
