[0.027s] Invoking command in '/home/dorson/Documents/github/Doe/src/doe_simulation/build/doe_simulation': CMAKE_PREFIX_PATH=${CMAKE_PREFIX_PATH}:/opt/ros/jazzy DEBUGINFOD_URLS=https://debuginfod.ubuntu.com /usr/bin/cmake --build /home/dorson/Documents/github/Doe/src/doe_simulation/build/doe_simulation -- -j20 -l20
[0.158s] [ 50%] [32mBuilding CXX object CMakeFiles/thruster_driver_plugin.dir/src/thruster_driver_plugin.cpp.o[0m
[4.906s] [01m[K/home/dorson/Documents/github/Doe/src/doe_simulation/src/thruster_driver_plugin.cpp:[m[K In member function â€˜[01m[Kvirtual void doe_simulation::ThrusterDriver::[01;32m[KConfigure[m[K(const gz::sim::v8::Entity&, const std::shared_ptr<const sdf::v14::Element>&, gz::sim::v8::EntityComponentManager&, gz::sim::v8::EventManager&)[m[Kâ€™:
[4.906s] [01m[K/home/dorson/Documents/github/Doe/src/doe_simulation/src/thruster_driver_plugin.cpp:53:34:[m[K [01;31m[Kerror: [m[Kno matching function for call to â€˜[01m[Kgz::sim::v8::Model::Models()[m[Kâ€™
[4.906s]    53 |         thrusters = [01;31m[K_model.Models()[m[K
[4.906s]       |                     [01;31m[K~~~~~~~~~~~~~^~[m[K
[4.906s] In file included from [01m[K/home/dorson/Documents/github/Doe/src/doe_simulation/include/doe_simulation/thruster_driver_plugin.hpp:4[m[K,
[4.906s]                  from [01m[K/home/dorson/Documents/github/Doe/src/doe_simulation/src/thruster_driver_plugin.cpp:1[m[K:
[4.906s] [01m[K/opt/ros/jazzy/opt/gz_sim_vendor/include/gz/sim8/gz/sim/Model.hh:163:40:[m[K [01;36m[Knote: [m[Kcandidate: â€˜[01m[Kstd::vector<long unsigned int> gz::sim::v8::Model::[01;32m[KModels[m[K(const gz::sim::v8::EntityComponentManager&) const[m[Kâ€™
[4.907s]   163 |       public: std::vector<sim::Entity> [01;36m[KModels[m[K(
[4.907s]       |                                        [01;36m[K^~~~~~[m[K
[4.907s] [01m[K/opt/ros/jazzy/opt/gz_sim_vendor/include/gz/sim8/gz/sim/Model.hh:163:40:[m[K [01;36m[Knote: [m[K  candidate expects 1 argument, 0 provided
[4.907s] [01m[K/home/dorson/Documents/github/Doe/src/doe_simulation/src/thruster_driver_plugin.cpp:[m[K In member function â€˜[01m[Kvirtual void doe_simulation::ThrusterDriver::[01;32m[KPreUpdate[m[K(const gz::sim::v8::UpdateInfo&, gz::sim::v8::EntityComponentManager&)[m[Kâ€™:
[4.907s] [01m[K/home/dorson/Documents/github/Doe/src/doe_simulation/src/thruster_driver_plugin.cpp:64:42:[m[K [01;31m[Kerror: [m[Krequest for member â€˜[01m[KLinkByName[m[Kâ€™ in â€˜[01m[K((doe_simulation::ThrusterDriver*)this)->doe_simulation::ThrusterDriver::thrusters.std::vector<long unsigned int>::operator[](((std::vector<long unsigned int>::size_type)i))[m[Kâ€™, which is of non-class type â€˜[01m[K__gnu_cxx::__alloc_traits<std::allocator<long unsigned int>, long unsigned int>::value_type[m[Kâ€™ {aka â€˜[01m[Klong unsigned int[m[Kâ€™}
[4.907s]    64 |             Link thruster = thrusters[i].[01;31m[KLinkByName[m[K(_ecm, "thruster");
[4.907s]       |                                          [01;31m[K^~~~~~~~~~[m[K
[8.414s] gmake[2]: *** [CMakeFiles/thruster_driver_plugin.dir/build.make:76: CMakeFiles/thruster_driver_plugin.dir/src/thruster_driver_plugin.cpp.o] Error 1
[8.414s] gmake[1]: *** [CMakeFiles/Makefile2:137: CMakeFiles/thruster_driver_plugin.dir/all] Error 2
[8.414s] gmake: *** [Makefile:166: all] Error 2
[8.418s] Invoked command in '/home/dorson/Documents/github/Doe/src/doe_simulation/build/doe_simulation' returned '2': CMAKE_PREFIX_PATH=${CMAKE_PREFIX_PATH}:/opt/ros/jazzy DEBUGINFOD_URLS=https://debuginfod.ubuntu.com /usr/bin/cmake --build /home/dorson/Documents/github/Doe/src/doe_simulation/build/doe_simulation -- -j20 -l20
