[0.009s] Invoking command in '/home/dorson/Documents/github/Doe/src/doe_simulation/build/doe_simulation': CMAKE_PREFIX_PATH=${CMAKE_PREFIX_PATH}:/opt/ros/jazzy DEBUGINFOD_URLS=https://debuginfod.ubuntu.com /usr/bin/cmake --build /home/dorson/Documents/github/Doe/src/doe_simulation/build/doe_simulation -- -j20 -l20
[0.082s] [ 50%] [32mBuilding CXX object CMakeFiles/thruster_driver_plugin.dir/src/thruster_driver_plugin.cpp.o[0m
[2.137s] [01m[K/home/dorson/Documents/github/Doe/src/doe_simulation/src/thruster_driver_plugin.cpp:[m[K In member function â€˜[01m[Kvoid doe_simulation::ThrusterDriver::[01;32m[KGetRosNamespace[m[K(const std::shared_ptr<const sdf::v14::Element>&)[m[Kâ€™:
[2.137s] [01m[K/home/dorson/Documents/github/Doe/src/doe_simulation/src/thruster_driver_plugin.cpp:37:22:[m[K [01;31m[Kerror: [m[Kâ€˜[01m[Kros_sdf[m[Kâ€™ was not declared in this scope
[2.137s]    37 |         _namespace = [01;31m[Kros_sdf[m[K->Get<std::string>("namespace");
[2.137s]       |                      [01;31m[K^~~~~~~[m[K
[2.137s] [01m[K/home/dorson/Documents/github/Doe/src/doe_simulation/src/thruster_driver_plugin.cpp:37:46:[m[K [01;31m[Kerror: [m[Kexpected primary-expression before â€˜[01m[K>[m[Kâ€™ token
[2.137s]    37 |         _namespace = ros_sdf->Get<std::string[01;31m[K>[m[K("namespace");
[2.137s]       |                                              [01;31m[K^[m[K
[2.141s] [01m[K/home/dorson/Documents/github/Doe/src/doe_simulation/src/thruster_driver_plugin.cpp:46:17:[m[K [01;31m[Kerror: [m[Kâ€˜[01m[Kros_sdf[m[Kâ€™ was not declared in this scope
[2.141s]    46 |         topic = [01;31m[Kros_sdf[m[K->Get<std::string>("remapping");
[2.141s]       |                 [01;31m[K^~~~~~~[m[K
[2.141s] [01m[K/home/dorson/Documents/github/Doe/src/doe_simulation/src/thruster_driver_plugin.cpp:46:41:[m[K [01;31m[Kerror: [m[Kexpected primary-expression before â€˜[01m[K>[m[Kâ€™ token
[2.141s]    46 |         topic = ros_sdf->Get<std::string[01;31m[K>[m[K("remapping");
[2.141s]       |                                         [01;31m[K^[m[K
[3.003s] gmake[2]: *** [CMakeFiles/thruster_driver_plugin.dir/build.make:76: CMakeFiles/thruster_driver_plugin.dir/src/thruster_driver_plugin.cpp.o] Error 1
[3.003s] gmake[1]: *** [CMakeFiles/Makefile2:137: CMakeFiles/thruster_driver_plugin.dir/all] Error 2
[3.003s] gmake: *** [Makefile:166: all] Error 2
[3.006s] Invoked command in '/home/dorson/Documents/github/Doe/src/doe_simulation/build/doe_simulation' returned '2': CMAKE_PREFIX_PATH=${CMAKE_PREFIX_PATH}:/opt/ros/jazzy DEBUGINFOD_URLS=https://debuginfod.ubuntu.com /usr/bin/cmake --build /home/dorson/Documents/github/Doe/src/doe_simulation/build/doe_simulation -- -j20 -l20
