[ 50%] [32mBuilding CXX object CMakeFiles/thruster_driver_plugin.dir/src/thruster_driver_plugin.cpp.o[0m
[01m[K/home/dorson/Documents/github/Doe/src/doe_simulation/src/thruster_driver_plugin.cpp:[m[K In member function â€˜[01m[Kvirtual void doe_simulation::ThrusterDriver::[01;32m[KPreUpdate[m[K(const gz::sim::v8::UpdateInfo&, gz::sim::v8::EntityComponentManager&)[m[Kâ€™:
[01m[K/home/dorson/Documents/github/Doe/src/doe_simulation/src/thruster_driver_plugin.cpp:62:57:[m[K [01;31m[Kerror: [m[Krequest for member â€˜[01m[KName[m[Kâ€™ in â€˜[01m[Kthruster.gz::sim::v8::Link::Entity()[m[Kâ€™, which is of non-class type â€˜[01m[Kgz::sim::v8::Entity[m[Kâ€™ {aka â€˜[01m[Klong unsigned int[m[Kâ€™}
   62 |             std::cout<<std::to_string(thruster.Entity().[01;31m[KName[m[K(_ecm))<<std::endl;
      |                                                         [01;31m[K^~~~[m[K
gmake[2]: *** [CMakeFiles/thruster_driver_plugin.dir/build.make:76: CMakeFiles/thruster_driver_plugin.dir/src/thruster_driver_plugin.cpp.o] Error 1
gmake[1]: *** [CMakeFiles/Makefile2:137: CMakeFiles/thruster_driver_plugin.dir/all] Error 2
gmake: *** [Makefile:166: all] Error 2
