[ 50%] [32mBuilding CXX object CMakeFiles/thruster_driver_plugin.dir/src/thruster_driver_plugin.cpp.o[0m
[01m[K/home/dorson/Documents/github/Doe/src/doe_simulation/src/thruster_driver_plugin.cpp:5:31:[m[K [01;31m[Kerror: [m[Kexpected â€˜[01m[K;[m[Kâ€™ before â€˜[01m[Kvoid[m[Kâ€™
    5 | using namespace doe_simulation
      |                               [01;31m[K^[m[K
      |                               [32m[K;[m[K
    6 | 
    7 | [32m[Kvoid[m[K ThrusterDriver::Configure(const Entity &_entity,
      | [32m[K~~~~[m[K                           
[01m[K/home/dorson/Documents/github/Doe/src/doe_simulation/src/thruster_driver_plugin.cpp:10:38:[m[K [01;31m[Kerror: [m[Kvirt-specifiers in â€˜[01m[KConfigure[m[Kâ€™ not allowed outside a class definition
   10 |             EventManager &_eventMgr) [01;31m[Koverride[m[K;
      |                                      [01;31m[K^~~~~~~~[m[K
[01m[K/home/dorson/Documents/github/Doe/src/doe_simulation/src/thruster_driver_plugin.cpp:7:6:[m[K [01;31m[Kerror: [m[Kdeclaration of â€˜[01m[Kvirtual void doe_simulation::ThrusterDriver::[01;32m[KConfigure[m[K(const gz::sim::v8::Entity&, const std::shared_ptr<const sdf::v14::Element>&, gz::sim::v8::EntityComponentManager&, gz::sim::v8::EventManager&)[m[Kâ€™ outside of class is not definition [[01;31m[K]8;;https://gcc.gnu.org/onlinedocs/gcc/Warning-Options.html#index-fpermissive-fpermissive]8;;[m[K]
    7 | void [01;31m[KThrusterDriver[m[K::Configure(const Entity &_entity,
      |      [01;31m[K^~~~~~~~~~~~~~[m[K
[01m[K/home/dorson/Documents/github/Doe/src/doe_simulation/src/thruster_driver_plugin.cpp:13:43:[m[K [01;31m[Kerror: [m[Kvirt-specifiers in â€˜[01m[KUpdate[m[Kâ€™ not allowed outside a class definition
   13 |             EntityComponentManager &_ecm) [01;31m[Koverride[m[K;
      |                                           [01;31m[K^~~~~~~~[m[K
[01m[K/home/dorson/Documents/github/Doe/src/doe_simulation/src/thruster_driver_plugin.cpp:12:6:[m[K [01;31m[Kerror: [m[Kdeclaration of â€˜[01m[Kvirtual void doe_simulation::ThrusterDriver::[01;32m[KUpdate[m[K(const gz::sim::v8::UpdateInfo&, gz::sim::v8::EntityComponentManager&)[m[Kâ€™ outside of class is not definition [[01;31m[K]8;;https://gcc.gnu.org/onlinedocs/gcc/Warning-Options.html#index-fpermissive-fpermissive]8;;[m[K]
   12 | void [01;31m[KThrusterDriver[m[K::Update(const UpdateInfo &_info,
      |      [01;31m[K^~~~~~~~~~~~~~[m[K
In file included from [01m[K/opt/ros/jazzy/opt/gz_plugin_vendor/include/gz/plugin2/gz/plugin/Register.hh:22[m[K,
                 from [01m[K/home/dorson/Documents/github/Doe/src/doe_simulation/include/doe_simulation/thruster_driver_plugin.hpp:7[m[K,
                 from [01m[K/home/dorson/Documents/github/Doe/src/doe_simulation/src/thruster_driver_plugin.cpp:1[m[K:
[01m[K/home/dorson/Documents/github/Doe/src/doe_simulation/src/thruster_driver_plugin.cpp:[m[K In constructor â€˜[01m[Kgz::plugin::{anonymous}::ExecuteWhenLoadingLibrary0::[01;32m[KExecuteWhenLoadingLibrary0[m[K()[m[Kâ€™:
[01m[K/home/dorson/Documents/github/Doe/src/doe_simulation/src/thruster_driver_plugin.cpp:15:1:[m[K [01;31m[Kerror: [m[Ktemplate argument 2 is invalid
   15 | [01;31m[KGZ_ADD_PLUGIN[m[K(doe_simulation::ThrusterDriver)
      | [01;31m[K^~~~~~~~~~~~~[m[K
[01m[K/home/dorson/Documents/github/Doe/src/doe_simulation/src/thruster_driver_plugin.cpp:15:1:[m[K [01;31m[Kerror: [m[Kqualified-id in declaration before â€˜[01m[K([m[Kâ€™ token
   15 | [01;31m[KGZ_ADD_PLUGIN[m[K(doe_simulation::ThrusterDriver)
      | [01;31m[K^~~~~~~~~~~~~[m[K
gmake[2]: *** [CMakeFiles/thruster_driver_plugin.dir/build.make:76: CMakeFiles/thruster_driver_plugin.dir/src/thruster_driver_plugin.cpp.o] Error 1
gmake[1]: *** [CMakeFiles/Makefile2:137: CMakeFiles/thruster_driver_plugin.dir/all] Error 2
gmake: *** [Makefile:166: all] Error 2
