In file included from [01m[K/opt/ros/jazzy/include/rclcpp/rclcpp/copy_all_parameter_values.hpp:27[m[K,
                 from [01m[K/opt/ros/jazzy/include/rclcpp/rclcpp/rclcpp.hpp:171[m[K,
                 from [01m[K/home/dorson/Documents/github/Doe/src/doe_control/include/doe_control/thrust_publisher.hpp:9[m[K,
                 from [01m[K/home/dorson/Documents/github/Doe/src/doe_control/src/thrust_publisher.cpp:1[m[K:
[01m[K/home/dorson/Documents/github/Doe/src/doe_control/src/thrust_publisher.cpp:[m[K In function â€˜[01m[Kint[01;32m[K main[m[K(int, char**)[m[Kâ€™:
[01m[K/home/dorson/Documents/github/Doe/src/doe_control/src/thrust_publisher.cpp:177:17:[m[K [01;31m[Kerror: [m[Kinvalid use of â€˜[01m[Kthis[m[Kâ€™ in non-member function
  177 |     RCLCPP_INFO([01;31m[Kthis[m[K->get_logger(), e.what());
      |                 [01;31m[K^~~~[m[K
[01m[K/home/dorson/Documents/github/Doe/src/doe_control/src/thrust_publisher.cpp:177:17:[m[K [01;31m[Kerror: [m[Kinvalid use of â€˜[01m[Kthis[m[Kâ€™ in non-member function
[01m[K/home/dorson/Documents/github/Doe/src/doe_control/src/thrust_publisher.cpp:177:5:[m[K [01;31m[Kerror: [m[Ktemplate argument 1 is invalid
  177 |     [01;31m[KRCLCPP_INFO[m[K(this->get_logger(), e.what());
      |     [01;31m[K^~~~~~~~~~~[m[K
[01m[K/home/dorson/Documents/github/Doe/src/doe_control/src/thrust_publisher.cpp:177:5:[m[K [01;31m[Kerror: [m[Ktemplate argument 1 is invalid
  177 |     [01;31m[KRCLCPP_INFO[m[K(this->get_logger(), e.what());
      |     [01;31m[K^~~~~~~~~~~[m[K
[01m[K/home/dorson/Documents/github/Doe/src/doe_control/src/thrust_publisher.cpp:177:5:[m[K [01;31m[Kerror: [m[Ktemplate argument 1 is invalid
  177 |     [01;31m[KRCLCPP_INFO[m[K(this->get_logger(), e.what());
      |     [01;31m[K^~~~~~~~~~~[m[K
In file included from [01m[K/opt/ros/jazzy/include/rclcpp/rclcpp/logging.hpp:24[m[K:
[01m[K/home/dorson/Documents/github/Doe/src/doe_control/src/thrust_publisher.cpp:177:17:[m[K [01;31m[Kerror: [m[Kinvalid use of â€˜[01m[Kthis[m[Kâ€™ in non-member function
  177 |     RCLCPP_INFO([01;31m[Kthis[m[K->get_logger(), e.what());
      |                 [01;31m[K^~~~[m[K
[01m[K/home/dorson/Documents/github/Doe/src/doe_control/src/thrust_publisher.cpp:177:17:[m[K [01;31m[Kerror: [m[Kinvalid use of â€˜[01m[Kthis[m[Kâ€™ in non-member function
  177 |     RCLCPP_INFO([01;31m[Kthis[m[K->get_logger(), e.what());
      |                 [01;31m[K^~~~[m[K
gmake[2]: *** [CMakeFiles/thrust_publisher.dir/build.make:76: CMakeFiles/thrust_publisher.dir/src/thrust_publisher.cpp.o] Error 1
gmake[1]: *** [CMakeFiles/Makefile2:137: CMakeFiles/thrust_publisher.dir/all] Error 2
gmake: *** [Makefile:146: all] Error 2
