[0.026s] Invoking command in '/home/dorson/Documents/github/Doe/src/doe_control/build/doe_control': CMAKE_PREFIX_PATH=${CMAKE_PREFIX_PATH}:/opt/ros/jazzy DEBUGINFOD_URLS=https://debuginfod.ubuntu.com /usr/bin/cmake --build /home/dorson/Documents/github/Doe/src/doe_control/build/doe_control -- -j20 -l20
[0.138s] [ 50%] [32mBuilding CXX object CMakeFiles/thrust_publisher.dir/src/thrust_publisher.cpp.o[0m
[3.735s] In file included from [01m[K/opt/ros/jazzy/include/rclcpp/rclcpp/copy_all_parameter_values.hpp:27[m[K,
[3.735s]                  from [01m[K/opt/ros/jazzy/include/rclcpp/rclcpp/rclcpp.hpp:171[m[K,
[3.736s]                  from [01m[K/home/dorson/Documents/github/Doe/src/doe_control/include/doe_control/thrust_publisher.hpp:9[m[K,
[3.736s]                  from [01m[K/home/dorson/Documents/github/Doe/src/doe_control/src/thrust_publisher.cpp:1[m[K:
[3.736s] [01m[K/home/dorson/Documents/github/Doe/src/doe_control/src/thrust_publisher.cpp:[m[K In function â€˜[01m[Kint[01;32m[K main[m[K(int, char**)[m[Kâ€™:
[3.736s] [01m[K/home/dorson/Documents/github/Doe/src/doe_control/src/thrust_publisher.cpp:177:17:[m[K [01;31m[Kerror: [m[Kinvalid use of â€˜[01m[Kthis[m[Kâ€™ in non-member function
[3.736s]   177 |     RCLCPP_INFO([01;31m[Kthis[m[K->get_logger(), e.what());
[3.736s]       |                 [01;31m[K^~~~[m[K
[3.737s] [01m[K/home/dorson/Documents/github/Doe/src/doe_control/src/thrust_publisher.cpp:177:17:[m[K [01;31m[Kerror: [m[Kinvalid use of â€˜[01m[Kthis[m[Kâ€™ in non-member function
[3.737s] [01m[K/home/dorson/Documents/github/Doe/src/doe_control/src/thrust_publisher.cpp:177:5:[m[K [01;31m[Kerror: [m[Ktemplate argument 1 is invalid
[3.737s]   177 |     [01;31m[KRCLCPP_INFO[m[K(this->get_logger(), e.what());
[3.737s]       |     [01;31m[K^~~~~~~~~~~[m[K
[3.737s] [01m[K/home/dorson/Documents/github/Doe/src/doe_control/src/thrust_publisher.cpp:177:5:[m[K [01;31m[Kerror: [m[Ktemplate argument 1 is invalid
[3.737s]   177 |     [01;31m[KRCLCPP_INFO[m[K(this->get_logger(), e.what());
[3.738s]       |     [01;31m[K^~~~~~~~~~~[m[K
[3.738s] [01m[K/home/dorson/Documents/github/Doe/src/doe_control/src/thrust_publisher.cpp:177:5:[m[K [01;31m[Kerror: [m[Ktemplate argument 1 is invalid
[3.738s]   177 |     [01;31m[KRCLCPP_INFO[m[K(this->get_logger(), e.what());
[3.738s]       |     [01;31m[K^~~~~~~~~~~[m[K
[3.738s] In file included from [01m[K/opt/ros/jazzy/include/rclcpp/rclcpp/logging.hpp:24[m[K:
[3.738s] [01m[K/home/dorson/Documents/github/Doe/src/doe_control/src/thrust_publisher.cpp:177:17:[m[K [01;31m[Kerror: [m[Kinvalid use of â€˜[01m[Kthis[m[Kâ€™ in non-member function
[3.738s]   177 |     RCLCPP_INFO([01;31m[Kthis[m[K->get_logger(), e.what());
[3.739s]       |                 [01;31m[K^~~~[m[K
[3.739s] [01m[K/home/dorson/Documents/github/Doe/src/doe_control/src/thrust_publisher.cpp:177:17:[m[K [01;31m[Kerror: [m[Kinvalid use of â€˜[01m[Kthis[m[Kâ€™ in non-member function
[3.739s]   177 |     RCLCPP_INFO([01;31m[Kthis[m[K->get_logger(), e.what());
[3.739s]       |                 [01;31m[K^~~~[m[K
[7.240s] gmake[2]: *** [CMakeFiles/thrust_publisher.dir/build.make:76: CMakeFiles/thrust_publisher.dir/src/thrust_publisher.cpp.o] Error 1
[7.240s] gmake[1]: *** [CMakeFiles/Makefile2:137: CMakeFiles/thrust_publisher.dir/all] Error 2
[7.240s] gmake: *** [Makefile:146: all] Error 2
[7.244s] Invoked command in '/home/dorson/Documents/github/Doe/src/doe_control/build/doe_control' returned '2': CMAKE_PREFIX_PATH=${CMAKE_PREFIX_PATH}:/opt/ros/jazzy DEBUGINFOD_URLS=https://debuginfod.ubuntu.com /usr/bin/cmake --build /home/dorson/Documents/github/Doe/src/doe_control/build/doe_control -- -j20 -l20
