[ 50%] [32mBuilding CXX object CMakeFiles/thruster_driver_plugin.dir/src/thruster_driver_plugin.cpp.o[0m
[01m[K/home/dorson/Documents/github/Doe/src/doe_simulation/src/thruster_driver_plugin.cpp:[m[K In member function â€˜[01m[Kvoid doe_simulation::ThrusterDriver::[01;32m[KApplyForce[m[K()[m[Kâ€™:
[01m[K/home/dorson/Documents/github/Doe/src/doe_simulation/src/thruster_driver_plugin.cpp:104:30:[m[K [01;31m[Kerror: [m[Kbase operand of â€˜[01m[K->[m[Kâ€™ is not a pointer
  104 |             this->thruster[i][01;31m[K->[m[KAddLinkForce(ignition::math::Vector3d(0, 0, this->thrust_values[i]));
      |                              [01;31m[K^~[m[K
[01m[K/home/dorson/Documents/github/Doe/src/doe_simulation/src/thruster_driver_plugin.cpp:104:45:[m[K [01;31m[Kerror: [m[Kâ€˜[01m[Kignition[m[Kâ€™ has not been declared
  104 |             this->thruster[i]->AddLinkForce([01;31m[Kignition[m[K::math::Vector3d(0, 0, this->thrust_values[i]));
      |                                             [01;31m[K^~~~~~~~[m[K
gmake[2]: *** [CMakeFiles/thruster_driver_plugin.dir/build.make:76: CMakeFiles/thruster_driver_plugin.dir/src/thruster_driver_plugin.cpp.o] Error 1
gmake[1]: *** [CMakeFiles/Makefile2:137: CMakeFiles/thruster_driver_plugin.dir/all] Error 2
gmake: *** [Makefile:166: all] Error 2
