[0.009s] Invoking command in '/home/dorson/Documents/github/Doe/src/doe_simulation/build/doe_simulation': CMAKE_PREFIX_PATH=${CMAKE_PREFIX_PATH}:/opt/ros/jazzy DEBUGINFOD_URLS=https://debuginfod.ubuntu.com /usr/bin/cmake --build /home/dorson/Documents/github/Doe/src/doe_simulation/build/doe_simulation -- -j20 -l20
[0.098s] [ 50%] [32mBuilding CXX object CMakeFiles/thruster_driver_plugin.dir/src/thruster_driver_plugin.cpp.o[0m
[2.095s] [01m[K/home/dorson/Documents/github/Doe/src/doe_simulation/src/thruster_driver_plugin.cpp:13:33:[m[K [01;31m[Kerror: [m[Kexpected â€˜[01m[K}[m[Kâ€™ before â€˜[01m[K;[m[Kâ€™ token
[2.095s]    13 |         rclcpp::init(0, nullptr)[01;31m[K;[m[K
[2.095s]       |                                 [01;31m[K^[m[K
[2.096s] [01m[K/home/dorson/Documents/github/Doe/src/doe_simulation/src/thruster_driver_plugin.cpp:12:14:[m[K [01;36m[Knote: [m[Kto match this â€˜[01m[K{[m[Kâ€™
[2.096s]    12 |     int main [01;36m[K{[m[K
[2.096s]       |              [01;36m[K^[m[K
[2.096s] [01m[K/home/dorson/Documents/github/Doe/src/doe_simulation/src/thruster_driver_plugin.cpp:13:21:[m[K [01;31m[Kerror: [m[Kvoid value not ignored as it ought to be
[2.096s]    13 |         [01;31m[Krclcpp::init(0, nullptr)[m[K;
[2.096s]       |         [01;31m[K~~~~~~~~~~~~^~~~~~~~~~~~[m[K
[2.096s] [01m[K/home/dorson/Documents/github/Doe/src/doe_simulation/src/thruster_driver_plugin.cpp:16:10:[m[K [01;31m[Kerror: [m[Kâ€˜[01m[KThrusterDriver[m[Kâ€™ has not been declared
[2.096s]    16 |     void [01;31m[KThrusterDriver[m[K::Configure(const Entity &_entity, const std::shared_ptr<const sdf::Element> &_sdf, EntityComponentManager &_ecm, EventManager &_eventMgr) {
[2.096s]       |          [01;31m[K^~~~~~~~~~~~~~[m[K
[2.096s] [01m[K/home/dorson/Documents/github/Doe/src/doe_simulation/src/thruster_driver_plugin.cpp:16:42:[m[K [01;31m[Kerror: [m[Kâ€˜[01m[KEntity[m[Kâ€™ does not name a type
[2.096s]    16 |     void ThrusterDriver::Configure(const [01;31m[KEntity[m[K &_entity, const std::shared_ptr<const sdf::Element> &_sdf, EntityComponentManager &_ecm, EventManager &_eventMgr) {
[2.096s]       |                                          [01;31m[K^~~~~~[m[K
[2.096s] [01m[K/home/dorson/Documents/github/Doe/src/doe_simulation/src/thruster_driver_plugin.cpp:16:108:[m[K [01;31m[Kerror: [m[Kâ€˜[01m[KEntityComponentManager[m[Kâ€™ has not been declared
[2.096s]    16 |  &_entity, const std::shared_ptr<const sdf::Element> &_sdf, [01;31m[KEntityComponentManager[m[K &_ecm, EventManager &_eventMgr) {
[2.096s]       |                                                             [01;31m[K^~~~~~~~~~~~~~~~~~~~~~[m[K
[2.096s] 
[2.096s] [01m[K/home/dorson/Documents/github/Doe/src/doe_simulation/src/thruster_driver_plugin.cpp:16:138:[m[K [01;31m[Kerror: [m[Kâ€˜[01m[KEventManager[m[Kâ€™ has not been declared
[2.096s]    16 | tr<const sdf::Element> &_sdf, EntityComponentManager &_ecm, [01;31m[KEventManager[m[K &_eventMgr) {
[2.097s]       |                                                             [01;31m[K^~~~~~~~~~~~[m[K
[2.097s] 
[2.097s] [01m[K/home/dorson/Documents/github/Doe/src/doe_simulation/src/thruster_driver_plugin.cpp:[m[K In function â€˜[01m[Kvoid[01;32m[K Configure[m[K(const int&, const std::shared_ptr<const sdf::v14::Element>&, int&, int&)[m[Kâ€™:
[2.097s] [01m[K/home/dorson/Documents/github/Doe/src/doe_simulation/src/thruster_driver_plugin.cpp:21:17:[m[K [01;31m[Kerror: [m[Kinvalid use of â€˜[01m[Kthis[m[Kâ€™ in non-member function
[2.097s]    21 |                 [01;31m[Kthis[m[K->thruster_count = _sdf->Get<unsigned int>("thruster_count");
[2.097s]       |                 [01;31m[K^~~~[m[K
[2.097s] [01m[K/home/dorson/Documents/github/Doe/src/doe_simulation/src/thruster_driver_plugin.cpp:29:9:[m[K [01;31m[Kerror: [m[Kinvalid use of â€˜[01m[Kthis[m[Kâ€™ in non-member function
[2.097s]    29 |         [01;31m[Kthis[m[K->GetRosNamespace(_sdf);
[2.097s]       |         [01;31m[K^~~~[m[K
[2.097s] [01m[K/home/dorson/Documents/github/Doe/src/doe_simulation/src/thruster_driver_plugin.cpp:31:9:[m[K [01;31m[Kerror: [m[Kinvalid use of â€˜[01m[Kthis[m[Kâ€™ in non-member function
[2.097s]    31 |         [01;31m[Kthis[m[K->thrust_values = std::vector<double>(this->thruster_count, 0);
[2.097s]       |         [01;31m[K^~~~[m[K
[2.098s] [01m[K/home/dorson/Documents/github/Doe/src/doe_simulation/src/thruster_driver_plugin.cpp:31:51:[m[K [01;31m[Kerror: [m[Kinvalid use of â€˜[01m[Kthis[m[Kâ€™ in non-member function
[2.098s]    31 |         this->thrust_values = std::vector<double>([01;31m[Kthis[m[K->thruster_count, 0);
[2.098s]       |                                                   [01;31m[K^~~~[m[K
[2.098s] [01m[K/home/dorson/Documents/github/Doe/src/doe_simulation/src/thruster_driver_plugin.cpp:32:9:[m[K [01;31m[Kerror: [m[Kinvalid use of â€˜[01m[Kthis[m[Kâ€™ in non-member function
[2.098s]    32 |         [01;31m[Kthis[m[K->force_cmd = node->create_subscription<std_msgs::msg::Float64MultiArray>(
[2.098s]       |         [01;31m[K^~~~[m[K
[2.100s] [01m[K/home/dorson/Documents/github/Doe/src/doe_simulation/src/thruster_driver_plugin.cpp:32:27:[m[K [01;31m[Kerror: [m[Kâ€˜[01m[Knode[m[Kâ€™ was not declared in this scope
[2.100s]    32 |         this->force_cmd = [01;31m[Knode[m[K->create_subscription<std_msgs::msg::Float64MultiArray>(
[2.100s]       |                           [01;31m[K^~~~[m[K
[2.100s] [01m[K/home/dorson/Documents/github/Doe/src/doe_simulation/src/thruster_driver_plugin.cpp:32:85:[m[K [01;31m[Kerror: [m[Kexpected primary-expression before â€˜[01m[K>[m[Kâ€™ token
[2.100s]    32 | orce_cmd = node->create_subscription<std_msgs::msg::Float64MultiArray[01;31m[K>[m[K(
[2.100s]       |                                                                      [01;31m[K^[m[K
[2.100s] 
[2.100s] [01m[K/home/dorson/Documents/github/Doe/src/doe_simulation/src/thruster_driver_plugin.cpp:33:29:[m[K [01;31m[Kerror: [m[Kinvalid use of â€˜[01m[Kthis[m[Kâ€™ in non-member function
[2.100s]    33 |                             [01;31m[Kthis[m[K->topic_name,
[2.101s]       |                             [01;31m[K^~~~[m[K
[2.101s] [01m[K/home/dorson/Documents/github/Doe/src/doe_simulation/src/thruster_driver_plugin.cpp:35:40:[m[K [01;31m[Kerror: [m[Kâ€˜[01m[KThrusterDriver[m[Kâ€™ has not been declared
[2.101s]    35 |                             std::bind(&[01;31m[KThrusterDriver[m[K::GetForceCmd, this, std::placeholders::_1));
[2.101s]       |                                        [01;31m[K^~~~~~~~~~~~~~[m[K
[2.101s] [01m[K/home/dorson/Documents/github/Doe/src/doe_simulation/src/thruster_driver_plugin.cpp:35:69:[m[K [01;31m[Kerror: [m[Kinvalid use of â€˜[01m[Kthis[m[Kâ€™ in non-member function
[2.101s]    35 |                     std::bind(&ThrusterDriver::GetForceCmd, [01;31m[Kthis[m[K, std::placeholders::_1));
[2.101s]       |                                                             [01;31m[K^~~~[m[K
[2.101s] 
[2.101s] In file included from [01m[K/opt/ros/jazzy/include/rclcpp/rclcpp/copy_all_parameter_values.hpp:27[m[K,
[2.101s]                  from [01m[K/opt/ros/jazzy/include/rclcpp/rclcpp/rclcpp.hpp:171[m[K,
[2.101s]                  from [01m[K/home/dorson/Documents/github/Doe/src/doe_simulation/include/doe_simulation/thruster_driver_plugin.hpp:10[m[K,
[2.101s]                  from [01m[K/home/dorson/Documents/github/Doe/src/doe_simulation/src/thruster_driver_plugin.cpp:1[m[K:
[2.101s] [01m[K/home/dorson/Documents/github/Doe/src/doe_simulation/src/thruster_driver_plugin.cpp:37:9:[m[K [01;31m[Kerror: [m[Ktemplate argument 1 is invalid
[2.101s]    37 |         [01;31m[KRCLCPP_INFO[m[K(node->get_logger(), ("Listening on " + this->topic_name + "\n").c_str());
[2.101s]       |         [01;31m[K^~~~~~~~~~~[m[K
[2.101s] [01m[K/home/dorson/Documents/github/Doe/src/doe_simulation/src/thruster_driver_plugin.cpp:37:9:[m[K [01;31m[Kerror: [m[Ktemplate argument 1 is invalid
[2.101s]    37 |         [01;31m[KRCLCPP_INFO[m[K(node->get_logger(), ("Listening on " + this->topic_name + "\n").c_str());
[2.101s]       |         [01;31m[K^~~~~~~~~~~[m[K
[2.101s] [01m[K/home/dorson/Documents/github/Doe/src/doe_simulation/src/thruster_driver_plugin.cpp:37:9:[m[K [01;31m[Kerror: [m[Ktemplate argument 1 is invalid
[2.101s]    37 |         [01;31m[KRCLCPP_INFO[m[K(node->get_logger(), ("Listening on " + this->topic_name + "\n").c_str());
[2.101s]       |         [01;31m[K^~~~~~~~~~~[m[K
[2.101s] In file included from [01m[K/opt/ros/jazzy/include/rclcpp/rclcpp/logging.hpp:24[m[K:
[2.101s] [01m[K/home/dorson/Documents/github/Doe/src/doe_simulation/src/thruster_driver_plugin.cpp:37:60:[m[K [01;31m[Kerror: [m[Kinvalid use of â€˜[01m[Kthis[m[Kâ€™ in non-member function
[2.101s]    37 |         RCLCPP_INFO(node->get_logger(), ("Listening on " + [01;31m[Kthis[m[K->topic_name + "\n").c_str());
[2.101s]       |                                                            [01;31m[K^~~~[m[K
[2.102s] [01m[K/home/dorson/Documents/github/Doe/src/doe_simulation/src/thruster_driver_plugin.cpp:39:23:[m[K [01;31m[Kerror: [m[Kâ€˜[01m[KModel[m[Kâ€™ was not declared in this scope; did you mean â€˜[01m[Kgz::sim::v8::Model[m[Kâ€™?
[2.102s]    39 |         auto _model = [01;31m[KModel[m[K(_entity);
[2.102s]       |                       [01;31m[K^~~~~[m[K
[2.102s]       |                       [32m[Kgz::sim::v8::Model[m[K
[2.102s] In file included from [01m[K/home/dorson/Documents/github/Doe/src/doe_simulation/include/doe_simulation/thruster_driver_plugin.hpp:4[m[K:
[2.102s] [01m[K/opt/ros/jazzy/opt/gz_sim_vendor/include/gz/sim8/gz/sim/Model.hh:60:26:[m[K [01;36m[Knote: [m[Kâ€˜[01m[Kgz::sim::v8::Model[m[Kâ€™ declared here
[2.102s]    60 |     class GZ_SIM_VISIBLE [01;36m[KModel[m[K {
[2.102s]       |                          [01;36m[K^~~~~[m[K
[2.105s] [01m[K/home/dorson/Documents/github/Doe/src/doe_simulation/src/thruster_driver_plugin.cpp:43:39:[m[K [01;31m[Kerror: [m[Kâ€˜[01m[Kthruster_count[m[Kâ€™ was not declared in this scope
[2.105s]    43 |         for (unsigned int i = 1; i <= [01;31m[Kthruster_count[m[K; i++)
[2.105s]       |                                       [01;31m[K^~~~~~~~~~~~~~[m[K
[2.105s] [01m[K/home/dorson/Documents/github/Doe/src/doe_simulation/src/thruster_driver_plugin.cpp:46:13:[m[K [01;31m[Kerror: [m[Kinvalid use of â€˜[01m[Kthis[m[Kâ€™ in non-member function
[2.105s]    46 |             [01;31m[Kthis[m[K->thrusters.push_back(_model.LinkByName(_ecm, thruster_name));
[2.105s]       |             [01;31m[K^~~~[m[K
[2.105s] [01m[K/home/dorson/Documents/github/Doe/src/doe_simulation/src/thruster_driver_plugin.cpp:52:9:[m[K [01;31m[Kerror: [m[Kinvalid use of â€˜[01m[Kthis[m[Kâ€™ in non-member function
[2.105s]    52 |         [01;31m[Kthis[m[K->spinThread = std::thread(std::bind(&ThrusterDriver::SpinNode, this));
[2.105s]       |         [01;31m[K^~~~[m[K
[2.105s] [01m[K/home/dorson/Documents/github/Doe/src/doe_simulation/src/thruster_driver_plugin.cpp:52:51:[m[K [01;31m[Kerror: [m[Kâ€˜[01m[KThrusterDriver[m[Kâ€™ was not declared in this scope; did you mean â€˜[01m[Kdoe_simulation::ThrusterDriver[m[Kâ€™?
[2.105s]    52 |         this->spinThread = std::thread(std::bind(&[01;31m[KThrusterDriver[m[K::SpinNode, this));
[2.105s]       |                                                   [01;31m[K^~~~~~~~~~~~~~[m[K
[2.105s]       |                                                   [32m[Kdoe_simulation::ThrusterDriver[m[K
[2.105s] [01m[K/home/dorson/Documents/github/Doe/src/doe_simulation/include/doe_simulation/thruster_driver_plugin.hpp:20:11:[m[K [01;36m[Knote: [m[Kâ€˜[01m[Kdoe_simulation::ThrusterDriver[m[Kâ€™ declared here
[2.106s]    20 |     class [01;36m[KThrusterDriver[m[K: public System, public ISystemConfigure, public ISystemUpdate
[2.106s]       |           [01;36m[K^~~~~~~~~~~~~~[m[K
[2.106s] [01m[K/home/dorson/Documents/github/Doe/src/doe_simulation/src/thruster_driver_plugin.cpp:52:77:[m[K [01;31m[Kerror: [m[Kinvalid use of â€˜[01m[Kthis[m[Kâ€™ in non-member function
[2.106s]    52 | ->spinThread = std::thread(std::bind(&ThrusterDriver::SpinNode, [01;31m[Kthis[m[K));
[2.106s]       |                                                                 [01;31m[K^~~~[m[K
[2.106s] 
[2.106s] [01m[K/home/dorson/Documents/github/Doe/src/doe_simulation/src/thruster_driver_plugin.cpp:[m[K At global scope:
[2.106s] [01m[K/home/dorson/Documents/github/Doe/src/doe_simulation/src/thruster_driver_plugin.cpp:55:10:[m[K [01;31m[Kerror: [m[Kâ€˜[01m[KThrusterDriver[m[Kâ€™ has not been declared
[2.106s]    55 |     void [01;31m[KThrusterDriver[m[K::Update(const UpdateInfo &_info, EntityComponentManager &_ecm) {
[2.106s]       |          [01;31m[K^~~~~~~~~~~~~~[m[K
[2.107s] [01m[K/home/dorson/Documents/github/Doe/src/doe_simulation/src/thruster_driver_plugin.cpp:55:39:[m[K [01;31m[Kerror: [m[Kâ€˜[01m[KUpdateInfo[m[Kâ€™ does not name a type
[2.107s]    55 |     void ThrusterDriver::Update(const [01;31m[KUpdateInfo[m[K &_info, EntityComponentManager &_ecm) {
[2.107s]       |                                       [01;31m[K^~~~~~~~~~[m[K
[2.107s] [01m[K/home/dorson/Documents/github/Doe/src/doe_simulation/src/thruster_driver_plugin.cpp:55:58:[m[K [01;31m[Kerror: [m[Kâ€˜[01m[KEntityComponentManager[m[Kâ€™ has not been declared
[2.107s]    55 |     void ThrusterDriver::Update(const UpdateInfo &_info, [01;31m[KEntityComponentManager[m[K &_ecm) {
[2.107s]       |                                                          [01;31m[K^~~~~~~~~~~~~~~~~~~~~~[m[K
[2.111s] [01m[K/home/dorson/Documents/github/Doe/src/doe_simulation/src/thruster_driver_plugin.cpp:[m[K In function â€˜[01m[Kvoid[01;32m[K Update[m[K(const int&, int&)[m[Kâ€™:
[2.111s] [01m[K/home/dorson/Documents/github/Doe/src/doe_simulation/src/thruster_driver_plugin.cpp:58:38:[m[K [01;31m[Kerror: [m[Kâ€˜[01m[Kthruster_count[m[Kâ€™ was not declared in this scope
[2.111s]    58 |         for (unsigned int i = 0; i < [01;31m[Kthruster_count[m[K; i++)
[2.111s]       |                                      [01;31m[K^~~~~~~~~~~~~~[m[K
[2.112s] [01m[K/home/dorson/Documents/github/Doe/src/doe_simulation/src/thruster_driver_plugin.cpp:60:13:[m[K [01;31m[Kerror: [m[Kâ€˜[01m[KLink[m[Kâ€™ was not declared in this scope; did you mean â€˜[01m[Kgz::sim::v8::Link[m[Kâ€™?
[2.112s]    60 |             [01;31m[KLink[m[K thruster = Link(thrusters[i]);
[2.112s]       |             [01;31m[K^~~~[m[K
[2.112s]       |             [32m[Kgz::sim::v8::Link[m[K
[2.112s] In file included from [01m[K/home/dorson/Documents/github/Doe/src/doe_simulation/include/doe_simulation/thruster_driver_plugin.hpp:5[m[K:
[2.112s] [01m[K/opt/ros/jazzy/opt/gz_sim_vendor/include/gz/sim8/gz/sim/Link.hh:66:26:[m[K [01;36m[Knote: [m[Kâ€˜[01m[Kgz::sim::v8::Link[m[Kâ€™ declared here
[2.112s]    66 |     class GZ_SIM_VISIBLE [01;36m[KLink[m[K
[2.112s]       |                          [01;36m[K^~~~[m[K
[2.114s] [01m[K/home/dorson/Documents/github/Doe/src/doe_simulation/src/thruster_driver_plugin.cpp:61:13:[m[K [01;31m[Kerror: [m[Kâ€˜[01m[Kthruster[m[Kâ€™ was not declared in this scope
[2.114s]    61 |             [01;31m[Kthruster[m[K.AddWorldForce(_ecm, math::Vector3d(0, 0, this->thrust_values[i]));
[2.114s]       |             [01;31m[K^~~~~~~~[m[K
[2.115s] [01m[K/home/dorson/Documents/github/Doe/src/doe_simulation/src/thruster_driver_plugin.cpp:61:42:[m[K [01;31m[Kerror: [m[Kâ€˜[01m[Kmath[m[Kâ€™ has not been declared
[2.115s]    61 |             thruster.AddWorldForce(_ecm, [01;31m[Kmath[m[K::Vector3d(0, 0, this->thrust_values[i]));
[2.115s]       |                                          [01;31m[K^~~~[m[K
[2.115s] [01m[K/home/dorson/Documents/github/Doe/src/doe_simulation/src/thruster_driver_plugin.cpp:61:63:[m[K [01;31m[Kerror: [m[Kinvalid use of â€˜[01m[Kthis[m[Kâ€™ in non-member function
[2.115s]    61 |           thruster.AddWorldForce(_ecm, math::Vector3d(0, 0, [01;31m[Kthis[m[K->thrust_values[i]));
[2.115s]       |                                                             [01;31m[K^~~~[m[K
[2.115s] 
[2.115s] [01m[K/home/dorson/Documents/github/Doe/src/doe_simulation/src/thruster_driver_plugin.cpp:[m[K At global scope:
[2.115s] [01m[K/home/dorson/Documents/github/Doe/src/doe_simulation/src/thruster_driver_plugin.cpp:66:10:[m[K [01;31m[Kerror: [m[Kâ€˜[01m[KThrusterDriver[m[Kâ€™ has not been declared
[2.115s]    66 |     void [01;31m[KThrusterDriver[m[K::GetRosNamespace(const std::shared_ptr<const sdf::Element> &_sdf)
[2.115s]       |          [01;31m[K^~~~~~~~~~~~~~[m[K
[2.116s] [01m[K/home/dorson/Documents/github/Doe/src/doe_simulation/src/thruster_driver_plugin.cpp:[m[K In function â€˜[01m[Kvoid[01;32m[K GetRosNamespace[m[K(const std::shared_ptr<const sdf::v14::Element>&)[m[Kâ€™:
[2.116s] [01m[K/home/dorson/Documents/github/Doe/src/doe_simulation/src/thruster_driver_plugin.cpp:89:9:[m[K [01;31m[Kerror: [m[Kinvalid use of â€˜[01m[Kthis[m[Kâ€™ in non-member function
[2.116s]    89 |         [01;31m[Kthis[m[K->topic_name = _namespace + "/" + topic;
[2.116s]       |         [01;31m[K^~~~[m[K
[2.116s] [01m[K/home/dorson/Documents/github/Doe/src/doe_simulation/src/thruster_driver_plugin.cpp:[m[K At global scope:
[2.116s] [01m[K/home/dorson/Documents/github/Doe/src/doe_simulation/src/thruster_driver_plugin.cpp:92:10:[m[K [01;31m[Kerror: [m[Kâ€˜[01m[KThrusterDriver[m[Kâ€™ has not been declared
[2.116s]    92 |     void [01;31m[KThrusterDriver[m[K::GetForceCmd(const std_msgs::msg::Float64MultiArray::SharedPtr joint_cmd)
[2.116s]       |          [01;31m[K^~~~~~~~~~~~~~[m[K
[2.116s] [01m[K/home/dorson/Documents/github/Doe/src/doe_simulation/src/thruster_driver_plugin.cpp:[m[K In function â€˜[01m[Kvoid[01;32m[K GetForceCmd[m[K(std_msgs::msg::Float64MultiArray_<std::allocator<void> >::SharedPtr)[m[Kâ€™:
[2.116s] [01m[K/home/dorson/Documents/github/Doe/src/doe_simulation/src/thruster_driver_plugin.cpp:94:39:[m[K [01;31m[Kerror: [m[Kinvalid use of â€˜[01m[Kthis[m[Kâ€™ in non-member function
[2.116s]    94 |         if (joint_cmd->data.size() != [01;31m[Kthis[m[K->thruster_count)
[2.116s]       |                                       [01;31m[K^~~~[m[K
[2.118s] [01m[K/home/dorson/Documents/github/Doe/src/doe_simulation/src/thruster_driver_plugin.cpp:96:25:[m[K [01;31m[Kerror: [m[Kâ€˜[01m[Knode[m[Kâ€™ was not declared in this scope
[2.118s]    96 |             RCLCPP_WARN([01;31m[Knode[m[K->get_logger(), "message size does not match thruster count, ignoring command.\n");
[2.119s]       |                         [01;31m[K^~~~[m[K
[2.119s] [01m[K/home/dorson/Documents/github/Doe/src/doe_simulation/src/thruster_driver_plugin.cpp:96:13:[m[K [01;31m[Kerror: [m[Ktemplate argument 1 is invalid
[2.119s]    96 |             [01;31m[KRCLCPP_WARN[m[K(node->get_logger(), "message size does not match thruster count, ignoring command.\n");
[2.119s]       |             [01;31m[K^~~~~~~~~~~[m[K
[2.119s] [01m[K/home/dorson/Documents/github/Doe/src/doe_simulation/src/thruster_driver_plugin.cpp:96:13:[m[K [01;31m[Kerror: [m[Ktemplate argument 1 is invalid
[2.119s]    96 |             [01;31m[KRCLCPP_WARN[m[K(node->get_logger(), "message size does not match thruster count, ignoring command.\n");
[2.119s]       |             [01;31m[K^~~~~~~~~~~[m[K
[2.119s] [01m[K/home/dorson/Documents/github/Doe/src/doe_simulation/src/thruster_driver_plugin.cpp:96:13:[m[K [01;31m[Kerror: [m[Ktemplate argument 1 is invalid
[2.119s]    96 |             [01;31m[KRCLCPP_WARN[m[K(node->get_logger(), "message size does not match thruster count, ignoring command.\n");
[2.119s]       |             [01;31m[K^~~~~~~~~~~[m[K
[2.119s] [01m[K/home/dorson/Documents/github/Doe/src/doe_simulation/src/thruster_driver_plugin.cpp:100:38:[m[K [01;31m[Kerror: [m[Kinvalid use of â€˜[01m[Kthis[m[Kâ€™ in non-member function
[2.119s]   100 |         for (unsigned int i = 0; i < [01;31m[Kthis[m[K->thruster_count; i++)
[2.119s]       |                                      [01;31m[K^~~~[m[K
[2.119s] [01m[K/home/dorson/Documents/github/Doe/src/doe_simulation/src/thruster_driver_plugin.cpp:102:13:[m[K [01;31m[Kerror: [m[Kinvalid use of â€˜[01m[Kthis[m[Kâ€™ in non-member function
[2.120s]   102 |             [01;31m[Kthis[m[K->thrust_values[i] = joint_cmd->data[i];
[2.120s]       |             [01;31m[K^~~~[m[K
[2.120s] [01m[K/home/dorson/Documents/github/Doe/src/doe_simulation/src/thruster_driver_plugin.cpp:[m[K At global scope:
[2.120s] [01m[K/home/dorson/Documents/github/Doe/src/doe_simulation/src/thruster_driver_plugin.cpp:107:10:[m[K [01;31m[Kerror: [m[Kâ€˜[01m[KThrusterDriver[m[Kâ€™ has not been declared
[2.120s]   107 |     void [01;31m[KThrusterDriver[m[K::SpinNode()
[2.120s]       |          [01;31m[K^~~~~~~~~~~~~~[m[K
[2.121s] [01m[K/home/dorson/Documents/github/Doe/src/doe_simulation/src/thruster_driver_plugin.cpp:[m[K In function â€˜[01m[Kvoid[01;32m[K SpinNode[m[K()[m[Kâ€™:
[2.121s] [01m[K/home/dorson/Documents/github/Doe/src/doe_simulation/src/thruster_driver_plugin.cpp:109:22:[m[K [01;31m[Kerror: [m[Kâ€˜[01m[Knode[m[Kâ€™ was not declared in this scope
[2.121s]   109 |         rclcpp::spin([01;31m[Knode[m[K);
[2.121s]       |                      [01;31m[K^~~~[m[K
[2.121s] [01m[K/home/dorson/Documents/github/Doe/src/doe_simulation/src/thruster_driver_plugin.cpp:[m[K At global scope:
[2.121s] [01m[K/home/dorson/Documents/github/Doe/src/doe_simulation/src/thruster_driver_plugin.cpp:112:1:[m[K [01;31m[Kerror: [m[Kexpected declaration before â€˜[01m[K}[m[Kâ€™ token
[2.121s]   112 | [01;31m[K}[m[K
[2.121s]       | [01;31m[K^[m[K
[3.004s] gmake[2]: *** [CMakeFiles/thruster_driver_plugin.dir/build.make:76: CMakeFiles/thruster_driver_plugin.dir/src/thruster_driver_plugin.cpp.o] Error 1
[3.004s] gmake[1]: *** [CMakeFiles/Makefile2:137: CMakeFiles/thruster_driver_plugin.dir/all] Error 2
[3.004s] gmake: *** [Makefile:166: all] Error 2
[3.006s] Invoked command in '/home/dorson/Documents/github/Doe/src/doe_simulation/build/doe_simulation' returned '2': CMAKE_PREFIX_PATH=${CMAKE_PREFIX_PATH}:/opt/ros/jazzy DEBUGINFOD_URLS=https://debuginfod.ubuntu.com /usr/bin/cmake --build /home/dorson/Documents/github/Doe/src/doe_simulation/build/doe_simulation -- -j20 -l20
