[ 50%] [32mBuilding CXX object CMakeFiles/thrust_publisher.dir/src/thrust_publisher.cpp.o[0m
[01m[K/home/dorson/Documents/github/Doe/src/doe_control/src/thrust_publisher.cpp:[m[K In constructor â€˜[01m[Kdoe_control::ThrustPublisher::[01;32m[KThrustPublisher[m[K(const rclcpp::NodeOptions&)[m[Kâ€™:
[01m[K/home/dorson/Documents/github/Doe/src/doe_control/src/thrust_publisher.cpp:70:2:[m[K [01;31m[Kerror: [m[Kâ€˜[01m[Kcerr[m[Kâ€™ was not declared in this scope; did you mean â€˜[01m[Kstd::cerr[m[Kâ€™?
   70 |  [01;31m[Kcerr[m[K << e.msg << endl; // output exception message
      |  [01;31m[K^~~~[m[K
      |  [32m[Kstd::cerr[m[K
In file included from [01m[K/opt/ros/jazzy/include/rclcpp/rclcpp/parameter.hpp:18[m[K,
                 from [01m[K/opt/ros/jazzy/include/rclcpp/rclcpp/copy_all_parameter_values.hpp:25[m[K,
                 from [01m[K/opt/ros/jazzy/include/rclcpp/rclcpp/rclcpp.hpp:171[m[K,
                 from [01m[K/home/dorson/Documents/github/Doe/src/doe_control/include/doe_control/thrust_publisher.hpp:9[m[K,
                 from [01m[K/home/dorson/Documents/github/Doe/src/doe_control/src/thrust_publisher.cpp:1[m[K:
[01m[K/usr/include/c++/13/iostream:64:18:[m[K [01;36m[Knote: [m[Kâ€˜[01m[Kstd::cerr[m[Kâ€™ declared here
   64 |   extern ostream [01;36m[Kcerr[m[K;          ///< Linked to standard error (unbuffered)
      |                  [01;36m[K^~~~[m[K
[01m[K/home/dorson/Documents/github/Doe/src/doe_control/src/thrust_publisher.cpp:70:19:[m[K [01;31m[Kerror: [m[Kâ€˜[01m[Kendl[m[Kâ€™ was not declared in this scope; did you mean â€˜[01m[Kstd::endl[m[Kâ€™?
   70 |  cerr << e.msg << [01;31m[Kendl[m[K; // output exception message
      |                   [01;31m[K^~~~[m[K
      |                   [32m[Kstd::endl[m[K
In file included from [01m[K/usr/include/c++/13/istream:41[m[K,
                 from [01m[K/usr/include/c++/13/sstream:40[m[K,
                 from [01m[K/usr/include/c++/13/complex:45[m[K,
                 from [01m[K/usr/local/include/opencv4/opencv2/core/cvstd.inl.hpp:47[m[K,
                 from [01m[K/usr/local/include/opencv4/opencv2/core.hpp:3418[m[K,
                 from [01m[K/home/dorson/Documents/github/Doe/src/doe_control/include/doe_control/thrust_publisher.hpp:8[m[K:
[01m[K/usr/include/c++/13/ostream:735:5:[m[K [01;36m[Knote: [m[Kâ€˜[01m[Kstd::endl[m[Kâ€™ declared here
  735 |     [01;36m[Kendl[m[K(basic_ostream<_CharT, _Traits>& __os)
      |     [01;36m[K^~~~[m[K
[01m[K/home/dorson/Documents/github/Doe/src/doe_control/src/thrust_publisher.cpp:75:20:[m[K [01;31m[Kerror: [m[Kâ€˜[01m[Kalloc_mat[m[Kâ€™ was not declared in this scope; did you mean â€˜[01m[Kalloca[m[Kâ€™?
   75 |         cv::invert([01;31m[Kalloc_mat[m[K, pinv_alloc_, cv::DECOMP_SVD);
      |                    [01;31m[K^~~~~~~~~[m[K
      |                    [32m[Kalloca[m[K
gmake[2]: *** [CMakeFiles/thrust_publisher.dir/build.make:76: CMakeFiles/thrust_publisher.dir/src/thrust_publisher.cpp.o] Error 1
gmake[1]: *** [CMakeFiles/Makefile2:137: CMakeFiles/thrust_publisher.dir/all] Error 2
gmake: *** [Makefile:146: all] Error 2
