[0.044s] Invoking command in '/home/dorson/Documents/github/Doe/src/doe_simulation/build/doe_simulation': CMAKE_PREFIX_PATH=${CMAKE_PREFIX_PATH}:/opt/ros/jazzy DEBUGINFOD_URLS=https://debuginfod.ubuntu.com /usr/bin/cmake --build /home/dorson/Documents/github/Doe/src/doe_simulation/build/doe_simulation -- -j20 -l20
[0.126s] -- Found ament_cmake: 2.5.2 (/opt/ros/jazzy/share/ament_cmake/cmake)
[0.765s] -- Found ros_gz: 1.0.7 (/opt/ros/jazzy/share/ros_gz/cmake)
[0.766s] -- Found rclcpp: 28.1.5 (/opt/ros/jazzy/share/rclcpp/cmake)
[0.834s] -- Found rosidl_generator_c: 4.6.4 (/opt/ros/jazzy/share/rosidl_generator_c/cmake)
[0.856s] -- Found rosidl_generator_cpp: 4.6.4 (/opt/ros/jazzy/share/rosidl_generator_cpp/cmake)
[0.890s] -- Using all available rosidl_typesupport_c: rosidl_typesupport_fastrtps_c;rosidl_typesupport_introspection_c
[0.938s] -- Using all available rosidl_typesupport_cpp: rosidl_typesupport_fastrtps_cpp;rosidl_typesupport_introspection_cpp
[1.085s] -- Found rmw_implementation_cmake: 7.3.1 (/opt/ros/jazzy/share/rmw_implementation_cmake/cmake)
[1.089s] -- Found rmw_fastrtps_cpp: 8.4.1 (/opt/ros/jazzy/share/rmw_fastrtps_cpp/cmake)
[1.281s] -- Using RMW implementation 'rmw_fastrtps_cpp' as default
[1.451s] -- Found geometry_msgs: 5.3.5 (/opt/ros/jazzy/share/geometry_msgs/cmake)
[1.836s] -- Configuring done (1.7s)
[1.863s] -- Generating done (0.0s)
[1.866s] -- Build files have been written to: /home/dorson/Documents/github/Doe/src/doe_simulation/build/doe_simulation
[1.962s] [ 25%] [32mBuilding CXX object CMakeFiles/thruster_driver_plugin.dir/src/thruster_driver_plugin.cpp.o[0m
[1.979s] [ 50%] [32mBuilding CXX object CMakeFiles/cpp_executable.dir/src/thruster_driver_plugin.cpp.o[0m
[2.017s] In file included from [01m[K/home/dorson/Documents/github/Doe/src/doe_simulation/src/thruster_driver_plugin.cpp:1[m[K:
[2.018s] [01m[K/home/dorson/Documents/github/Doe/src/doe_simulation/include/doe_simulation/thruster_driver_plugin.hpp:6:10:[m[K [01;31m[Kfatal error: [m[Krclcpp/rclcpp.hpp: No such file or directory
[2.018s]     6 | #include [01;31m[K"rclcpp/rclcpp.hpp"[m[K
[2.018s]       |          [01;31m[K^~~~~~~~~~~~~~~~~~~[m[K
[2.018s] compilation terminated.
[2.019s] gmake[2]: *** [CMakeFiles/thruster_driver_plugin.dir/build.make:76: CMakeFiles/thruster_driver_plugin.dir/src/thruster_driver_plugin.cpp.o] Error 1
[2.020s] gmake[1]: *** [CMakeFiles/Makefile2:139: CMakeFiles/thruster_driver_plugin.dir/all] Error 2
[2.021s] gmake[1]: *** Waiting for unfinished jobs....
[2.301s] In file included from [01m[K/home/dorson/Documents/github/Doe/src/doe_simulation/src/thruster_driver_plugin.cpp:1[m[K:
[2.301s] [01m[K/home/dorson/Documents/github/Doe/src/doe_simulation/include/doe_simulation/thruster_driver_plugin.hpp:7:10:[m[K [01;31m[Kfatal error: [m[Kstd_msgs/msg/float64_multi_array.hpp: No such file or directory
[2.301s]     7 | #include [01;31m[K"std_msgs/msg/float64_multi_array.hpp"[m[K
[2.301s]       |          [01;31m[K^~~~~~~~~~~~~~~~~~~~~~~~~~~~~~~~~~~~~~[m[K
[2.301s] compilation terminated.
[2.334s] gmake[2]: *** [CMakeFiles/cpp_executable.dir/build.make:76: CMakeFiles/cpp_executable.dir/src/thruster_driver_plugin.cpp.o] Error 1
[2.335s] gmake[1]: *** [CMakeFiles/Makefile2:165: CMakeFiles/cpp_executable.dir/all] Error 2
[2.335s] gmake: *** [Makefile:146: all] Error 2
[2.340s] Invoked command in '/home/dorson/Documents/github/Doe/src/doe_simulation/build/doe_simulation' returned '2': CMAKE_PREFIX_PATH=${CMAKE_PREFIX_PATH}:/opt/ros/jazzy DEBUGINFOD_URLS=https://debuginfod.ubuntu.com /usr/bin/cmake --build /home/dorson/Documents/github/Doe/src/doe_simulation/build/doe_simulation -- -j20 -l20
