[0.010s] Invoking command in '/home/dorson/Documents/github/Doe/src/doe_simulation/build/doe_simulation': CMAKE_PREFIX_PATH=${CMAKE_PREFIX_PATH}:/opt/ros/jazzy DEBUGINFOD_URLS=https://debuginfod.ubuntu.com /usr/bin/cmake --build /home/dorson/Documents/github/Doe/src/doe_simulation/build/doe_simulation -- -j20 -l20
[0.085s] [ 50%] [32mBuilding CXX object CMakeFiles/thruster_driver_plugin.dir/src/thruster_driver_plugin.cpp.o[0m
[2.527s] [01m[K/home/dorson/Documents/github/Doe/src/doe_simulation/src/thruster_driver_plugin.cpp:[m[K In member function â€˜[01m[Kvirtual void doe_simulation::ThrusterDriver::[01;32m[KUpdate[m[K(const gz::sim::v8::UpdateInfo&, gz::sim::v8::EntityComponentManager&)[m[Kâ€™:
[2.527s] [01m[K/home/dorson/Documents/github/Doe/src/doe_simulation/src/thruster_driver_plugin.cpp:21:13:[m[K [01;31m[Kerror: [m[Kâ€˜[01m[K_sdf[m[Kâ€™ was not declared in this scope; did you mean â€˜[01m[Ksdf[m[Kâ€™?
[2.527s]    21 |         if ([01;31m[K_sdf[m[K->HasElement("thruster_count"))
[2.527s]       |             [01;31m[K^~~~[m[K
[2.527s]       |             [32m[Ksdf[m[K
[2.527s] [01m[K/home/dorson/Documents/github/Doe/src/doe_simulation/src/thruster_driver_plugin.cpp:23:19:[m[K [01;31m[Kerror: [m[Kâ€˜[01m[Kclass doe_simulation::ThrusterDriver[m[Kâ€™ has no member named â€˜[01m[Kthruster_count[m[Kâ€™
[2.527s]    23 |             this->[01;31m[Kthruster_count[m[K = _sdf->Get<unsigned int>("thruster_count");
[2.527s]       |                   [01;31m[K^~~~~~~~~~~~~~[m[K
[2.528s] [01m[K/home/dorson/Documents/github/Doe/src/doe_simulation/src/thruster_driver_plugin.cpp:23:46:[m[K [01;31m[Kerror: [m[Kexpected primary-expression before â€˜[01m[Kunsigned[m[Kâ€™
[2.528s]    23 |             this->thruster_count = _sdf->Get<[01;31m[Kunsigned[m[K int>("thruster_count");
[2.528s]       |                                              [01;31m[K^~~~~~~~[m[K
[2.531s] [01m[K/home/dorson/Documents/github/Doe/src/doe_simulation/src/thruster_driver_plugin.cpp:31:41:[m[K [01;31m[Kerror: [m[Kâ€˜[01m[K_sdf[m[Kâ€™ was not declared in this scope; did you mean â€˜[01m[Ksdf[m[Kâ€™?
[2.531s]    31 |         sdf::ElementPtr ros_namespace = [01;31m[K_sdf[m[K->GetElement("ros");
[2.531s]       |                                         [01;31m[K^~~~[m[K
[2.531s]       |                                         [32m[Ksdf[m[K
[2.531s] [01m[K/home/dorson/Documents/github/Doe/src/doe_simulation/src/thruster_driver_plugin.cpp:32:15:[m[K [01;31m[Kerror: [m[Kâ€˜[01m[Kclass doe_simulation::ThrusterDriver[m[Kâ€™ has no member named â€˜[01m[KGetRosNamespace[m[Kâ€™
[2.531s]    32 |         this->[01;31m[KGetRosNamespace[m[K(ros_namespace);
[2.531s]       |               [01;31m[K^~~~~~~~~~~~~~~[m[K
[2.531s] [01m[K/home/dorson/Documents/github/Doe/src/doe_simulation/src/thruster_driver_plugin.cpp:34:15:[m[K [01;31m[Kerror: [m[Kâ€˜[01m[Kclass doe_simulation::ThrusterDriver[m[Kâ€™ has no member named â€˜[01m[Kthrust_values[m[Kâ€™
[2.531s]    34 |         this->[01;31m[Kthrust_values[m[K = std::vector<double>(this->thruster_count, 0);
[2.531s]       |               [01;31m[K^~~~~~~~~~~~~[m[K
[2.531s] [01m[K/home/dorson/Documents/github/Doe/src/doe_simulation/src/thruster_driver_plugin.cpp:34:57:[m[K [01;31m[Kerror: [m[Kâ€˜[01m[Kclass doe_simulation::ThrusterDriver[m[Kâ€™ has no member named â€˜[01m[Kthruster_count[m[Kâ€™
[2.531s]    34 |         this->thrust_values = std::vector<double>(this->[01;31m[Kthruster_count[m[K, 0);
[2.531s]       |                                                         [01;31m[K^~~~~~~~~~~~~~[m[K
[2.531s] [01m[K/home/dorson/Documents/github/Doe/src/doe_simulation/src/thruster_driver_plugin.cpp:35:15:[m[K [01;31m[Kerror: [m[Kâ€˜[01m[Kclass doe_simulation::ThrusterDriver[m[Kâ€™ has no member named â€˜[01m[Kforce_cmd[m[Kâ€™
[2.531s]    35 |         this->[01;31m[Kforce_cmd[m[K = node->create_subscription<std_msgs::msg::Float64MultiArray>(
[2.531s]       |               [01;31m[K^~~~~~~~~[m[K
[2.535s] [01m[K/home/dorson/Documents/github/Doe/src/doe_simulation/src/thruster_driver_plugin.cpp:35:27:[m[K [01;31m[Kerror: [m[Kâ€˜[01m[Knode[m[Kâ€™ was not declared in this scope
[2.535s]    35 |         this->force_cmd = [01;31m[Knode[m[K->create_subscription<std_msgs::msg::Float64MultiArray>(
[2.535s]       |                           [01;31m[K^~~~[m[K
[2.535s] [01m[K/home/dorson/Documents/github/Doe/src/doe_simulation/src/thruster_driver_plugin.cpp:35:85:[m[K [01;31m[Kerror: [m[Kexpected primary-expression before â€˜[01m[K>[m[Kâ€™ token
[2.535s]    35 | orce_cmd = node->create_subscription<std_msgs::msg::Float64MultiArray[01;31m[K>[m[K(
[2.535s]       |                                                                      [01;31m[K^[m[K
[2.535s] 
[2.535s] [01m[K/home/dorson/Documents/github/Doe/src/doe_simulation/src/thruster_driver_plugin.cpp:36:35:[m[K [01;31m[Kerror: [m[Kâ€˜[01m[Kclass doe_simulation::ThrusterDriver[m[Kâ€™ has no member named â€˜[01m[Ktopic_name[m[Kâ€™
[2.535s]    36 |                             this->[01;31m[Ktopic_name[m[K,
[2.535s]       |                                   [01;31m[K^~~~~~~~~~[m[K
[2.535s] [01m[K/home/dorson/Documents/github/Doe/src/doe_simulation/src/thruster_driver_plugin.cpp:38:56:[m[K [01;31m[Kerror: [m[Kâ€˜[01m[KGetForceCmd[m[Kâ€™ is not a member of â€˜[01m[Kdoe_simulation::ThrusterDriver[m[Kâ€™
[2.535s]    38 |                             std::bind(&ThrusterDriver::[01;31m[KGetForceCmd[m[K, this, _1));
[2.535s]       |                                                        [01;31m[K^~~~~~~~~~~[m[K
[2.535s] [01m[K/home/dorson/Documents/github/Doe/src/doe_simulation/src/thruster_driver_plugin.cpp:38:75:[m[K [01;31m[Kerror: [m[Kâ€˜[01m[K_1[m[Kâ€™ was not declared in this scope; did you mean â€˜[01m[Kstd::placeholders::_1[m[Kâ€™?
[2.535s]    38 |                     std::bind(&ThrusterDriver::GetForceCmd, this, [01;31m[K_1[m[K));
[2.536s]       |                                                                   [01;31m[K^~[m[K
[2.536s]       |                                                                   [32m[Kstd::placeholders::_1[m[K
[2.536s] In file included from [01m[K/usr/include/google/protobuf/map.h:41[m[K,
[2.536s]                  from [01m[K/usr/include/google/protobuf/message.h:126[m[K,
[2.536s]                  from [01m[K/opt/ros/jazzy/opt/gz_msgs_vendor/include/gz/msgs10/gz/msgs/details/serialized.pb.h:29[m[K,
[2.536s]                  from [01m[K/opt/ros/jazzy/opt/gz_msgs_vendor/include/gz/msgs10/gz/msgs/serialized.pb.h:12[m[K,
[2.536s]                  from [01m[K/opt/ros/jazzy/opt/gz_sim_vendor/include/gz/sim8/gz/sim/EntityComponentManager.hh:20[m[K,
[2.536s]                  from [01m[K/opt/ros/jazzy/opt/gz_sim_vendor/include/gz/sim8/gz/sim/Model.hh:27[m[K,
[2.536s]                  from [01m[K/home/dorson/Documents/github/Doe/src/doe_simulation/include/doe_simulation/thruster_driver_plugin.hpp:4[m[K,
[2.536s]                  from [01m[K/home/dorson/Documents/github/Doe/src/doe_simulation/src/thruster_driver_plugin.cpp:1[m[K:
[2.536s] [01m[K/usr/include/c++/13/functional:294:48:[m[K [01;36m[Knote: [m[Kâ€˜[01m[Kstd::placeholders::_1[m[Kâ€™ declared here
[2.536s]   294 |     _GLIBCXX_PLACEHOLDER const _Placeholder<1> [01;36m[K_1[m[K;
[2.536s]       |                                                [01;36m[K^~[m[K
[2.536s] In file included from [01m[K/opt/ros/jazzy/include/rclcpp/rclcpp/copy_all_parameter_values.hpp:27[m[K,
[2.536s]                  from [01m[K/opt/ros/jazzy/include/rclcpp/rclcpp/rclcpp.hpp:171[m[K,
[2.536s]                  from [01m[K/home/dorson/Documents/github/Doe/src/doe_simulation/include/doe_simulation/thruster_driver_plugin.hpp:9[m[K:
[2.536s] [01m[K/home/dorson/Documents/github/Doe/src/doe_simulation/src/thruster_driver_plugin.cpp:40:9:[m[K [01;31m[Kerror: [m[Ktemplate argument 1 is invalid
[2.536s]    40 |         [01;31m[KRCLCPP_INFO[m[K(node->get_logger(), "Listening on " + this->topic_name + "\n");
[2.536s]       |         [01;31m[K^~~~~~~~~~~[m[K
[2.536s] [01m[K/home/dorson/Documents/github/Doe/src/doe_simulation/src/thruster_driver_plugin.cpp:40:9:[m[K [01;31m[Kerror: [m[Ktemplate argument 1 is invalid
[2.536s]    40 |         [01;31m[KRCLCPP_INFO[m[K(node->get_logger(), "Listening on " + this->topic_name + "\n");
[2.536s]       |         [01;31m[K^~~~~~~~~~~[m[K
[2.536s] [01m[K/home/dorson/Documents/github/Doe/src/doe_simulation/src/thruster_driver_plugin.cpp:40:9:[m[K [01;31m[Kerror: [m[Ktemplate argument 1 is invalid
[2.536s]    40 |         [01;31m[KRCLCPP_INFO[m[K(node->get_logger(), "Listening on " + this->topic_name + "\n");
[2.536s]       |         [01;31m[K^~~~~~~~~~~[m[K
[2.536s] In file included from [01m[K/opt/ros/jazzy/include/rclcpp/rclcpp/logging.hpp:24[m[K:
[2.536s] [01m[K/home/dorson/Documents/github/Doe/src/doe_simulation/src/thruster_driver_plugin.cpp:40:65:[m[K [01;31m[Kerror: [m[Kâ€˜[01m[Kclass doe_simulation::ThrusterDriver[m[Kâ€™ has no member named â€˜[01m[Ktopic_name[m[Kâ€™
[2.536s]    40 |     RCLCPP_INFO(node->get_logger(), "Listening on " + this->[01;31m[Ktopic_name[m[K + "\n");
[2.536s]       |                                                             [01;31m[K^~~~~~~~~~[m[K
[2.536s] 
[2.539s] [01m[K/home/dorson/Documents/github/Doe/src/doe_simulation/src/thruster_driver_plugin.cpp:42:34:[m[K [01;31m[Kerror: [m[Kâ€˜[01m[K_model[m[Kâ€™ was not declared in this scope; did you mean â€˜[01m[Kmodfl[m[Kâ€™?
[2.539s]    42 |         std::string model_name = [01;31m[K_model[m[K->GetName();
[2.539s]       |                                  [01;31m[K^~~~~~[m[K
[2.539s]       |                                  [32m[Kmodfl[m[K
[2.545s] [01m[K/home/dorson/Documents/github/Doe/src/doe_simulation/src/thruster_driver_plugin.cpp:44:39:[m[K [01;31m[Kerror: [m[Kâ€˜[01m[Kthruster_count[m[Kâ€™ was not declared in this scope
[2.546s]    44 |         for (unsigned int i = 1; i <= [01;31m[Kthruster_count[m[K; i++)
[2.546s]       |                                       [01;31m[K^~~~~~~~~~~~~~[m[K
[2.546s] [01m[K/home/dorson/Documents/github/Doe/src/doe_simulation/src/thruster_driver_plugin.cpp:47:19:[m[K [01;31m[Kerror: [m[Kâ€˜[01m[Kclass doe_simulation::ThrusterDriver[m[Kâ€™ has no member named â€˜[01m[Kthruster[m[Kâ€™
[2.546s]    47 |             this->[01;31m[Kthruster[m[K.push_back(_model->GetLink(thruster_name));
[2.546s]       |                   [01;31m[K^~~~~~~~[m[K
[2.546s] [01m[K/home/dorson/Documents/github/Doe/src/doe_simulation/src/thruster_driver_plugin.cpp:49:31:[m[K [01;31m[Kerror: [m[Kâ€˜[01m[Kclass doe_simulation::ThrusterDriver[m[Kâ€™ has no member named â€˜[01m[Knode[m[Kâ€™
[2.546s]    49 |             RCLCPP_INFO(this->[01;31m[Knode[m[K->get_logger(), this->thruster[i-1]->GetName());
[2.546s]       |                               [01;31m[K^~~~[m[K
[2.546s] [01m[K/home/dorson/Documents/github/Doe/src/doe_simulation/src/thruster_driver_plugin.cpp:49:31:[m[K [01;31m[Kerror: [m[Kâ€˜[01m[Kclass doe_simulation::ThrusterDriver[m[Kâ€™ has no member named â€˜[01m[Knode[m[Kâ€™
[2.546s] [01m[K/home/dorson/Documents/github/Doe/src/doe_simulation/src/thruster_driver_plugin.cpp:49:13:[m[K [01;31m[Kerror: [m[Ktemplate argument 1 is invalid
[2.546s]    49 |             [01;31m[KRCLCPP_INFO[m[K(this->node->get_logger(), this->thruster[i-1]->GetName());
[2.546s]       |             [01;31m[K^~~~~~~~~~~[m[K
[2.546s] [01m[K/home/dorson/Documents/github/Doe/src/doe_simulation/src/thruster_driver_plugin.cpp:49:13:[m[K [01;31m[Kerror: [m[Ktemplate argument 1 is invalid
[2.546s]    49 |             [01;31m[KRCLCPP_INFO[m[K(this->node->get_logger(), this->thruster[i-1]->GetName());
[2.546s]       |             [01;31m[K^~~~~~~~~~~[m[K
[2.546s] [01m[K/home/dorson/Documents/github/Doe/src/doe_simulation/src/thruster_driver_plugin.cpp:49:13:[m[K [01;31m[Kerror: [m[Ktemplate argument 1 is invalid
[2.546s]    49 |             [01;31m[KRCLCPP_INFO[m[K(this->node->get_logger(), this->thruster[i-1]->GetName());
[2.546s]       |             [01;31m[K^~~~~~~~~~~[m[K
[2.546s] [01m[K/home/dorson/Documents/github/Doe/src/doe_simulation/src/thruster_driver_plugin.cpp:49:31:[m[K [01;31m[Kerror: [m[Kâ€˜[01m[Kclass doe_simulation::ThrusterDriver[m[Kâ€™ has no member named â€˜[01m[Knode[m[Kâ€™
[2.546s]    49 |             RCLCPP_INFO(this->[01;31m[Knode[m[K->get_logger(), this->thruster[i-1]->GetName());
[2.546s]       |                               [01;31m[K^~~~[m[K
[2.547s] [01m[K/home/dorson/Documents/github/Doe/src/doe_simulation/src/thruster_driver_plugin.cpp:49:31:[m[K [01;31m[Kerror: [m[Kâ€˜[01m[Kclass doe_simulation::ThrusterDriver[m[Kâ€™ has no member named â€˜[01m[Knode[m[Kâ€™
[2.547s]    49 |             RCLCPP_INFO(this->[01;31m[Knode[m[K->get_logger(), this->thruster[i-1]->GetName());
[2.547s]       |                               [01;31m[K^~~~[m[K
[2.547s] [01m[K/home/dorson/Documents/github/Doe/src/doe_simulation/src/thruster_driver_plugin.cpp:49:57:[m[K [01;31m[Kerror: [m[Kâ€˜[01m[Kclass doe_simulation::ThrusterDriver[m[Kâ€™ has no member named â€˜[01m[Kthruster[m[Kâ€™
[2.547s]    49 |             RCLCPP_INFO(this->node->get_logger(), this->[01;31m[Kthruster[m[K[i-1]->GetName());
[2.547s]       |                                                         [01;31m[K^~~~~~~~[m[K
[2.547s] [01m[K/home/dorson/Documents/github/Doe/src/doe_simulation/src/thruster_driver_plugin.cpp:52:15:[m[K [01;31m[Kerror: [m[Kâ€˜[01m[Kclass doe_simulation::ThrusterDriver[m[Kâ€™ has no member named â€˜[01m[KupdateConnection_[m[Kâ€™
[2.547s]    52 |         this->[01;31m[KupdateConnection_[m[K = gazebo::event::Events::ConnectWorldUpdateBegin(
[2.547s]       |               [01;31m[K^~~~~~~~~~~~~~~~~[m[K
[2.547s] [01m[K/home/dorson/Documents/github/Doe/src/doe_simulation/src/thruster_driver_plugin.cpp:52:35:[m[K [01;31m[Kerror: [m[Kâ€˜[01m[Kgazebo[m[Kâ€™ has not been declared
[2.547s]    52 |         this->updateConnection_ = [01;31m[Kgazebo[m[K::event::Events::ConnectWorldUpdateBegin(
[2.547s]       |                                   [01;31m[K^~~~~~[m[K
[2.547s] [01m[K/home/dorson/Documents/github/Doe/src/doe_simulation/src/thruster_driver_plugin.cpp:53:64:[m[K [01;31m[Kerror: [m[Kâ€˜[01m[KApplyForce[m[Kâ€™ is not a member of â€˜[01m[Kdoe_simulation::ThrusterDriver[m[Kâ€™
[2.547s]    53 |                                  std::bind(&ThrusterDriver::[01;31m[KApplyForce[m[K, this));
[2.547s]       |                                                             [01;31m[K^~~~~~~~~~[m[K
[2.547s] 
[2.547s] [01m[K/home/dorson/Documents/github/Doe/src/doe_simulation/src/thruster_driver_plugin.cpp:56:15:[m[K [01;31m[Kerror: [m[Kâ€˜[01m[Kclass doe_simulation::ThrusterDriver[m[Kâ€™ has no member named â€˜[01m[KspinThread[m[Kâ€™
[2.547s]    56 |         this->[01;31m[KspinThread[m[K = std::thread(std::bind(&ThrusterDriver::SpinNode, this));
[2.547s]       |               [01;31m[K^~~~~~~~~~[m[K
[2.547s] [01m[K/home/dorson/Documents/github/Doe/src/doe_simulation/src/thruster_driver_plugin.cpp:56:67:[m[K [01;31m[Kerror: [m[Kâ€˜[01m[KSpinNode[m[Kâ€™ is not a member of â€˜[01m[Kdoe_simulation::ThrusterDriver[m[Kâ€™
[2.547s]    56 |   this->spinThread = std::thread(std::bind(&ThrusterDriver::[01;31m[KSpinNode[m[K, this));
[2.547s]       |                                                             [01;31m[K^~~~~~~~[m[K
[2.547s] 
[2.547s] [01m[K/home/dorson/Documents/github/Doe/src/doe_simulation/src/thruster_driver_plugin.cpp:20:47:[m[K [01;35m[Kwarning: [m[Kunused parameter â€˜[01m[K_info[m[Kâ€™ [[01;35m[K]8;;https://gcc.gnu.org/onlinedocs/gcc/Warning-Options.html#index-Wunused-parameter-Wunused-parameter]8;;[m[K]
[2.548s]    20 | void ThrusterDriver::Update([01;35m[Kconst UpdateInfo &_info[m[K, EntityComponentManager &_ecm) {
[2.548s]       |                             [01;35m[K~~~~~~~~~~~~~~~~~~^~~~~[m[K
[2.548s] [01m[K/home/dorson/Documents/github/Doe/src/doe_simulation/src/thruster_driver_plugin.cpp:20:78:[m[K [01;35m[Kwarning: [m[Kunused parameter â€˜[01m[K_ecm[m[Kâ€™ [[01;35m[K]8;;https://gcc.gnu.org/onlinedocs/gcc/Warning-Options.html#index-Wunused-parameter-Wunused-parameter]8;;[m[K]
[2.548s]    20 | Driver::Update(const UpdateInfo &_info, [01;35m[KEntityComponentManager &_ecm[m[K) {
[2.548s]       |                                         [01;35m[K~~~~~~~~~~~~~~~~~~~~~~~~^~~~[m[K
[2.548s] 
[3.516s] gmake[2]: *** [CMakeFiles/thruster_driver_plugin.dir/build.make:76: CMakeFiles/thruster_driver_plugin.dir/src/thruster_driver_plugin.cpp.o] Error 1
[3.516s] gmake[1]: *** [CMakeFiles/Makefile2:137: CMakeFiles/thruster_driver_plugin.dir/all] Error 2
[3.517s] gmake: *** [Makefile:166: all] Error 2
[3.520s] Invoked command in '/home/dorson/Documents/github/Doe/src/doe_simulation/build/doe_simulation' returned '2': CMAKE_PREFIX_PATH=${CMAKE_PREFIX_PATH}:/opt/ros/jazzy DEBUGINFOD_URLS=https://debuginfod.ubuntu.com /usr/bin/cmake --build /home/dorson/Documents/github/Doe/src/doe_simulation/build/doe_simulation -- -j20 -l20
