[0.010s] Invoking command in '/home/dorson/Documents/github/Doe/src/doe_simulation/build/doe_simulation': CMAKE_PREFIX_PATH=${CMAKE_PREFIX_PATH}:/opt/ros/jazzy DEBUGINFOD_URLS=https://debuginfod.ubuntu.com /usr/bin/cmake --build /home/dorson/Documents/github/Doe/src/doe_simulation/build/doe_simulation -- -j20 -l20
[0.091s] [ 50%] [32mBuilding CXX object CMakeFiles/thruster_driver_plugin.dir/src/thruster_driver_plugin.cpp.o[0m
[1.982s] [01m[K/home/dorson/Documents/github/Doe/src/doe_simulation/src/thruster_driver_plugin.cpp:[m[K In constructor â€˜[01m[Kdoe_simulation::ThrusterDriver::[01;32m[KThrusterDriver[m[K()[m[Kâ€™:
[1.982s] [01m[K/home/dorson/Documents/github/Doe/src/doe_simulation/src/thruster_driver_plugin.cpp:7:104:[m[K [01;31m[Kerror: [m[Kexpected class-name before â€˜[01m[K([m[Kâ€™ token
[1.982s]     7 | {rclcpp::Node::make_shared("thruster_driver")}, rclcpp::init[01;31m[K([m[K0, nullptr); {}
[1.982s]       |                                                             [01;31m[K^[m[K
[1.982s] 
[1.982s] [01m[K/home/dorson/Documents/github/Doe/src/doe_simulation/src/thruster_driver_plugin.cpp:7:104:[m[K [01;31m[Kerror: [m[Kexpected â€˜[01m[K{[m[Kâ€™ before â€˜[01m[K([m[Kâ€™ token
[1.982s] [01m[K/home/dorson/Documents/github/Doe/src/doe_simulation/src/thruster_driver_plugin.cpp:[m[K At global scope:
[1.982s] [01m[K/home/dorson/Documents/github/Doe/src/doe_simulation/src/thruster_driver_plugin.cpp:7:105:[m[K [01;31m[Kerror: [m[Kexpected unqualified-id before numeric constant
[1.983s]     7 | rclcpp::Node::make_shared("thruster_driver")}, rclcpp::init([01;31m[K0[m[K, nullptr); {}
[1.983s]       |                                                             [01;31m[K^[m[K
[1.983s] 
[1.983s] [01m[K/home/dorson/Documents/github/Doe/src/doe_simulation/src/thruster_driver_plugin.cpp:7:105:[m[K [01;31m[Kerror: [m[Kexpected â€˜[01m[K)[m[Kâ€™ before numeric constant
[1.983s]     7 | rclcpp::Node::make_shared("thruster_driver")}, rclcpp::init[34m[K([m[K[01;31m[K0[m[K, nullptr); {}
[1.983s]       |                                                            [34m[K~[m[K[01;31m[K^[m[K
[1.983s]       |                                                             [32m[K)[m[K
[1.983s] [01m[K/home/dorson/Documents/github/Doe/src/doe_simulation/src/thruster_driver_plugin.cpp:7:118:[m[K [01;31m[Kerror: [m[Kexpected unqualified-id before â€˜[01m[K{[m[Kâ€™ token
[1.983s]     7 | pp::Node::make_shared("thruster_driver")}, rclcpp::init(0, nullptr); [01;31m[K{[m[K}
[1.983s]       |                                                                      [01;31m[K^[m[K
[1.983s] 
[3.476s] gmake[2]: *** [CMakeFiles/thruster_driver_plugin.dir/build.make:76: CMakeFiles/thruster_driver_plugin.dir/src/thruster_driver_plugin.cpp.o] Error 1
[3.476s] gmake[1]: *** [CMakeFiles/Makefile2:137: CMakeFiles/thruster_driver_plugin.dir/all] Error 2
[3.476s] gmake: *** [Makefile:166: all] Error 2
[3.478s] Invoked command in '/home/dorson/Documents/github/Doe/src/doe_simulation/build/doe_simulation' returned '2': CMAKE_PREFIX_PATH=${CMAKE_PREFIX_PATH}:/opt/ros/jazzy DEBUGINFOD_URLS=https://debuginfod.ubuntu.com /usr/bin/cmake --build /home/dorson/Documents/github/Doe/src/doe_simulation/build/doe_simulation -- -j20 -l20
