[0.027s] Invoking command in '/home/dorson/Documents/github/Doe/src/doe_control/build/doe_control': CMAKE_PREFIX_PATH=${CMAKE_PREFIX_PATH}:/opt/ros/jazzy DEBUGINFOD_URLS=https://debuginfod.ubuntu.com /usr/bin/cmake --build /home/dorson/Documents/github/Doe/src/doe_control/build/doe_control -- -j20 -l20
[0.134s] [ 50%] [32mBuilding CXX object CMakeFiles/thrust_publisher.dir/src/thrust_publisher.cpp.o[0m
[3.892s] In file included from [01m[K/opt/ros/jazzy/include/rclcpp/rclcpp/copy_all_parameter_values.hpp:27[m[K,
[3.892s]                  from [01m[K/opt/ros/jazzy/include/rclcpp/rclcpp/rclcpp.hpp:171[m[K,
[3.892s]                  from [01m[K/home/dorson/Documents/github/Doe/src/doe_control/include/doe_control/thrust_publisher.hpp:9[m[K,
[3.893s]                  from [01m[K/home/dorson/Documents/github/Doe/src/doe_control/src/thrust_publisher.cpp:1[m[K:
[3.893s] [01m[K/home/dorson/Documents/github/Doe/src/doe_control/src/thrust_publisher.cpp:[m[K In member function â€˜[01m[Kvoid doe_control::ThrustPublisher::[01;32m[KwrenchCallback[m[K(geometry_msgs::msg::Wrench_<std::allocator<void> >::SharedPtr) const[m[Kâ€™:
[3.893s] [01m[K/home/dorson/Documents/github/Doe/src/doe_control/src/thrust_publisher.cpp:123:21:[m[K [01;31m[Kerror: [m[Kâ€˜[01m[Knode[m[Kâ€™ was not declared in this scope; did you mean â€˜[01m[KNode[m[Kâ€™?
[3.893s]   123 |         RCLCPP_INFO([01;31m[Knode[m[K->get_logger(), std::to_string(forces_msg.data[0]).c_str());
[3.893s]       |                     [01;31m[K^~~~[m[K
[3.893s] [01m[K/home/dorson/Documents/github/Doe/src/doe_control/src/thrust_publisher.cpp:123:9:[m[K [01;31m[Kerror: [m[Ktemplate argument 1 is invalid
[3.893s]   123 |         [01;31m[KRCLCPP_INFO[m[K(node->get_logger(), std::to_string(forces_msg.data[0]).c_str());
[3.893s]       |         [01;31m[K^~~~~~~~~~~[m[K
[3.893s] [01m[K/home/dorson/Documents/github/Doe/src/doe_control/src/thrust_publisher.cpp:123:9:[m[K [01;31m[Kerror: [m[Ktemplate argument 1 is invalid
[3.893s]   123 |         [01;31m[KRCLCPP_INFO[m[K(node->get_logger(), std::to_string(forces_msg.data[0]).c_str());
[3.893s]       |         [01;31m[K^~~~~~~~~~~[m[K
[3.894s] [01m[K/home/dorson/Documents/github/Doe/src/doe_control/src/thrust_publisher.cpp:123:9:[m[K [01;31m[Kerror: [m[Ktemplate argument 1 is invalid
[3.894s]   123 |         [01;31m[KRCLCPP_INFO[m[K(node->get_logger(), std::to_string(forces_msg.data[0]).c_str());
[3.894s]       |         [01;31m[K^~~~~~~~~~~[m[K
[7.650s] gmake[2]: *** [CMakeFiles/thrust_publisher.dir/build.make:76: CMakeFiles/thrust_publisher.dir/src/thrust_publisher.cpp.o] Error 1
[7.650s] gmake[1]: *** [CMakeFiles/Makefile2:137: CMakeFiles/thrust_publisher.dir/all] Error 2
[7.654s] gmake: *** [Makefile:146: all] Error 2
[7.654s] Invoked command in '/home/dorson/Documents/github/Doe/src/doe_control/build/doe_control' returned '2': CMAKE_PREFIX_PATH=${CMAKE_PREFIX_PATH}:/opt/ros/jazzy DEBUGINFOD_URLS=https://debuginfod.ubuntu.com /usr/bin/cmake --build /home/dorson/Documents/github/Doe/src/doe_control/build/doe_control -- -j20 -l20
