[0.010s] Invoking command in '/home/dorson/Documents/github/Doe/src/doe_simulation/build/doe_simulation': CMAKE_PREFIX_PATH=${CMAKE_PREFIX_PATH}:/opt/ros/jazzy DEBUGINFOD_URLS=https://debuginfod.ubuntu.com /usr/bin/cmake --build /home/dorson/Documents/github/Doe/src/doe_simulation/build/doe_simulation -- -j20 -l20
[0.075s] [ 50%] [32mBuilding CXX object CMakeFiles/thruster_driver_plugin.dir/src/thruster_driver_plugin.cpp.o[0m
[1.990s] [01m[K/home/dorson/Documents/github/Doe/src/doe_simulation/src/thruster_driver_plugin.cpp:[m[K In constructor â€˜[01m[Kdoe_simulation::ThrusterDriver::[01;32m[KThrusterDriver[m[K()[m[Kâ€™:
[1.990s] [01m[K/home/dorson/Documents/github/Doe/src/doe_simulation/src/thruster_driver_plugin.cpp:7:55:[m[K [01;31m[Kerror: [m[Kâ€˜[01m[KGet[m[Kâ€™ is not a member of â€˜[01m[Krclcpp::Node[m[Kâ€™
[1.990s]     7 | ThrusterDriver::ThrusterDriver() : node{rclcpp::Node::[01;31m[KGet[m[K("thruster_driver")}, {}
[1.990s]       |                                                       [01;31m[K^~~[m[K
[1.990s] [01m[K/home/dorson/Documents/github/Doe/src/doe_simulation/src/thruster_driver_plugin.cpp:7:80:[m[K [01;31m[Kerror: [m[Kexpected identifier before â€˜[01m[K{[m[Kâ€™ token
[1.990s]     7 | iver::ThrusterDriver() : node{rclcpp::Node::Get("thruster_driver")}, [01;31m[K{[m[K}
[1.990s]       |                                                                      [01;31m[K^[m[K
[1.991s] 
[1.991s] [01m[K/home/dorson/Documents/github/Doe/src/doe_simulation/src/thruster_driver_plugin.cpp:7:36:[m[K [01;31m[Kerror: [m[Kno matching function for call to â€˜[01m[Kstd::shared_ptr<rclcpp::Node>::shared_ptr(<brace-enclosed initializer list>)[m[Kâ€™
[1.991s]     7 | ThrusterDriver::ThrusterDriver() : [01;31m[Knode{rclcpp::Node::Get("thruster_driver")}[m[K, {}
[1.991s]       |                                    [01;31m[K^~~~~~~~~~~~~~~~~~~~~~~~~~~~~~~~~~~~~~~~~~[m[K
[1.991s] In file included from [01m[K/usr/include/c++/13/memory:80[m[K,
[1.991s]                  from [01m[K/opt/ros/jazzy/opt/gz_sim_vendor/include/gz/sim8/gz/sim/Model.hh:20[m[K,
[1.991s]                  from [01m[K/home/dorson/Documents/github/Doe/src/doe_simulation/include/doe_simulation/thruster_driver_plugin.hpp:4[m[K,
[1.991s]                  from [01m[K/home/dorson/Documents/github/Doe/src/doe_simulation/src/thruster_driver_plugin.cpp:1[m[K:
[1.991s] [01m[K/usr/include/c++/13/bits/shared_ptr.h:463:9:[m[K [01;36m[Knote: [m[Kcandidate: â€˜[01m[Ktemplate<class _Alloc, class ... _Args> std::shared_ptr<_Tp>::[01;32m[Kshared_ptr[m[K(std::_Sp_alloc_shared_tag<_Tp>, _Args&& ...) [35m[K[with _Args = _Alloc; _Tp = rclcpp::Node][m[K[m[Kâ€™
[1.991s]   463 |         [01;36m[Kshared_ptr[m[K(_Sp_alloc_shared_tag<_Alloc> __tag, _Args&&... __args)
[1.991s]       |         [01;36m[K^~~~~~~~~~[m[K
[1.991s] [01m[K/usr/include/c++/13/bits/shared_ptr.h:463:9:[m[K [01;36m[Knote: [m[K  template argument deduction/substitution failed:
[1.991s] [01m[K/usr/include/c++/13/bits/shared_ptr.h:395:9:[m[K [01;36m[Knote: [m[Kcandidate: â€˜[01m[Ktemplate<class _Yp, class _Del, class> std::shared_ptr<_Tp>::[01;32m[Kshared_ptr[m[K(std::unique_ptr<_Up, _Ep>&&) [35m[K[with _Del = _Yp; <template-parameter-2-3> = _Del; _Tp = rclcpp::Node][m[K[m[Kâ€™
[1.991s]   395 |         [01;36m[Kshared_ptr[m[K(unique_ptr<_Yp, _Del>&& __r)
[1.991s]       |         [01;36m[K^~~~~~~~~~[m[K
[1.991s] [01m[K/usr/include/c++/13/bits/shared_ptr.h:395:9:[m[K [01;36m[Knote: [m[K  template argument deduction/substitution failed:
[1.991s] [01m[K/usr/include/c++/13/bits/shared_ptr.h:387:9:[m[K [01;36m[Knote: [m[Kcandidate: â€˜[01m[Ktemplate<class _Yp, class> std::shared_ptr<_Tp>::[01;32m[Kshared_ptr[m[K(std::auto_ptr<_Up>&&) [35m[K[with _Yp = _Tp1; _Tp = rclcpp::Node][m[K[m[Kâ€™
[1.991s]   387 |         [01;36m[Kshared_ptr[m[K(auto_ptr<_Yp>&& __r);
[1.991s]       |         [01;36m[K^~~~~~~~~~[m[K
[1.991s] [01m[K/usr/include/c++/13/bits/shared_ptr.h:387:9:[m[K [01;36m[Knote: [m[K  template argument deduction/substitution failed:
[1.991s] [01m[K/usr/include/c++/13/bits/shared_ptr.h:380:18:[m[K [01;36m[Knote: [m[Kcandidate: â€˜[01m[Ktemplate<class _Yp, class> std::shared_ptr<_Tp>::[01;32m[Kshared_ptr[m[K(const std::weak_ptr<_Yp>&) [35m[K[with <template-parameter-2-2> = _Yp; _Tp = rclcpp::Node][m[K[m[Kâ€™
[1.991s]   380 |         explicit [01;36m[Kshared_ptr[m[K(const weak_ptr<_Yp>& __r)
[1.991s]       |                  [01;36m[K^~~~~~~~~~[m[K
[1.991s] [01m[K/usr/include/c++/13/bits/shared_ptr.h:380:18:[m[K [01;36m[Knote: [m[K  template argument deduction/substitution failed:
[1.991s] [01m[K/usr/include/c++/13/bits/shared_ptr.h:368:9:[m[K [01;36m[Knote: [m[Kcandidate: â€˜[01m[Ktemplate<class _Yp, class> std::shared_ptr<_Tp>::[01;32m[Kshared_ptr[m[K(std::shared_ptr<_Yp>&&) [35m[K[with <template-parameter-2-2> = _Yp; _Tp = rclcpp::Node][m[K[m[Kâ€™
[1.991s]   368 |         [01;36m[Kshared_ptr[m[K(shared_ptr<_Yp>&& __r) noexcept
[1.991s]       |         [01;36m[K^~~~~~~~~~[m[K
[1.991s] [01m[K/usr/include/c++/13/bits/shared_ptr.h:368:9:[m[K [01;36m[Knote: [m[K  template argument deduction/substitution failed:
[1.991s] [01m[K/usr/include/c++/13/bits/shared_ptr.h:351:9:[m[K [01;36m[Knote: [m[Kcandidate: â€˜[01m[Ktemplate<class _Yp, class> std::shared_ptr<_Tp>::[01;32m[Kshared_ptr[m[K(const std::shared_ptr<_Yp>&) [35m[K[with <template-parameter-2-2> = _Yp; _Tp = rclcpp::Node][m[K[m[Kâ€™
[1.991s]   351 |         [01;36m[Kshared_ptr[m[K(const shared_ptr<_Yp>& __r) noexcept
[1.992s]       |         [01;36m[K^~~~~~~~~~[m[K
[1.992s] [01m[K/usr/include/c++/13/bits/shared_ptr.h:351:9:[m[K [01;36m[Knote: [m[K  template argument deduction/substitution failed:
[1.992s] [01m[K/usr/include/c++/13/bits/shared_ptr.h:311:9:[m[K [01;36m[Knote: [m[Kcandidate: â€˜[01m[Ktemplate<class _Yp> std::shared_ptr<_Tp>::[01;32m[Kshared_ptr[m[K(const std::shared_ptr<_Yp>&, element_type*) [35m[K[with _Tp = rclcpp::Node][m[K[m[Kâ€™
[1.992s]   311 |         [01;36m[Kshared_ptr[m[K(const shared_ptr<_Yp>& __r, element_type* __p) noexcept
[1.992s]       |         [01;36m[K^~~~~~~~~~[m[K
[1.992s] [01m[K/usr/include/c++/13/bits/shared_ptr.h:311:9:[m[K [01;36m[Knote: [m[K  template argument deduction/substitution failed:
[1.992s] [01m[K/usr/include/c++/13/bits/shared_ptr.h:287:9:[m[K [01;36m[Knote: [m[Kcandidate: â€˜[01m[Ktemplate<class _Deleter, class _Alloc> std::shared_ptr<_Tp>::[01;32m[Kshared_ptr[m[K(std::nullptr_t, _Deleter, _Alloc) [35m[K[with _Alloc = _Deleter; _Tp = rclcpp::Node][m[K[m[Kâ€™
[1.992s]   287 |         [01;36m[Kshared_ptr[m[K(nullptr_t __p, _Deleter __d, _Alloc __a)
[1.992s]       |         [01;36m[K^~~~~~~~~~[m[K
[1.992s] [01m[K/usr/include/c++/13/bits/shared_ptr.h:287:9:[m[K [01;36m[Knote: [m[K  template argument deduction/substitution failed:
[1.992s] [01m[K/usr/include/c++/13/bits/shared_ptr.h:268:9:[m[K [01;36m[Knote: [m[Kcandidate: â€˜[01m[Ktemplate<class _Yp, class _Deleter, class _Alloc, class> std::shared_ptr<_Tp>::[01;32m[Kshared_ptr[m[K(_Yp*, _Deleter, _Alloc) [35m[K[with _Deleter = _Yp; _Alloc = _Deleter; <template-parameter-2-4> = _Alloc; _Tp = rclcpp::Node][m[K[m[Kâ€™
[1.992s]   268 |         [01;36m[Kshared_ptr[m[K(_Yp* __p, _Deleter __d, _Alloc __a)
[1.992s]       |         [01;36m[K^~~~~~~~~~[m[K
[1.992s] [01m[K/usr/include/c++/13/bits/shared_ptr.h:268:9:[m[K [01;36m[Knote: [m[K  template argument deduction/substitution failed:
[1.992s] [01m[K/usr/include/c++/13/bits/shared_ptr.h:248:9:[m[K [01;36m[Knote: [m[Kcandidate: â€˜[01m[Ktemplate<class _Deleter> std::shared_ptr<_Tp>::[01;32m[Kshared_ptr[m[K(std::nullptr_t, _Deleter) [35m[K[with _Tp = rclcpp::Node][m[K[m[Kâ€™
[1.992s]   248 |         [01;36m[Kshared_ptr[m[K(nullptr_t __p, _Deleter __d)
[1.992s]       |         [01;36m[K^~~~~~~~~~[m[K
[1.992s] [01m[K/usr/include/c++/13/bits/shared_ptr.h:248:9:[m[K [01;36m[Knote: [m[K  template argument deduction/substitution failed:
[1.992s] [01m[K/usr/include/c++/13/bits/shared_ptr.h:231:9:[m[K [01;36m[Knote: [m[Kcandidate: â€˜[01m[Ktemplate<class _Yp, class _Deleter, class> std::shared_ptr<_Tp>::[01;32m[Kshared_ptr[m[K(_Yp*, _Deleter) [35m[K[with _Deleter = _Yp; <template-parameter-2-3> = _Deleter; _Tp = rclcpp::Node][m[K[m[Kâ€™
[1.992s]   231 |         [01;36m[Kshared_ptr[m[K(_Yp* __p, _Deleter __d)
[1.992s]       |         [01;36m[K^~~~~~~~~~[m[K
[1.992s] [01m[K/usr/include/c++/13/bits/shared_ptr.h:231:9:[m[K [01;36m[Knote: [m[K  template argument deduction/substitution failed:
[1.992s] [01m[K/usr/include/c++/13/bits/shared_ptr.h:214:9:[m[K [01;36m[Knote: [m[Kcandidate: â€˜[01m[Ktemplate<class _Yp, class> std::shared_ptr<_Tp>::[01;32m[Kshared_ptr[m[K(_Yp*) [35m[K[with <template-parameter-2-2> = _Yp; _Tp = rclcpp::Node][m[K[m[Kâ€™
[1.992s]   214 |         [01;36m[Kshared_ptr[m[K(_Yp* __p) : __shared_ptr<_Tp>(__p) { }
[1.992s]       |         [01;36m[K^~~~~~~~~~[m[K
[1.992s] [01m[K/usr/include/c++/13/bits/shared_ptr.h:214:9:[m[K [01;36m[Knote: [m[K  template argument deduction/substitution failed:
[1.992s] [01m[K/usr/include/c++/13/bits/shared_ptr.h:535:7:[m[K [01;36m[Knote: [m[Kcandidate: â€˜[01m[Kstd::shared_ptr<_Tp>::[01;32m[Kshared_ptr[m[K(const std::weak_ptr<_Tp>&, std::nothrow_t) [35m[K[with _Tp = rclcpp::Node][m[K[m[Kâ€™
[1.992s]   535 |       [01;36m[Kshared_ptr[m[K(const weak_ptr<_Tp>& __r, std::nothrow_t) noexcept
[1.992s]       |       [01;36m[K^~~~~~~~~~[m[K
[1.992s] [01m[K/usr/include/c++/13/bits/shared_ptr.h:535:7:[m[K [01;36m[Knote: [m[K  candidate expects 2 arguments, 1 provided
[1.992s] [01m[K/usr/include/c++/13/bits/shared_ptr.h:412:17:[m[K [01;36m[Knote: [m[Kcandidate: â€˜[01m[Kconstexpr std::shared_ptr<_Tp>::[01;32m[Kshared_ptr[m[K(std::nullptr_t) [35m[K[with _Tp = rclcpp::Node; std::nullptr_t = std::nullptr_t][m[K[m[Kâ€™
[1.992s]   412 |       constexpr [01;36m[Kshared_ptr[m[K(nullptr_t) noexcept : shared_ptr() { }
[1.993s]       |                 [01;36m[K^~~~~~~~~~[m[K
[1.993s] [01m[K/usr/include/c++/13/bits/shared_ptr.h:412:17:[m[K [01;36m[Knote: [m[K  conversion of argument 1 would be ill-formed:
[1.993s] [01m[K/usr/include/c++/13/bits/shared_ptr.h:359:7:[m[K [01;36m[Knote: [m[Kcandidate: â€˜[01m[Kstd::shared_ptr<_Tp>::[01;32m[Kshared_ptr[m[K(std::shared_ptr<_Tp>&&) [35m[K[with _Tp = rclcpp::Node][m[K[m[Kâ€™
[1.993s]   359 |       [01;36m[Kshared_ptr[m[K(shared_ptr&& __r) noexcept
[1.993s]       |       [01;36m[K^~~~~~~~~~[m[K
[1.993s] [01m[K/usr/include/c++/13/bits/shared_ptr.h:359:7:[m[K [01;36m[Knote: [m[K  conversion of argument 1 would be ill-formed:
[1.993s] [01m[K/usr/include/c++/13/bits/shared_ptr.h:204:7:[m[K [01;36m[Knote: [m[Kcandidate: â€˜[01m[Kstd::shared_ptr<_Tp>::[01;32m[Kshared_ptr[m[K(const std::shared_ptr<_Tp>&) [35m[K[with _Tp = rclcpp::Node][m[K[m[Kâ€™
[1.993s]   204 |       [01;36m[Kshared_ptr[m[K(const shared_ptr&) noexcept = default; ///< Copy constructor
[1.993s]       |       [01;36m[K^~~~~~~~~~[m[K
[1.993s] [01m[K/usr/include/c++/13/bits/shared_ptr.h:204:7:[m[K [01;36m[Knote: [m[K  conversion of argument 1 would be ill-formed:
[1.993s] [01m[K/usr/include/c++/13/bits/shared_ptr.h:202:17:[m[K [01;36m[Knote: [m[Kcandidate: â€˜[01m[Kconstexpr std::shared_ptr<_Tp>::[01;32m[Kshared_ptr[m[K() [35m[K[with _Tp = rclcpp::Node][m[K[m[Kâ€™
[1.993s]   202 |       constexpr [01;36m[Kshared_ptr[m[K() noexcept : __shared_ptr<_Tp>() { }
[1.993s]       |                 [01;36m[K^~~~~~~~~~[m[K
[1.993s] [01m[K/usr/include/c++/13/bits/shared_ptr.h:202:17:[m[K [01;36m[Knote: [m[K  candidate expects 0 arguments, 1 provided
[3.479s] gmake[2]: *** [CMakeFiles/thruster_driver_plugin.dir/build.make:76: CMakeFiles/thruster_driver_plugin.dir/src/thruster_driver_plugin.cpp.o] Error 1
[3.479s] gmake[1]: *** [CMakeFiles/Makefile2:137: CMakeFiles/thruster_driver_plugin.dir/all] Error 2
[3.479s] gmake: *** [Makefile:166: all] Error 2
[3.481s] Invoked command in '/home/dorson/Documents/github/Doe/src/doe_simulation/build/doe_simulation' returned '2': CMAKE_PREFIX_PATH=${CMAKE_PREFIX_PATH}:/opt/ros/jazzy DEBUGINFOD_URLS=https://debuginfod.ubuntu.com /usr/bin/cmake --build /home/dorson/Documents/github/Doe/src/doe_simulation/build/doe_simulation -- -j20 -l20
