[ 50%] [32mBuilding CXX object CMakeFiles/thruster_driver_plugin.dir/src/thruster_driver_plugin.cpp.o[0m
In file included from [01m[K/home/dorson/Documents/github/Doe/src/doe_simulation/src/thruster_driver_plugin.cpp:1[m[K:
[01m[K/home/dorson/Documents/github/Doe/src/doe_simulation/include/doe_simulation/thruster_driver_plugin.hpp:31:9:[m[K [01;31m[Kerror: [m[Kâ€˜[01m[Kgazebo[m[Kâ€™ does not name a type
   31 |         [01;31m[Kgazebo[m[K::event::ConnectionPtr updateConnection_;
      |         [01;31m[K^~~~~~[m[K
[01m[K/home/dorson/Documents/github/Doe/src/doe_simulation/include/doe_simulation/thruster_driver_plugin.hpp:33:21:[m[K [01;31m[Kerror: [m[Kâ€˜[01m[Kgazebo[m[Kâ€™ was not declared in this scope
   33 |         std::vector<[01;31m[Kgazebo[m[K::physics::LinkPtr> thruster;
      |                     [01;31m[K^~~~~~[m[K
[01m[K/home/dorson/Documents/github/Doe/src/doe_simulation/include/doe_simulation/thruster_driver_plugin.hpp:33:45:[m[K [01;31m[Kerror: [m[Ktemplate argument 1 is invalid
   33 |         std::vector<gazebo::physics::LinkPtr[01;31m[K>[m[K thruster;
      |                                             [01;31m[K^[m[K
[01m[K/home/dorson/Documents/github/Doe/src/doe_simulation/include/doe_simulation/thruster_driver_plugin.hpp:33:45:[m[K [01;31m[Kerror: [m[Ktemplate argument 2 is invalid
[01m[K/home/dorson/Documents/github/Doe/src/doe_simulation/src/thruster_driver_plugin.cpp:[m[K In member function â€˜[01m[Kvirtual void doe_simulation::ThrusterDriver::[01;32m[KUpdate[m[K(const gz::sim::v8::UpdateInfo&, gz::sim::v8::EntityComponentManager&)[m[Kâ€™:
[01m[K/home/dorson/Documents/github/Doe/src/doe_simulation/src/thruster_driver_plugin.cpp:26:13:[m[K [01;31m[Kerror: [m[Kâ€˜[01m[K_sdf[m[Kâ€™ was not declared in this scope; did you mean â€˜[01m[Ksdf[m[Kâ€™?
   26 |         if ([01;31m[K_sdf[m[K->HasElement("thruster_count"))
      |             [01;31m[K^~~~[m[K
      |             [32m[Ksdf[m[K
[01m[K/home/dorson/Documents/github/Doe/src/doe_simulation/src/thruster_driver_plugin.cpp:28:19:[m[K [01;31m[Kerror: [m[Kâ€˜[01m[Kclass doe_simulation::ThrusterDriver[m[Kâ€™ has no member named â€˜[01m[Kthruster_count[m[Kâ€™
   28 |             this->[01;31m[Kthruster_count[m[K = _sdf->Get<unsigned int>("thruster_count");
      |                   [01;31m[K^~~~~~~~~~~~~~[m[K
[01m[K/home/dorson/Documents/github/Doe/src/doe_simulation/src/thruster_driver_plugin.cpp:28:46:[m[K [01;31m[Kerror: [m[Kexpected primary-expression before â€˜[01m[Kunsigned[m[Kâ€™
   28 |             this->thruster_count = _sdf->Get<[01;31m[Kunsigned[m[K int>("thruster_count");
      |                                              [01;31m[K^~~~~~~~[m[K
[01m[K/home/dorson/Documents/github/Doe/src/doe_simulation/src/thruster_driver_plugin.cpp:36:41:[m[K [01;31m[Kerror: [m[Kâ€˜[01m[K_sdf[m[Kâ€™ was not declared in this scope; did you mean â€˜[01m[Ksdf[m[Kâ€™?
   36 |         sdf::ElementPtr ros_namespace = [01;31m[K_sdf[m[K->GetElement("ros");
      |                                         [01;31m[K^~~~[m[K
      |                                         [32m[Ksdf[m[K
[01m[K/home/dorson/Documents/github/Doe/src/doe_simulation/src/thruster_driver_plugin.cpp:37:15:[m[K [01;31m[Kerror: [m[Kâ€˜[01m[Kclass doe_simulation::ThrusterDriver[m[Kâ€™ has no member named â€˜[01m[KGetRosNamespace[m[Kâ€™
   37 |         this->[01;31m[KGetRosNamespace[m[K(ros_namespace);
      |               [01;31m[K^~~~~~~~~~~~~~~[m[K
[01m[K/home/dorson/Documents/github/Doe/src/doe_simulation/src/thruster_driver_plugin.cpp:39:57:[m[K [01;31m[Kerror: [m[Kâ€˜[01m[Kclass doe_simulation::ThrusterDriver[m[Kâ€™ has no member named â€˜[01m[Kthruster_count[m[Kâ€™
   39 |         this->thrust_values = std::vector<double>(this->[01;31m[Kthruster_count[m[K, 0);
      |                                                         [01;31m[K^~~~~~~~~~~~~~[m[K
[01m[K/home/dorson/Documents/github/Doe/src/doe_simulation/src/thruster_driver_plugin.cpp:43:56:[m[K [01;31m[Kerror: [m[Kâ€˜[01m[KGetForceCmd[m[Kâ€™ is not a member of â€˜[01m[Kdoe_simulation::ThrusterDriver[m[Kâ€™
   43 |                             std::bind(&ThrusterDriver::[01;31m[KGetForceCmd[m[K, this, _1));
      |                                                        [01;31m[K^~~~~~~~~~~[m[K
[01m[K/home/dorson/Documents/github/Doe/src/doe_simulation/src/thruster_driver_plugin.cpp:43:75:[m[K [01;31m[Kerror: [m[Kâ€˜[01m[K_1[m[Kâ€™ was not declared in this scope; did you mean â€˜[01m[Kstd::placeholders::_1[m[Kâ€™?
   43 |                     std::bind(&ThrusterDriver::GetForceCmd, this, [01;31m[K_1[m[K));
      |                                                                   [01;31m[K^~[m[K
      |                                                                   [32m[Kstd::placeholders::_1[m[K
In file included from [01m[K/usr/include/google/protobuf/map.h:41[m[K,
                 from [01m[K/usr/include/google/protobuf/message.h:126[m[K,
                 from [01m[K/opt/ros/jazzy/opt/gz_msgs_vendor/include/gz/msgs10/gz/msgs/details/serialized.pb.h:29[m[K,
                 from [01m[K/opt/ros/jazzy/opt/gz_msgs_vendor/include/gz/msgs10/gz/msgs/serialized.pb.h:12[m[K,
                 from [01m[K/opt/ros/jazzy/opt/gz_sim_vendor/include/gz/sim8/gz/sim/EntityComponentManager.hh:20[m[K,
                 from [01m[K/opt/ros/jazzy/opt/gz_sim_vendor/include/gz/sim8/gz/sim/Model.hh:27[m[K,
                 from [01m[K/home/dorson/Documents/github/Doe/src/doe_simulation/include/doe_simulation/thruster_driver_plugin.hpp:4[m[K:
[01m[K/usr/include/c++/13/functional:294:48:[m[K [01;36m[Knote: [m[Kâ€˜[01m[Kstd::placeholders::_1[m[Kâ€™ declared here
  294 |     _GLIBCXX_PLACEHOLDER const _Placeholder<1> [01;36m[K_1[m[K;
      |                                                [01;36m[K^~[m[K
In file included from [01m[K/opt/ros/jazzy/include/rclcpp/rclcpp/logging.hpp:24[m[K,
                 from [01m[K/opt/ros/jazzy/include/rclcpp/rclcpp/copy_all_parameter_values.hpp:27[m[K,
                 from [01m[K/opt/ros/jazzy/include/rclcpp/rclcpp/rclcpp.hpp:171[m[K,
                 from [01m[K/home/dorson/Documents/github/Doe/src/doe_simulation/include/doe_simulation/thruster_driver_plugin.hpp:9[m[K:
[01m[K/home/dorson/Documents/github/Doe/src/doe_simulation/src/thruster_driver_plugin.cpp:45:76:[m[K [01;31m[Kerror: [m[Kcannot convert â€˜[01m[Kstd::__cxx11::basic_string<char>[m[Kâ€™ to â€˜[01m[Kconst char*[m[Kâ€™
   45 | PP_INFO(node->get_logger(), [01;31m[K"Listening on " + this->topic_name + "\n"[m[K);
      |                             [01;31m[K~~~~~~~~~~~~~~~~~~~~~~~~~~~~~~~~~~~^~~~~~[m[K
      |                                                                [01;31m[K|[m[K
      |                                                                [01;31m[Kstd::__cxx11::basic_string<char>[m[K

In file included from [01m[K/opt/ros/jazzy/include/rmw/rmw/types.h:28[m[K,
                 from [01m[K/opt/ros/jazzy/include/rcl/rcl/types.h:20[m[K,
                 from [01m[K/opt/ros/jazzy/include/rclcpp/rclcpp/exceptions/exceptions.hpp:23[m[K,
                 from [01m[K/opt/ros/jazzy/include/rclcpp/rclcpp/exceptions.hpp:18[m[K,
                 from [01m[K/opt/ros/jazzy/include/rclcpp/rclcpp/parameter.hpp:25[m[K,
                 from [01m[K/opt/ros/jazzy/include/rclcpp/rclcpp/copy_all_parameter_values.hpp:25[m[K:
[01m[K/opt/ros/jazzy/include/rcutils/rcutils/logging.h:473:16:[m[K [01;36m[Knote: [m[K  initializing argument 4 of â€˜[01m[Kvoid[01;32m[K rcutils_log_internal[m[K(const rcutils_log_location_t*, int, const char*, const char*, ...)[m[Kâ€™
  473 |   [01;36m[Kconst char * format[m[K,
      |   [01;36m[K~~~~~~~~~~~~~^~~~~~[m[K
[01m[K/home/dorson/Documents/github/Doe/src/doe_simulation/src/thruster_driver_plugin.cpp:47:34:[m[K [01;31m[Kerror: [m[Kâ€˜[01m[K_model[m[Kâ€™ was not declared in this scope; did you mean â€˜[01m[Kmodfl[m[Kâ€™?
   47 |         std::string model_name = [01;31m[K_model[m[K->GetName();
      |                                  [01;31m[K^~~~~~[m[K
      |                                  [32m[Kmodfl[m[K
[01m[K/home/dorson/Documents/github/Doe/src/doe_simulation/src/thruster_driver_plugin.cpp:49:39:[m[K [01;31m[Kerror: [m[Kâ€˜[01m[Kthruster_count[m[Kâ€™ was not declared in this scope
   49 |         for (unsigned int i = 1; i <= [01;31m[Kthruster_count[m[K; i++)
      |                                       [01;31m[K^~~~~~~~~~~~~~[m[K
[01m[K/home/dorson/Documents/github/Doe/src/doe_simulation/src/thruster_driver_plugin.cpp:52:28:[m[K [01;31m[Kerror: [m[Krequest for member â€˜[01m[Kpush_back[m[Kâ€™ in â€˜[01m[K((doe_simulation::ThrusterDriver*)this)->doe_simulation::ThrusterDriver::thruster[m[Kâ€™, which is of non-class type â€˜[01m[Kint[m[Kâ€™
   52 |             this->thruster.[01;31m[Kpush_back[m[K(_model->GetLink(thruster_name));
      |                            [01;31m[K^~~~~~~~~[m[K
[01m[K/home/dorson/Documents/github/Doe/src/doe_simulation/src/thruster_driver_plugin.cpp:54:65:[m[K [01;31m[Kerror: [m[Kinvalid types â€˜[01m[Kint[unsigned int][m[Kâ€™ for array subscript
   54 |         RCLCPP_INFO(this->node->get_logger(), this->thruster[01;31m[K[[m[Ki-1]->GetName());
      |                                                             [01;31m[K^[m[K

[01m[K/home/dorson/Documents/github/Doe/src/doe_simulation/src/thruster_driver_plugin.cpp:57:15:[m[K [01;31m[Kerror: [m[Kâ€˜[01m[Kclass doe_simulation::ThrusterDriver[m[Kâ€™ has no member named â€˜[01m[KupdateConnection_[m[Kâ€™
   57 |         this->[01;31m[KupdateConnection_[m[K = gazebo::event::Events::ConnectWorldUpdateBegin(
      |               [01;31m[K^~~~~~~~~~~~~~~~~[m[K
[01m[K/home/dorson/Documents/github/Doe/src/doe_simulation/src/thruster_driver_plugin.cpp:57:35:[m[K [01;31m[Kerror: [m[Kâ€˜[01m[Kgazebo[m[Kâ€™ has not been declared
   57 |         this->updateConnection_ = [01;31m[Kgazebo[m[K::event::Events::ConnectWorldUpdateBegin(
      |                                   [01;31m[K^~~~~~[m[K
[01m[K/home/dorson/Documents/github/Doe/src/doe_simulation/src/thruster_driver_plugin.cpp:58:64:[m[K [01;31m[Kerror: [m[Kâ€˜[01m[KApplyForce[m[Kâ€™ is not a member of â€˜[01m[Kdoe_simulation::ThrusterDriver[m[Kâ€™
   58 |                                  std::bind(&ThrusterDriver::[01;31m[KApplyForce[m[K, this));
      |                                                             [01;31m[K^~~~~~~~~~[m[K

[01m[K/home/dorson/Documents/github/Doe/src/doe_simulation/src/thruster_driver_plugin.cpp:61:67:[m[K [01;31m[Kerror: [m[Kâ€˜[01m[KSpinNode[m[Kâ€™ is not a member of â€˜[01m[Kdoe_simulation::ThrusterDriver[m[Kâ€™
   61 |   this->spinThread = std::thread(std::bind(&ThrusterDriver::[01;31m[KSpinNode[m[K, this));
      |                                                             [01;31m[K^~~~~~~~[m[K

[01m[K/home/dorson/Documents/github/Doe/src/doe_simulation/src/thruster_driver_plugin.cpp:20:47:[m[K [01;35m[Kwarning: [m[Kunused parameter â€˜[01m[K_info[m[Kâ€™ [[01;35m[K]8;;https://gcc.gnu.org/onlinedocs/gcc/Warning-Options.html#index-Wunused-parameter-Wunused-parameter]8;;[m[K]
   20 | void ThrusterDriver::Update([01;35m[Kconst UpdateInfo &_info[m[K, EntityComponentManager &_ecm) {
      |                             [01;35m[K~~~~~~~~~~~~~~~~~~^~~~~[m[K
[01m[K/home/dorson/Documents/github/Doe/src/doe_simulation/src/thruster_driver_plugin.cpp:20:78:[m[K [01;35m[Kwarning: [m[Kunused parameter â€˜[01m[K_ecm[m[Kâ€™ [[01;35m[K]8;;https://gcc.gnu.org/onlinedocs/gcc/Warning-Options.html#index-Wunused-parameter-Wunused-parameter]8;;[m[K]
   20 | Driver::Update(const UpdateInfo &_info, [01;35m[KEntityComponentManager &_ecm[m[K) {
      |                                         [01;35m[K~~~~~~~~~~~~~~~~~~~~~~~~^~~~[m[K

[01m[K/home/dorson/Documents/github/Doe/src/doe_simulation/src/thruster_driver_plugin.cpp:[m[K At global scope:
[01m[K/home/dorson/Documents/github/Doe/src/doe_simulation/src/thruster_driver_plugin.cpp:69:6:[m[K [01;31m[Kerror: [m[Kno declaration matches â€˜[01m[Kvoid doe_simulation::ThrusterDriver::[01;32m[KGetForceCmd[m[K(std_msgs::msg::Float64MultiArray_<std::allocator<void> >::SharedPtr)[m[Kâ€™
   69 | void [01;31m[KThrusterDriver[m[K::GetForceCmd(const std_msgs::msg::Float64MultiArray::SharedPtr joint_cmd)
      |      [01;31m[K^~~~~~~~~~~~~~[m[K
[01m[K/home/dorson/Documents/github/Doe/src/doe_simulation/src/thruster_driver_plugin.cpp:69:6:[m[K [01;36m[Knote: [m[Kno functions named â€˜[01m[Kvoid doe_simulation::ThrusterDriver::[01;32m[KGetForceCmd[m[K(std_msgs::msg::Float64MultiArray_<std::allocator<void> >::SharedPtr)[m[Kâ€™
[01m[K/home/dorson/Documents/github/Doe/src/doe_simulation/include/doe_simulation/thruster_driver_plugin.hpp:19:11:[m[K [01;36m[Knote: [m[Kâ€˜[01m[Kclass doe_simulation::ThrusterDriver[m[Kâ€™ defined here
   19 |     class [01;36m[KThrusterDriver[m[K: public System, public ISystemConfigure, public ISystemUpdate
      |           [01;36m[K^~~~~~~~~~~~~~[m[K
[01m[K/home/dorson/Documents/github/Doe/src/doe_simulation/src/thruster_driver_plugin.cpp:84:6:[m[K [01;31m[Kerror: [m[Kno declaration matches â€˜[01m[Kvoid doe_simulation::ThrusterDriver::[01;32m[KApplyForce[m[K()[m[Kâ€™
   84 | void [01;31m[KThrusterDriver[m[K::ApplyForce()
      |      [01;31m[K^~~~~~~~~~~~~~[m[K
[01m[K/home/dorson/Documents/github/Doe/src/doe_simulation/src/thruster_driver_plugin.cpp:84:6:[m[K [01;36m[Knote: [m[Kno functions named â€˜[01m[Kvoid doe_simulation::ThrusterDriver::[01;32m[KApplyForce[m[K()[m[Kâ€™
[01m[K/home/dorson/Documents/github/Doe/src/doe_simulation/include/doe_simulation/thruster_driver_plugin.hpp:19:11:[m[K [01;36m[Knote: [m[Kâ€˜[01m[Kclass doe_simulation::ThrusterDriver[m[Kâ€™ defined here
   19 |     class [01;36m[KThrusterDriver[m[K: public System, public ISystemConfigure, public ISystemUpdate
      |           [01;36m[K^~~~~~~~~~~~~~[m[K
[01m[K/home/dorson/Documents/github/Doe/src/doe_simulation/src/thruster_driver_plugin.cpp:93:6:[m[K [01;31m[Kerror: [m[Kno declaration matches â€˜[01m[Kvoid doe_simulation::ThrusterDriver::[01;32m[KSpinNode[m[K()[m[Kâ€™
   93 | void [01;31m[KThrusterDriver[m[K::SpinNode()
      |      [01;31m[K^~~~~~~~~~~~~~[m[K
[01m[K/home/dorson/Documents/github/Doe/src/doe_simulation/src/thruster_driver_plugin.cpp:93:6:[m[K [01;36m[Knote: [m[Kno functions named â€˜[01m[Kvoid doe_simulation::ThrusterDriver::[01;32m[KSpinNode[m[K()[m[Kâ€™
[01m[K/home/dorson/Documents/github/Doe/src/doe_simulation/include/doe_simulation/thruster_driver_plugin.hpp:19:11:[m[K [01;36m[Knote: [m[Kâ€˜[01m[Kclass doe_simulation::ThrusterDriver[m[Kâ€™ defined here
   19 |     class [01;36m[KThrusterDriver[m[K: public System, public ISystemConfigure, public ISystemUpdate
      |           [01;36m[K^~~~~~~~~~~~~~[m[K
gmake[2]: *** [CMakeFiles/thruster_driver_plugin.dir/build.make:76: CMakeFiles/thruster_driver_plugin.dir/src/thruster_driver_plugin.cpp.o] Error 1
gmake[1]: *** [CMakeFiles/Makefile2:137: CMakeFiles/thruster_driver_plugin.dir/all] Error 2
gmake: *** [Makefile:166: all] Error 2
