[0.009s] Invoking command in '/home/dorson/Documents/github/Doe/src/doe_simulation/build/doe_simulation': CMAKE_PREFIX_PATH=${CMAKE_PREFIX_PATH}:/opt/ros/jazzy DEBUGINFOD_URLS=https://debuginfod.ubuntu.com /usr/bin/cmake --build /home/dorson/Documents/github/Doe/src/doe_simulation/build/doe_simulation -- -j20 -l20
[0.083s] [ 50%] [32mBuilding CXX object CMakeFiles/thruster_driver_plugin.dir/src/thruster_driver_plugin.cpp.o[0m
[1.750s] In file included from [01m[K/home/dorson/Documents/github/Doe/src/doe_simulation/src/thruster_driver_plugin.cpp:1[m[K:
[1.751s] [01m[K/home/dorson/Documents/github/Doe/src/doe_simulation/include/doe_simulation/thruster_driver_plugin.hpp:14:35:[m[K [01;31m[Kerror: [m[Kâ€˜[01m[Kgazebo[m[Kâ€™ has not been declared
[1.751s]    14 |     class ThrusterDriver : public [01;31m[Kgazebo[m[K::ModelPlugin
[1.751s]       |                                   [01;31m[K^~~~~~[m[K
[1.751s] [01m[K/home/dorson/Documents/github/Doe/src/doe_simulation/include/doe_simulation/thruster_driver_plugin.hpp:14:43:[m[K [01;31m[Kerror: [m[Kexpected â€˜[01m[K{[m[Kâ€™ before â€˜[01m[KModelPlugin[m[Kâ€™
[1.751s]    14 |     class ThrusterDriver : public gazebo::[01;31m[KModelPlugin[m[K
[1.751s]       |                                           [01;31m[K^~~~~~~~~~~[m[K
[1.751s] [01m[K/home/dorson/Documents/github/Doe/src/doe_simulation/include/doe_simulation/thruster_driver_plugin.hpp:17:5:[m[K [01;31m[Kerror: [m[Kexpected primary-expression before â€˜[01m[Kpublic[m[Kâ€™
[1.751s]    17 |     [01;31m[Kpublic[m[K:
[1.751s]       |     [01;31m[K^~~~~~[m[K
[1.751s] [01m[K/home/dorson/Documents/github/Doe/src/doe_simulation/include/doe_simulation/thruster_driver_plugin.hpp:17:5:[m[K [01;31m[Kerror: [m[Kexpected â€˜[01m[K}[m[Kâ€™ before â€˜[01m[Kpublic[m[Kâ€™
[1.751s] [01m[K/home/dorson/Documents/github/Doe/src/doe_simulation/include/doe_simulation/thruster_driver_plugin.hpp:15:5:[m[K [01;36m[Knote: [m[Kto match this â€˜[01m[K{[m[Kâ€™
[1.751s]    15 |     [01;36m[K{[m[K
[1.751s]       |     [01;36m[K^[m[K
[1.751s] [01m[K/home/dorson/Documents/github/Doe/src/doe_simulation/include/doe_simulation/thruster_driver_plugin.hpp:23:30:[m[K [01;31m[Kerror: [m[Kexpected constructor, destructor, or type conversion before â€˜[01m[K;[m[Kâ€™ token
[1.751s]    23 |         ~ThrusterDriver(void)[01;31m[K;[m[K
[1.751s]       |                              [01;31m[K^[m[K
[1.752s] [01m[K/home/dorson/Documents/github/Doe/src/doe_simulation/include/doe_simulation/thruster_driver_plugin.hpp:30:9:[m[K [01;31m[Kerror: [m[Kâ€˜[01m[Kvirtual[m[Kâ€™ outside class declaration
[1.752s]    30 |         [01;31m[Kvirtual[m[K void Load(gazebo::physics::ModelPtr _model, sdf::ElementPtr _sdf);
[1.752s]       |         [01;31m[K^~~~~~~[m[K
[1.752s] [01m[K/home/dorson/Documents/github/Doe/src/doe_simulation/include/doe_simulation/thruster_driver_plugin.hpp:30:22:[m[K [01;31m[Kerror: [m[Kvariable or field â€˜[01m[KLoad[m[Kâ€™ declared void
[1.752s]    30 |         virtual void [01;31m[KLoad[m[K(gazebo::physics::ModelPtr _model, sdf::ElementPtr _sdf);
[1.752s]       |                      [01;31m[K^~~~[m[K
[1.752s] [01m[K/home/dorson/Documents/github/Doe/src/doe_simulation/include/doe_simulation/thruster_driver_plugin.hpp:30:27:[m[K [01;31m[Kerror: [m[Kâ€˜[01m[Kgazebo[m[Kâ€™ has not been declared
[1.752s]    30 |         virtual void Load([01;31m[Kgazebo[m[K::physics::ModelPtr _model, sdf::ElementPtr _sdf);
[1.752s]       |                           [01;31m[K^~~~~~[m[K
[1.752s] [01m[K/home/dorson/Documents/github/Doe/src/doe_simulation/include/doe_simulation/thruster_driver_plugin.hpp:30:61:[m[K [01;31m[Kerror: [m[Kâ€˜[01m[Ksdf[m[Kâ€™ has not been declared
[1.752s]    30 |         virtual void Load(gazebo::physics::ModelPtr _model, [01;31m[Ksdf[m[K::ElementPtr _sdf);
[1.752s]       |                                                             [01;31m[K^~~[m[K
[1.752s] [01m[K/home/dorson/Documents/github/Doe/src/doe_simulation/include/doe_simulation/thruster_driver_plugin.hpp:32:5:[m[K [01;31m[Kerror: [m[Kexpected unqualified-id before â€˜[01m[Kprivate[m[Kâ€™
[1.752s]    32 |     [01;31m[Kprivate[m[K:
[1.752s]       |     [01;31m[K^~~~~~~[m[K
[1.769s] [01m[K/home/dorson/Documents/github/Doe/src/doe_simulation/include/doe_simulation/thruster_driver_plugin.hpp:63:9:[m[K [01;31m[Kerror: [m[Kâ€˜[01m[Kgazebo[m[Kâ€™ does not name a type
[1.769s]    63 |         [01;31m[Kgazebo[m[K::event::ConnectionPtr updateConnection_;
[1.769s]       |         [01;31m[K^~~~~~[m[K
[1.772s] [01m[K/home/dorson/Documents/github/Doe/src/doe_simulation/include/doe_simulation/thruster_driver_plugin.hpp:65:21:[m[K [01;31m[Kerror: [m[Kâ€˜[01m[Kgazebo[m[Kâ€™ was not declared in this scope
[1.772s]    65 |         std::vector<[01;31m[Kgazebo[m[K::physics::LinkPtr> thruster;
[1.772s]       |                     [01;31m[K^~~~~~[m[K
[1.772s] [01m[K/home/dorson/Documents/github/Doe/src/doe_simulation/include/doe_simulation/thruster_driver_plugin.hpp:65:45:[m[K [01;31m[Kerror: [m[Ktemplate argument 1 is invalid
[1.773s]    65 |         std::vector<gazebo::physics::LinkPtr[01;31m[K>[m[K thruster;
[1.773s]       |                                             [01;31m[K^[m[K
[1.773s] [01m[K/home/dorson/Documents/github/Doe/src/doe_simulation/include/doe_simulation/thruster_driver_plugin.hpp:65:45:[m[K [01;31m[Kerror: [m[Ktemplate argument 2 is invalid
[1.773s] [01m[K/home/dorson/Documents/github/Doe/src/doe_simulation/include/doe_simulation/thruster_driver_plugin.hpp:75:29:[m[K [01;31m[Kerror: [m[Kexpected constructor, destructor, or type conversion before â€˜[01m[K([m[Kâ€™ token
[1.773s]    75 |     GZ_REGISTER_MODEL_PLUGIN[01;31m[K([m[KThrusterDriver)
[1.773s]       |                             [01;31m[K^[m[K
[1.773s] [01m[K/home/dorson/Documents/github/Doe/src/doe_simulation/include/doe_simulation/thruster_driver_plugin.hpp:77:1:[m[K [01;31m[Kerror: [m[Kexpected declaration before â€˜[01m[K}[m[Kâ€™ token
[1.773s]    77 | [01;31m[K}[m[K
[1.773s]       | [01;31m[K^[m[K
[1.773s] [01m[K/home/dorson/Documents/github/Doe/src/doe_simulation/src/thruster_driver_plugin.cpp:6:36:[m[K [01;31m[Kerror: [m[Kinvalid use of incomplete type â€˜[01m[Kclass doe_simulation::ThrusterDriver[m[Kâ€™
[1.774s]     6 |     ThrusterDriver::ThrusterDriver([01;31m[K)[m[K : node{rclcpp::Node::make_shared("thruster_driver")} {}
[1.774s]       |                                    [01;31m[K^[m[K
[1.774s] [01m[K/home/dorson/Documents/github/Doe/src/doe_simulation/include/doe_simulation/thruster_driver_plugin.hpp:14:11:[m[K [01;36m[Knote: [m[Kforward declaration of â€˜[01m[Kclass doe_simulation::ThrusterDriver[m[Kâ€™
[1.774s]    14 |     class [01;36m[KThrusterDriver[m[K : public gazebo::ModelPlugin
[1.774s]       |           [01;36m[K^~~~~~~~~~~~~~[m[K
[1.774s] [01m[K/home/dorson/Documents/github/Doe/src/doe_simulation/src/thruster_driver_plugin.cpp:6:91:[m[K [01;31m[Kerror: [m[Kexpected unqualified-id before â€˜[01m[K{[m[Kâ€™ token
[1.774s]     6 | hrusterDriver() : node{rclcpp::Node::make_shared("thruster_driver")} [01;31m[K{[m[K}
[1.774s]       |                                                                      [01;31m[K^[m[K
[1.774s] 
[1.774s] [01m[K/home/dorson/Documents/github/Doe/src/doe_simulation/src/thruster_driver_plugin.cpp:9:37:[m[K [01;31m[Kerror: [m[Kinvalid use of incomplete type â€˜[01m[Kclass doe_simulation::ThrusterDriver[m[Kâ€™
[1.774s]     9 |     ThrusterDriver::~ThrusterDriver([01;31m[K)[m[K {}
[1.774s]       |                                     [01;31m[K^[m[K
[1.774s] [01m[K/home/dorson/Documents/github/Doe/src/doe_simulation/include/doe_simulation/thruster_driver_plugin.hpp:14:11:[m[K [01;36m[Knote: [m[Kforward declaration of â€˜[01m[Kclass doe_simulation::ThrusterDriver[m[Kâ€™
[1.774s]    14 |     class [01;36m[KThrusterDriver[m[K : public gazebo::ModelPlugin
[1.775s]       |           [01;36m[K^~~~~~~~~~~~~~[m[K
[1.775s] [01m[K/home/dorson/Documents/github/Doe/src/doe_simulation/src/thruster_driver_plugin.cpp:12:31:[m[K [01;31m[Kerror: [m[Kinvalid use of incomplete type â€˜[01m[Kclass doe_simulation::ThrusterDriver[m[Kâ€™
[1.775s]    12 |     void ThrusterDriver::Load([01;31m[Kgz[m[K::physics::ModelPtr _model, sdf::ElementPtr _sdf)
[1.775s]       |                               [01;31m[K^~[m[K
[1.775s] [01m[K/home/dorson/Documents/github/Doe/src/doe_simulation/include/doe_simulation/thruster_driver_plugin.hpp:14:11:[m[K [01;36m[Knote: [m[Kforward declaration of â€˜[01m[Kclass doe_simulation::ThrusterDriver[m[Kâ€™
[1.775s]    14 |     class [01;36m[KThrusterDriver[m[K : public gazebo::ModelPlugin
[1.775s]       |           [01;36m[K^~~~~~~~~~~~~~[m[K
[1.775s] [01m[K/home/dorson/Documents/github/Doe/src/doe_simulation/src/thruster_driver_plugin.cpp:12:31:[m[K [01;31m[Kerror: [m[Kâ€˜[01m[Kgz[m[Kâ€™ has not been declared
[1.775s]    12 |     void ThrusterDriver::Load([01;31m[Kgz[m[K::physics::ModelPtr _model, sdf::ElementPtr _sdf)
[1.775s]       |                               [01;31m[K^~[m[K
[1.775s] [01m[K/home/dorson/Documents/github/Doe/src/doe_simulation/src/thruster_driver_plugin.cpp:12:61:[m[K [01;31m[Kerror: [m[Kâ€˜[01m[Ksdf[m[Kâ€™ has not been declared
[1.775s]    12 |     void ThrusterDriver::Load(gz::physics::ModelPtr _model, [01;31m[Ksdf[m[K::ElementPtr _sdf)
[1.775s]       |                                                             [01;31m[K^~~[m[K
[1.775s] [01m[K/home/dorson/Documents/github/Doe/src/doe_simulation/src/thruster_driver_plugin.cpp:53:42:[m[K [01;31m[Kerror: [m[Kinvalid use of incomplete type â€˜[01m[Kclass doe_simulation::ThrusterDriver[m[Kâ€™
[1.775s]    53 |     void ThrusterDriver::GetRosNamespace([01;31m[Ksdf[m[K::ElementPtr ros_sdf)
[1.775s]       |                                          [01;31m[K^~~[m[K
[1.775s] [01m[K/home/dorson/Documents/github/Doe/src/doe_simulation/include/doe_simulation/thruster_driver_plugin.hpp:14:11:[m[K [01;36m[Knote: [m[Kforward declaration of â€˜[01m[Kclass doe_simulation::ThrusterDriver[m[Kâ€™
[1.775s]    14 |     class [01;36m[KThrusterDriver[m[K : public gazebo::ModelPlugin
[1.776s]       |           [01;36m[K^~~~~~~~~~~~~~[m[K
[1.776s] [01m[K/home/dorson/Documents/github/Doe/src/doe_simulation/src/thruster_driver_plugin.cpp:53:42:[m[K [01;31m[Kerror: [m[Kâ€˜[01m[Ksdf[m[Kâ€™ has not been declared
[1.776s]    53 |     void ThrusterDriver::GetRosNamespace([01;31m[Ksdf[m[K::ElementPtr ros_sdf)
[1.776s]       |                                          [01;31m[K^~~[m[K
[1.776s] [01m[K/home/dorson/Documents/github/Doe/src/doe_simulation/src/thruster_driver_plugin.cpp:80:97:[m[K [01;31m[Kerror: [m[Kinvalid use of incomplete type â€˜[01m[Kclass doe_simulation::ThrusterDriver[m[Kâ€™
[1.776s]    80 | etForceCmd(const std_msgs::msg::Float64MultiArray::SharedPtr joint_cmd[01;31m[K)[m[K
[1.776s]       |                                                                       [01;31m[K^[m[K
[1.776s] 
[1.776s] [01m[K/home/dorson/Documents/github/Doe/src/doe_simulation/include/doe_simulation/thruster_driver_plugin.hpp:14:11:[m[K [01;36m[Knote: [m[Kforward declaration of â€˜[01m[Kclass doe_simulation::ThrusterDriver[m[Kâ€™
[1.776s]    14 |     class [01;36m[KThrusterDriver[m[K : public gazebo::ModelPlugin
[1.776s]       |           [01;36m[K^~~~~~~~~~~~~~[m[K
[1.776s] [01m[K/home/dorson/Documents/github/Doe/src/doe_simulation/src/thruster_driver_plugin.cpp:95:37:[m[K [01;31m[Kerror: [m[Kinvalid use of incomplete type â€˜[01m[Kclass doe_simulation::ThrusterDriver[m[Kâ€™
[1.776s]    95 |     void ThrusterDriver::ApplyForce([01;31m[K)[m[K
[1.776s]       |                                     [01;31m[K^[m[K
[1.776s] [01m[K/home/dorson/Documents/github/Doe/src/doe_simulation/include/doe_simulation/thruster_driver_plugin.hpp:14:11:[m[K [01;36m[Knote: [m[Kforward declaration of â€˜[01m[Kclass doe_simulation::ThrusterDriver[m[Kâ€™
[1.776s]    14 |     class [01;36m[KThrusterDriver[m[K : public gazebo::ModelPlugin
[1.776s]       |           [01;36m[K^~~~~~~~~~~~~~[m[K
[1.776s] [01m[K/home/dorson/Documents/github/Doe/src/doe_simulation/src/thruster_driver_plugin.cpp:104:35:[m[K [01;31m[Kerror: [m[Kinvalid use of incomplete type â€˜[01m[Kclass doe_simulation::ThrusterDriver[m[Kâ€™
[1.776s]   104 |     void ThrusterDriver::SpinNode([01;31m[K)[m[K
[1.776s]       |                                   [01;31m[K^[m[K
[1.776s] [01m[K/home/dorson/Documents/github/Doe/src/doe_simulation/include/doe_simulation/thruster_driver_plugin.hpp:14:11:[m[K [01;36m[Knote: [m[Kforward declaration of â€˜[01m[Kclass doe_simulation::ThrusterDriver[m[Kâ€™
[1.776s]    14 |     class [01;36m[KThrusterDriver[m[K : public gazebo::ModelPlugin
[1.776s]       |           [01;36m[K^~~~~~~~~~~~~~[m[K
[2.274s] gmake[2]: *** [CMakeFiles/thruster_driver_plugin.dir/build.make:76: CMakeFiles/thruster_driver_plugin.dir/src/thruster_driver_plugin.cpp.o] Error 1
[2.274s] gmake[1]: *** [CMakeFiles/Makefile2:137: CMakeFiles/thruster_driver_plugin.dir/all] Error 2
[2.274s] gmake: *** [Makefile:146: all] Error 2
[2.277s] Invoked command in '/home/dorson/Documents/github/Doe/src/doe_simulation/build/doe_simulation' returned '2': CMAKE_PREFIX_PATH=${CMAKE_PREFIX_PATH}:/opt/ros/jazzy DEBUGINFOD_URLS=https://debuginfod.ubuntu.com /usr/bin/cmake --build /home/dorson/Documents/github/Doe/src/doe_simulation/build/doe_simulation -- -j20 -l20
