[ 50%] [32mBuilding CXX object CMakeFiles/thruster_driver_plugin.dir/src/thruster_driver_plugin.cpp.o[0m
[01m[K/home/dorson/Documents/github/Doe/src/doe_simulation/src/thruster_driver_plugin.cpp:[m[K In member function â€˜[01m[Kvirtual void doe_simulation::ThrusterDriver::[01;32m[KConfigure[m[K(const gz::sim::v8::Entity&, const std::shared_ptr<const sdf::v14::Element>&, gz::sim::v8::EntityComponentManager&, gz::sim::v8::EventManager&)[m[Kâ€™:
[01m[K/home/dorson/Documents/github/Doe/src/doe_simulation/src/thruster_driver_plugin.cpp:53:34:[m[K [01;31m[Kerror: [m[Kno matching function for call to â€˜[01m[Kgz::sim::v8::Model::Models()[m[Kâ€™
   53 |         thrusters = [01;31m[K_model.Models()[m[K
      |                     [01;31m[K~~~~~~~~~~~~~^~[m[K
In file included from [01m[K/home/dorson/Documents/github/Doe/src/doe_simulation/include/doe_simulation/thruster_driver_plugin.hpp:4[m[K,
                 from [01m[K/home/dorson/Documents/github/Doe/src/doe_simulation/src/thruster_driver_plugin.cpp:1[m[K:
[01m[K/opt/ros/jazzy/opt/gz_sim_vendor/include/gz/sim8/gz/sim/Model.hh:163:40:[m[K [01;36m[Knote: [m[Kcandidate: â€˜[01m[Kstd::vector<long unsigned int> gz::sim::v8::Model::[01;32m[KModels[m[K(const gz::sim::v8::EntityComponentManager&) const[m[Kâ€™
  163 |       public: std::vector<sim::Entity> [01;36m[KModels[m[K(
      |                                        [01;36m[K^~~~~~[m[K
[01m[K/opt/ros/jazzy/opt/gz_sim_vendor/include/gz/sim8/gz/sim/Model.hh:163:40:[m[K [01;36m[Knote: [m[K  candidate expects 1 argument, 0 provided
[01m[K/home/dorson/Documents/github/Doe/src/doe_simulation/src/thruster_driver_plugin.cpp:[m[K In member function â€˜[01m[Kvirtual void doe_simulation::ThrusterDriver::[01;32m[KPreUpdate[m[K(const gz::sim::v8::UpdateInfo&, gz::sim::v8::EntityComponentManager&)[m[Kâ€™:
[01m[K/home/dorson/Documents/github/Doe/src/doe_simulation/src/thruster_driver_plugin.cpp:64:32:[m[K [01;31m[Kerror: [m[Kâ€˜[01m[K_thrusters[m[Kâ€™ was not declared in this scope; did you mean â€˜[01m[Kthrusters[m[Kâ€™?
   64 |             auto model = Model([01;31m[K_thrusters[m[K[i]);
      |                                [01;31m[K^~~~~~~~~~[m[K
      |                                [32m[Kthrusters[m[K
gmake[2]: *** [CMakeFiles/thruster_driver_plugin.dir/build.make:76: CMakeFiles/thruster_driver_plugin.dir/src/thruster_driver_plugin.cpp.o] Error 1
gmake[1]: *** [CMakeFiles/Makefile2:137: CMakeFiles/thruster_driver_plugin.dir/all] Error 2
gmake: *** [Makefile:166: all] Error 2
