[0.000000] (-) TimerEvent: {}
[0.000617] (doe_teleop) JobQueued: {'identifier': 'doe_teleop', 'dependencies': OrderedDict()}
[0.000690] (doe_teleop) JobStarted: {'identifier': 'doe_teleop'}
[0.098664] (-) TimerEvent: {}
[0.199099] (-) TimerEvent: {}
[0.299461] (-) TimerEvent: {}
[0.399896] (-) TimerEvent: {}
[0.500273] (-) TimerEvent: {}
[0.583584] (doe_teleop) StderrLine: {'line': b'Traceback (most recent call last):\n  File "/usr/lib/python3/dist-packages/colcon_parallel_executor/executor/parallel.py", line 75, in execute\n    loop.run_until_complete(future)\n  File "/usr/lib/python3.12/asyncio/base_events.py", line 674, in run_until_complete\n    self.run_forever()\n  File "/usr/lib/python3.12/asyncio/base_events.py", line 641, in run_forever\n    self._run_once()\n  File "/usr/lib/python3.12/asyncio/base_events.py", line 1949, in _run_once\n    event_list = self._selector.select(timeout)\n                 ^^^^^^^^^^^^^^^^^^^^^^^^^^^^^^\n  File "/usr/lib/python3.12/selectors.py", line 468, in select\n    fd_event_list = self._selector.poll(timeout, max_ev)\n                    ^^^^^^^^^^^^^^^^^^^^^^^^^^^^^^^^^^^^\nKeyboardInterrupt\n\nDuring handling of the above exception, another exception occurred:\n\nTraceback (most recent call last):\n  File "/usr/lib/python3/dist-packages/colcon_core/executor/__init__.py", line 91, in __call__\n    rc = await self.task(*args, **kwargs)\n         ^^^^^^^^^^^^^^^^^^^^^^^^^^^^^^^^\n  File "/usr/lib/python3/dist-packages/colcon_core/task/__init__.py", line 93, in __call__\n    return await task_method(*args, **kwargs)\n           ^^^^^^^^^^^^^^^^^^^^^^^^^^^^^^^^^^\n  File "/usr/lib/python3/dist-packages/colcon_ros/task/ament_python/build.py", line 102, in build\n    return await extension.build(additional_hooks=additional_hooks)\n           ^^^^^^^^^^^^^^^^^^^^^^^^^^^^^^^^^^^^^^^^^^^^^^^^^^^^^^^^\n  File "/usr/lib/python3/dist-packages/colcon_core/task/python/build.py", line 94, in build\n    available_commands = await self._get_available_commands(\n                         ^^^^^^^^^^^^^^^^^^^^^^^^^^^^^^^^^^^\n  File "/usr/lib/python3/dist-packages/colcon_core/task/python/build.py", line 192, in _get_available_commands\n    output = await check_output(\n             ^^^^^^^^^^^^^^^^^^^\n  File "/usr/lib/python3/dist-packages/colcon_core/subprocess.py", line 129, in check_output\n    assert not rc, f\'Expected {args} to pass: {stderr_data}\'\n           ^^^^^^\nAssertionError: Expected [\'/usr/bin/python3\', \'-W\', \'ignore:setup.py install is deprecated\', \'setup.py\', \'--help-commands\'] to pass: Traceback (most recent call last):\n  File "/home/dorson/Documents/github/Doe/src/doe_teleop/setup.py", line 1, in <module>\n    from setuptools import find_packages, setup\n  File "/usr/lib/python3/dist-packages/setuptools/__init__.py", line 15, in <module>\n    import setuptools.version\n  File "/usr/lib/python3/dist-packages/setuptools/version.py", line 1, in <module>\n    from ._importlib import metadata\n  File "/usr/lib/python3/dist-packages/setuptools/_importlib.py", line 45, in <module>\n    import importlib.metadata as metadata  # noqa: F401\n    ^^^^^^^^^^^^^^^^^^^^^^^^^^^^^^^^^^^^^\n  File "/usr/lib/python3.12/importlib/metadata/__init__.py", line 19, in <module>\n    from . import _adapters, _meta\n  File "/usr/lib/python3.12/importlib/metadata/_adapters.py", line 5, in <module>\n    import email.message\n  File "/usr/lib/python3.12/email/message.py", line 17, in <module>\n    from email._policybase import compat32\n  File "/usr/lib/python3.12/email/_policybase.py", line 7, in <module>\n    from email import header\n  File "/usr/lib/python3.12/email/header.py", line 35, in <module>\n    ecre = re.compile(r\'\'\'\n           ^^^^^^^^^^^^^^^\n  File "/usr/lib/python3.12/re/__init__.py", line 228, in compile\n    return _compile(pattern, flags)\n           ^^^^^^^^^^^^^^^^^^^^^^^^\n  File "/usr/lib/python3.12/re/__init__.py", line 307, in _compile\n    p = _compiler.compile(pattern, flags)\n        ^^^^^^^^^^^^^^^^^^^^^^^^^^^^^^^^^\n  File "/usr/lib/python3.12/re/_compiler.py", line 745, in compile\n    p = _parser.parse(p, flags)\n        ^^^^^^^^^^^^^^^^^^^^^^^\n  File "/usr/lib/python3.12/re/_parser.py", line 979, in parse\n    p = _parse_sub(source, state, flags & SRE_FLAG_VERBOSE, 0)\n        ^^^^^^^^^^^^^^^^^^^^^^^^^^^^^^^^^^^^^^^^^^^^^^^^^^^^^^\n  File "/usr/lib/python3.12/re/_parser.py", line 460, in _parse_sub\n    itemsappend(_parse(source, state, verbose, nested + 1,\n                ^^^^^^^^^^^^^^^^^^^^^^^^^^^^^^^^^^^^^^^^^^\n  File "/usr/lib/python3.12/re/_parser.py", line 862, in _parse\n    p = _parse_sub(source, state, sub_verbose, nested + 1)\n        ^^^^^^^^^^^^^^^^^^^^^^^^^^^^^^^^^^^^^^^^^^^^^^^^^^\n  File "/usr/lib/python3.12/re/_parser.py", line 460, in _parse_sub\n    itemsappend(_parse(source, state, verbose, nested + 1,\n                ^^^^^^^^^^^^^^^^^^^^^^^^^^^^^^^^^^^^^^^^^^\n  File "/usr/lib/python3.12/re/_parser.py", line 692, in _parse\n    if item[0][0] is SUBPATTERN:\n       ~~~~^^^\n  File "/usr/lib/python3.12/re/_parser.py", line 168, in __getitem__\n    def __getitem__(self, index):\n\nKeyboardInterrupt\n\n'}
[0.584400] (doe_teleop) JobEnded: {'identifier': 'doe_teleop', 'rc': 'SIGINT'}
[0.594242] (-) EventReactorShutdown: {}
