[ 50%] [32mBuilding CXX object CMakeFiles/thruster_driver_plugin.dir/src/thruster_driver_plugin.cpp.o[0m
[01m[K/home/dorson/Documents/github/Doe/src/doe_simulation/src/thruster_driver_plugin.cpp:[m[K In member function â€˜[01m[Kvirtual void doe_simulation::ThrusterDriver::[01;32m[KConfigure[m[K(const gz::sim::v8::Entity&, const std::shared_ptr<const sdf::v14::Element>&, gz::sim::v8::EntityComponentManager&, gz::sim::v8::EventManager&)[m[Kâ€™:
[01m[K/home/dorson/Documents/github/Doe/src/doe_simulation/src/thruster_driver_plugin.cpp:55:58:[m[K [01;31m[Kerror: [m[Kâ€˜[01m[Kclass std::vector<long unsigned int>[m[Kâ€™ has no member named â€˜[01m[Klength[m[Kâ€™
   55 |         for (unsigned int i = 1; i <= _model.Links(_ecm).[01;31m[Klength[m[K(); i++)
      |                                                          [01;31m[K^~~~~~[m[K
gmake[2]: *** [CMakeFiles/thruster_driver_plugin.dir/build.make:76: CMakeFiles/thruster_driver_plugin.dir/src/thruster_driver_plugin.cpp.o] Error 1
gmake[1]: *** [CMakeFiles/Makefile2:137: CMakeFiles/thruster_driver_plugin.dir/all] Error 2
gmake: *** [Makefile:166: all] Error 2
