[ 50%] [32mBuilding CXX object CMakeFiles/thruster_driver_plugin.dir/src/thruster_driver_plugin.cpp.o[0m
In file included from [01m[K/home/dorson/Documents/github/Doe/src/doe_simulation/src/thruster_driver_plugin.cpp:1[m[K:
[01m[K/home/dorson/Documents/github/Doe/src/doe_simulation/include/doe_simulation/thruster_driver_plugin.hpp:38:36:[m[K [01;31m[Kerror: [m[Kâ€˜[01m[Kgz::sim::model[m[Kâ€™ has not been declared
   38 |         virtual void Load(gz::sim::[01;31m[Kmodel[m[K::ModelPtr _model, sdf::ElementPtr _sdf);
      |                                    [01;31m[K^~~~~[m[K
[01m[K/home/dorson/Documents/github/Doe/src/doe_simulation/include/doe_simulation/thruster_driver_plugin.hpp:38:52:[m[K [01;31m[Kerror: [m[Kexpected â€˜[01m[K,[m[Kâ€™ or â€˜[01m[K...[m[Kâ€™ before â€˜[01m[K_model[m[Kâ€™
   38 |         virtual void Load(gz::sim::model::ModelPtr [01;31m[K_model[m[K, sdf::ElementPtr _sdf);
      |                                                    [01;31m[K^~~~~~[m[K
[01m[K/home/dorson/Documents/github/Doe/src/doe_simulation/include/doe_simulation/thruster_driver_plugin.hpp:71:9:[m[K [01;31m[Kerror: [m[Kâ€˜[01m[Kevent[m[Kâ€™ does not name a type
   71 |         [01;31m[Kevent[m[K::ConnectionPtr updateConnection_;
      |         [01;31m[K^~~~~[m[K
[01m[K/home/dorson/Documents/github/Doe/src/doe_simulation/include/doe_simulation/thruster_driver_plugin.hpp:73:21:[m[K [01;31m[Kerror: [m[Kâ€˜[01m[Kphysics[m[Kâ€™ was not declared in this scope
   73 |         std::vector<[01;31m[Kphysics[m[K::LinkPtr> thruster;
      |                     [01;31m[K^~~~~~~[m[K
[01m[K/home/dorson/Documents/github/Doe/src/doe_simulation/include/doe_simulation/thruster_driver_plugin.hpp:73:37:[m[K [01;31m[Kerror: [m[Ktemplate argument 1 is invalid
   73 |         std::vector<physics::LinkPtr[01;31m[K>[m[K thruster;
      |                                     [01;31m[K^[m[K
[01m[K/home/dorson/Documents/github/Doe/src/doe_simulation/include/doe_simulation/thruster_driver_plugin.hpp:73:37:[m[K [01;31m[Kerror: [m[Ktemplate argument 2 is invalid
In file included from [01m[K/opt/ros/jazzy/opt/gz_plugin_vendor/include/gz/plugin2/gz/plugin/Register.hh:22[m[K,
                 from [01m[K/home/dorson/Documents/github/Doe/src/doe_simulation/include/doe_simulation/thruster_driver_plugin.hpp:7[m[K:
[01m[K/home/dorson/Documents/github/Doe/src/doe_simulation/include/doe_simulation/thruster_driver_plugin.hpp:[m[K In constructor â€˜[01m[Kdoe_simulation::gz::plugin::{anonymous}::ExecuteWhenLoadingLibrary0::[01;32m[KExecuteWhenLoadingLibrary0[m[K()[m[Kâ€™:
[01m[K/home/dorson/Documents/github/Doe/src/doe_simulation/include/doe_simulation/thruster_driver_plugin.hpp:83:5:[m[K [01;31m[Kerror: [m[Ktemplate argument 2 is invalid
   83 |     [01;31m[KGZ_ADD_PLUGIN[m[K(ThrusterDriver)
      |     [01;31m[K^~~~~~~~~~~~~[m[K
[01m[K/home/dorson/Documents/github/Doe/src/doe_simulation/include/doe_simulation/thruster_driver_plugin.hpp:83:5:[m[K [01;31m[Kerror: [m[Kqualified-id in declaration before â€˜[01m[K([m[Kâ€™ token
   83 |     [01;31m[KGZ_ADD_PLUGIN[m[K(ThrusterDriver)
      |     [01;31m[K^~~~~~~~~~~~~[m[K
[01m[K/home/dorson/Documents/github/Doe/src/doe_simulation/src/thruster_driver_plugin.cpp:[m[K At global scope:
[01m[K/home/dorson/Documents/github/Doe/src/doe_simulation/src/thruster_driver_plugin.cpp:12:46:[m[K [01;31m[Kerror: [m[Kâ€˜[01m[Ksim[m[Kâ€™ in namespace â€˜[01m[Kdoe_simulation::gz[m[Kâ€™ does not name a type
   12 |     void ThrusterDriver::Configure(const gz::[01;31m[Ksim[m[K::Entity &_model, sdf::ElementPtr _sdf)
      |                                              [01;31m[K^~~[m[K
[01m[K/home/dorson/Documents/github/Doe/src/doe_simulation/src/thruster_driver_plugin.cpp:12:58:[m[K [01;31m[Kerror: [m[Kexpected unqualified-id before â€˜[01m[K&[m[Kâ€™ token
   12 |     void ThrusterDriver::Configure(const gz::sim::Entity [01;31m[K&[m[K_model, sdf::ElementPtr _sdf)
      |                                                          [01;31m[K^[m[K
[01m[K/home/dorson/Documents/github/Doe/src/doe_simulation/src/thruster_driver_plugin.cpp:12:57:[m[K [01;31m[Kerror: [m[Kexpected â€˜[01m[K)[m[Kâ€™ before â€˜[01m[K&[m[Kâ€™ token
   12 |     void ThrusterDriver::Configure[34m[K([m[Kconst gz::sim::Entity[01;31m[K [m[K[32m[K&[m[K_model, sdf::ElementPtr _sdf)
      |                                   [34m[K~[m[K                     [01;31m[K^[m[K[32m[K~[m[K
      |                                                         [32m[K)[m[K
[01m[K/home/dorson/Documents/github/Doe/src/doe_simulation/src/thruster_driver_plugin.cpp:12:59:[m[K [01;31m[Kerror: [m[Kexpected initializer before â€˜[01m[K_model[m[Kâ€™
   12 |     void ThrusterDriver::Configure(const gz::sim::Entity &[01;31m[K_model[m[K, sdf::ElementPtr _sdf)
      |                                                           [01;31m[K^~~~~~[m[K
[01m[K/home/dorson/Documents/github/Doe/src/doe_simulation/src/thruster_driver_plugin.cpp:[m[K In member function â€˜[01m[Kvoid doe_simulation::ThrusterDriver::[01;32m[KApplyForce[m[K()[m[Kâ€™:
[01m[K/home/dorson/Documents/github/Doe/src/doe_simulation/src/thruster_driver_plugin.cpp:99:27:[m[K [01;31m[Kerror: [m[Kinvalid types â€˜[01m[Kint[unsigned int][m[Kâ€™ for array subscript
   99 |             this->thruster[01;31m[K[[m[Ki]->AddLinkForce(ignition::math::Vector3d(0, 0, this->thrust_values[i]));
      |                           [01;31m[K^[m[K
[01m[K/home/dorson/Documents/github/Doe/src/doe_simulation/src/thruster_driver_plugin.cpp:99:45:[m[K [01;31m[Kerror: [m[Kâ€˜[01m[Kignition[m[Kâ€™ has not been declared
   99 |             this->thruster[i]->AddLinkForce([01;31m[Kignition[m[K::math::Vector3d(0, 0, this->thrust_values[i]));
      |                                             [01;31m[K^~~~~~~~[m[K
In file included from [01m[K/opt/ros/jazzy/opt/gz_plugin_vendor/include/gz/plugin2/gz/plugin/detail/Register.hh:26[m[K:
/opt/ros/jazzy/opt/gz_plugin_vendor/include/gz/plugin2/gz/plugin/detail/Common.hh: In instantiation of â€˜[01m[Kgz::plugin::v1::Info gz::plugin::detail::[01;32m[KMakeInfo[m[K() [35m[K[with PluginClass = doe_simulation::ThrusterDriver; Interfaces = {}][m[K[m[Kâ€™:
[01m[K/opt/ros/jazzy/opt/gz_plugin_vendor/include/gz/plugin2/gz/plugin/detail/Register.hh:285:59:[m[K   required from â€˜[01m[Kstatic void gz::plugin::detail::Registrar<PluginClass, Interfaces>::[01;32m[KRegisterAlias[m[K(Aliases&& ...) [35m[K[with Aliases = {const char (&)[27]}; PluginClass = doe_simulation::ThrusterDriver; Interfaces = {}][m[K[m[Kâ€™
[01m[K/home/dorson/Documents/github/Doe/src/doe_simulation/include/doe_simulation/thruster_driver_plugin.hpp:87:5:[m[K   required from here
[01m[K/opt/ros/jazzy/opt/gz_plugin_vendor/include/gz/plugin2/gz/plugin/detail/Common.hh:160:37:[m[K [01;31m[Kerror: [m[Kinvalid new-expression of abstract class type â€˜[01m[Kdoe_simulation::ThrusterDriver[m[Kâ€™
  160 |           return static_cast<void*>([01;31m[Knew PluginClass[m[K);
      |                                     [01;31m[K^~~~~~~~~~~~~~~[m[K
[01m[K/home/dorson/Documents/github/Doe/src/doe_simulation/include/doe_simulation/thruster_driver_plugin.hpp:20:11:[m[K [01;36m[Knote: [m[K  because the following virtual functions are pure within â€˜[01m[Kdoe_simulation::ThrusterDriver[m[Kâ€™:
   20 |     class [01;36m[KThrusterDriver[m[K       : public System,
      |           [01;36m[K^~~~~~~~~~~~~~[m[K
In file included from [01m[K/home/dorson/Documents/github/Doe/src/doe_simulation/include/doe_simulation/thruster_driver_plugin.hpp:6[m[K:
[01m[K/opt/ros/jazzy/opt/gz_sim_vendor/include/gz/sim8/gz/sim/System.hh:120:28:[m[K [01;36m[Knote: [m[K    â€˜[01m[Kvirtual void gz::sim::v8::ISystemConfigure::[01;32m[KConfigure[m[K(const gz::sim::v8::Entity&, const std::shared_ptr<const sdf::v14::Element>&, gz::sim::v8::EntityComponentManager&, gz::sim::v8::EventManager&)[m[Kâ€™
  120 |       public: virtual void [01;36m[KConfigure[m[K(
      |                            [01;36m[K^~~~~~~~~[m[K
[01m[K/opt/ros/jazzy/opt/gz_sim_vendor/include/gz/sim8/gz/sim/System.hh:177:28:[m[K [01;36m[Knote: [m[K    â€˜[01m[Kvirtual void gz::sim::v8::ISystemPostUpdate::[01;32m[KPostUpdate[m[K(const gz::sim::v8::UpdateInfo&, const gz::sim::v8::EntityComponentManager&)[m[Kâ€™
  177 |       public: virtual void [01;36m[KPostUpdate[m[K(const UpdateInfo &_info,
      |                            [01;36m[K^~~~~~~~~~[m[K
[01m[K/opt/ros/jazzy/opt/gz_plugin_vendor/include/gz/plugin2/gz/plugin/detail/Common.hh:148:22:[m[K [01;31m[Kerror: [m[Kno match for â€˜[01m[Koperator=[m[Kâ€™ (operand types are â€˜[01m[Kstd::function<void*()>[m[Kâ€™ and â€˜[01m[Kgz::plugin::detail::MakeInfo<doe_simulation::ThrusterDriver>()::<lambda()>[m[Kâ€™)
  148 |         [01;31m[Kinfo.factory = [=]()[m[K
      |         [01;31m[K~~~~~~~~~~~~~^~~~~~~[m[K
  149 | [01;31m[K        {[m[K
      |         [01;31m[K~[m[K             
  150 | [01;31m[K          // vvvvvvvvvvvvvvvvvvvvvvvv  READ ME  vvvvvvvvvvvvvvvvvvvvvvvvvvvvv[m[K
      |           [01;31m[K~~~~~~~~~~~~~~~~~~~~~~~~~~~~~~~~~~~~~~~~~~~~~~~~~~~~~~~~~~~~~~~~~~~[m[K
  151 | [01;31m[K          // If you get a compilation error here, then you are trying to[m[K
      |           [01;31m[K~~~~~~~~~~~~~~~~~~~~~~~~~~~~~~~~~~~~~~~~~~~~~~~~~~~~~~~~~~~~~~[m[K
  152 | [01;31m[K          // register an abstract class as a plugin, which is not allowed. To[m[K
      |           [01;31m[K~~~~~~~~~~~~~~~~~~~~~~~~~~~~~~~~~~~~~~~~~~~~~~~~~~~~~~~~~~~~~~~~~~~[m[K
  153 | [01;31m[K          // register a plugin class, every one if its virtual functions must[m[K
      |           [01;31m[K~~~~~~~~~~~~~~~~~~~~~~~~~~~~~~~~~~~~~~~~~~~~~~~~~~~~~~~~~~~~~~~~~~~[m[K
  154 | [01;31m[K          // have a definition.[m[K
      |           [01;31m[K~~~~~~~~~~~~~~~~~~~~~[m[K
  155 | [01;31m[K          //[m[K
      |           [01;31m[K~~[m[K          
  156 | [01;31m[K          // Read through the error produced by your compiler to see which[m[K
      |           [01;31m[K~~~~~~~~~~~~~~~~~~~~~~~~~~~~~~~~~~~~~~~~~~~~~~~~~~~~~~~~~~~~~~~~[m[K
  157 | [01;31m[K          // pure virtual functions you are neglecting to provide overrides[m[K
      |           [01;31m[K~~~~~~~~~~~~~~~~~~~~~~~~~~~~~~~~~~~~~~~~~~~~~~~~~~~~~~~~~~~~~~~~~[m[K
  158 | [01;31m[K          // for.[m[K
      |           [01;31m[K~~~~~~~[m[K     
  159 | [01;31m[K          // ^^^^^^^^^^^^^ READ ABOVE FOR COMPILATION ERRORS ^^^^^^^^^^^^^^^^[m[K
      |           [01;31m[K~~~~~~~~~~~~~~~~~~~~~~~~~~~~~~~~~~~~~~~~~~~~~~~~~~~~~~~~~~~~~~~~~~~[m[K
  160 | [01;31m[K          return static_cast<void*>(new PluginClass);[m[K
      |           [01;31m[K~~~~~~~~~~~~~~~~~~~~~~~~~~~~~~~~~~~~~~~~~~~[m[K
  161 | [01;31m[K        }[m[K;
      |         [01;31m[K~[m[K             
In file included from [01m[K/usr/include/c++/13/functional:59[m[K,
                 from [01m[K/usr/include/google/protobuf/map.h:41[m[K,
                 from [01m[K/usr/include/google/protobuf/message.h:126[m[K,
                 from [01m[K/opt/ros/jazzy/opt/gz_msgs_vendor/include/gz/msgs10/gz/msgs/details/serialized.pb.h:29[m[K,
                 from [01m[K/opt/ros/jazzy/opt/gz_msgs_vendor/include/gz/msgs10/gz/msgs/serialized.pb.h:12[m[K,
                 from [01m[K/opt/ros/jazzy/opt/gz_sim_vendor/include/gz/sim8/gz/sim/EntityComponentManager.hh:20[m[K,
                 from [01m[K/opt/ros/jazzy/opt/gz_sim_vendor/include/gz/sim8/gz/sim/Model.hh:27[m[K,
                 from [01m[K/home/dorson/Documents/github/Doe/src/doe_simulation/include/doe_simulation/thruster_driver_plugin.hpp:4[m[K:
[01m[K/usr/include/c++/13/bits/std_function.h:531:9:[m[K [01;36m[Knote: [m[Kcandidate: â€˜[01m[Ktemplate<class _Functor> std::function<_Res(_ArgTypes ...)>::_Requires<std::function<_Res(_ArgTypes ...)>::_Callable<_Functor>, std::function<_Res(_ArgTypes ...)>&> std::function<_Res(_ArgTypes ...)>::[01;32m[Koperator=[m[K(_Functor&&) [35m[K[with _Res = void*; _ArgTypes = {}][m[K[m[Kâ€™
  531 |         [01;36m[Koperator[m[K=(_Functor&& __f)
      |         [01;36m[K^~~~~~~~[m[K
[01m[K/usr/include/c++/13/bits/std_function.h:531:9:[m[K [01;36m[Knote: [m[K  template argument deduction/substitution failed:
In file included from [01m[K/usr/include/c++/13/bits/move.h:37[m[K,
                 from [01m[K/usr/include/c++/13/bits/new_allocator.h:36[m[K,
                 from [01m[K/usr/include/x86_64-linux-gnu/c++/13/bits/c++allocator.h:33[m[K,
                 from [01m[K/usr/include/c++/13/bits/allocator.h:46[m[K,
                 from [01m[K/usr/include/c++/13/memory:65[m[K,
                 from [01m[K/opt/ros/jazzy/opt/gz_sim_vendor/include/gz/sim8/gz/sim/Model.hh:20[m[K:
/usr/include/c++/13/type_traits: In substitution of â€˜[01m[Ktemplate<bool _Cond, class _Tp> using std::__enable_if_t = typename std::enable_if::type [35m[K[with bool _Cond = false; _Tp = std::function<void*()>&][m[K[m[Kâ€™:
[01m[K/usr/include/c++/13/bits/std_function.h:353:8:[m[K   required by substitution of â€˜[01m[Ktemplate<class _Res, class ... _ArgTypes> template<class _Cond, class _Tp> using std::function<_Res(_ArgTypes ...)>::_Requires = std::__enable_if_t<_Cond::value, _Tp> [35m[K[with _Cond = std::function<void*()>::_Callable<gz::plugin::detail::MakeInfo<doe_simulation::ThrusterDriver>()::<lambda()>, gz::plugin::detail::MakeInfo<doe_simulation::ThrusterDriver>()::<lambda()>, std::__invoke_result<gz::plugin::detail::MakeInfo<doe_simulation::ThrusterDriver>()::<lambda()>&> >; _Tp = std::function<void*()>&; _Res = void*; _ArgTypes = {}][m[K[m[Kâ€™
[01m[K/usr/include/c++/13/bits/std_function.h:531:2:[m[K   required by substitution of â€˜[01m[Ktemplate<class _Functor> std::function<void*()>::_Requires<std::function<void*()>::_Callable<_Functor, typename std::enable_if<(! std::is_same<typename std::remove_cv<typename std::remove_reference<_Tp>::type>::type, std::function<void*()> >::value), std::decay<_Ex> >::type::type, std::__invoke_result<typename std::enable_if<(! std::is_same<typename std::remove_cv<typename std::remove_reference<_Tp>::type>::type, std::function<void*()> >::value), std::decay<_Ex> >::type::type&> >, std::function<void*()>&> std::function<void*()>::[01;32m[Koperator=[m[K(_Functor&&) [35m[K[with _Functor = gz::plugin::detail::MakeInfo<doe_simulation::ThrusterDriver>()::<lambda()>][m[K[m[Kâ€™
[01m[K/opt/ros/jazzy/opt/gz_plugin_vendor/include/gz/plugin2/gz/plugin/detail/Common.hh:148:22:[m[K   required from â€˜[01m[Kgz::plugin::v1::Info gz::plugin::detail::[01;32m[KMakeInfo[m[K() [35m[K[with PluginClass = doe_simulation::ThrusterDriver; Interfaces = {}][m[K[m[Kâ€™
[01m[K/opt/ros/jazzy/opt/gz_plugin_vendor/include/gz/plugin2/gz/plugin/detail/Register.hh:285:59:[m[K   required from â€˜[01m[Kstatic void gz::plugin::detail::Registrar<PluginClass, Interfaces>::[01;32m[KRegisterAlias[m[K(Aliases&& ...) [35m[K[with Aliases = {const char (&)[27]}; PluginClass = doe_simulation::ThrusterDriver; Interfaces = {}][m[K[m[Kâ€™
[01m[K/home/dorson/Documents/github/Doe/src/doe_simulation/include/doe_simulation/thruster_driver_plugin.hpp:87:5:[m[K   required from here
[01m[K/usr/include/c++/13/type_traits:116:11:[m[K [01;31m[Kerror: [m[Kno type named â€˜[01m[Ktype[m[Kâ€™ in â€˜[01m[Kstruct std::enable_if<false, std::function<void*()>&>[m[Kâ€™
  116 |     using [01;31m[K__enable_if_t[m[K = typename enable_if<_Cond, _Tp>::type;
      |           [01;31m[K^~~~~~~~~~~~~[m[K
/opt/ros/jazzy/opt/gz_plugin_vendor/include/gz/plugin2/gz/plugin/detail/Common.hh: In instantiation of â€˜[01m[Kgz::plugin::v1::Info gz::plugin::detail::[01;32m[KMakeInfo[m[K() [35m[K[with PluginClass = doe_simulation::ThrusterDriver; Interfaces = {}][m[K[m[Kâ€™:
[01m[K/opt/ros/jazzy/opt/gz_plugin_vendor/include/gz/plugin2/gz/plugin/detail/Register.hh:285:59:[m[K   required from â€˜[01m[Kstatic void gz::plugin::detail::Registrar<PluginClass, Interfaces>::[01;32m[KRegisterAlias[m[K(Aliases&& ...) [35m[K[with Aliases = {const char (&)[27]}; PluginClass = doe_simulation::ThrusterDriver; Interfaces = {}][m[K[m[Kâ€™
[01m[K/home/dorson/Documents/github/Doe/src/doe_simulation/include/doe_simulation/thruster_driver_plugin.hpp:87:5:[m[K   required from here
[01m[K/usr/include/c++/13/bits/std_function.h:541:9:[m[K [01;36m[Knote: [m[Kcandidate: â€˜[01m[Ktemplate<class _Functor> std::function<_Res(_ArgTypes ...)>& std::function<_Res(_ArgTypes ...)>::[01;32m[Koperator=[m[K(std::reference_wrapper<_Functor>) [35m[K[with _Res = void*; _ArgTypes = {}][m[K[m[Kâ€™
  541 |         [01;36m[Koperator[m[K=(reference_wrapper<_Functor> __f) noexcept
      |         [01;36m[K^~~~~~~~[m[K
[01m[K/usr/include/c++/13/bits/std_function.h:541:9:[m[K [01;36m[Knote: [m[K  template argument deduction/substitution failed:
[01m[K/opt/ros/jazzy/opt/gz_plugin_vendor/include/gz/plugin2/gz/plugin/detail/Common.hh:148:22:[m[K [01;36m[Knote: [m[K  â€˜[01m[Kgz::plugin::detail::MakeInfo<doe_simulation::ThrusterDriver>()::<lambda()>[m[Kâ€™ is not derived from â€˜[01m[Kstd::reference_wrapper<_Tp>[m[Kâ€™
  148 |         [01;36m[Kinfo.factory = [=]()[m[K
      |         [01;36m[K~~~~~~~~~~~~~^~~~~~~[m[K
  149 | [01;36m[K        {[m[K
      |         [01;36m[K~[m[K             
  150 | [01;36m[K          // vvvvvvvvvvvvvvvvvvvvvvvv  READ ME  vvvvvvvvvvvvvvvvvvvvvvvvvvvvv[m[K
      |           [01;36m[K~~~~~~~~~~~~~~~~~~~~~~~~~~~~~~~~~~~~~~~~~~~~~~~~~~~~~~~~~~~~~~~~~~~[m[K
  151 | [01;36m[K          // If you get a compilation error here, then you are trying to[m[K
      |           [01;36m[K~~~~~~~~~~~~~~~~~~~~~~~~~~~~~~~~~~~~~~~~~~~~~~~~~~~~~~~~~~~~~~[m[K
  152 | [01;36m[K          // register an abstract class as a plugin, which is not allowed. To[m[K
      |           [01;36m[K~~~~~~~~~~~~~~~~~~~~~~~~~~~~~~~~~~~~~~~~~~~~~~~~~~~~~~~~~~~~~~~~~~~[m[K
  153 | [01;36m[K          // register a plugin class, every one if its virtual functions must[m[K
      |           [01;36m[K~~~~~~~~~~~~~~~~~~~~~~~~~~~~~~~~~~~~~~~~~~~~~~~~~~~~~~~~~~~~~~~~~~~[m[K
  154 | [01;36m[K          // have a definition.[m[K
      |           [01;36m[K~~~~~~~~~~~~~~~~~~~~~[m[K
  155 | [01;36m[K          //[m[K
      |           [01;36m[K~~[m[K          
  156 | [01;36m[K          // Read through the error produced by your compiler to see which[m[K
      |           [01;36m[K~~~~~~~~~~~~~~~~~~~~~~~~~~~~~~~~~~~~~~~~~~~~~~~~~~~~~~~~~~~~~~~~[m[K
  157 | [01;36m[K          // pure virtual functions you are neglecting to provide overrides[m[K
      |           [01;36m[K~~~~~~~~~~~~~~~~~~~~~~~~~~~~~~~~~~~~~~~~~~~~~~~~~~~~~~~~~~~~~~~~~[m[K
  158 | [01;36m[K          // for.[m[K
      |           [01;36m[K~~~~~~~[m[K     
  159 | [01;36m[K          // ^^^^^^^^^^^^^ READ ABOVE FOR COMPILATION ERRORS ^^^^^^^^^^^^^^^^[m[K
      |           [01;36m[K~~~~~~~~~~~~~~~~~~~~~~~~~~~~~~~~~~~~~~~~~~~~~~~~~~~~~~~~~~~~~~~~~~~[m[K
  160 | [01;36m[K          return static_cast<void*>(new PluginClass);[m[K
      |           [01;36m[K~~~~~~~~~~~~~~~~~~~~~~~~~~~~~~~~~~~~~~~~~~~[m[K
  161 | [01;36m[K        }[m[K;
      |         [01;36m[K~[m[K             
[01m[K/usr/include/c++/13/bits/std_function.h:469:7:[m[K [01;36m[Knote: [m[Kcandidate: â€˜[01m[Kstd::function<_Res(_ArgTypes ...)>& std::function<_Res(_ArgTypes ...)>::[01;32m[Koperator=[m[K(const std::function<_Res(_ArgTypes ...)>&) [35m[K[with _Res = void*; _ArgTypes = {}][m[K[m[Kâ€™
  469 |       [01;36m[Koperator[m[K=(const function& __x)
      |       [01;36m[K^~~~~~~~[m[K
[01m[K/usr/include/c++/13/bits/std_function.h:469:33:[m[K [01;36m[Knote: [m[K  no known conversion for argument 1 from â€˜[01m[Kgz::plugin::detail::MakeInfo<doe_simulation::ThrusterDriver>()::<lambda()>[m[Kâ€™ to â€˜[01m[Kconst std::function<void*()>&[m[Kâ€™
  469 |       operator=([01;36m[Kconst function& __x[m[K)
      |                 [01;36m[K~~~~~~~~~~~~~~~~^~~[m[K
[01m[K/usr/include/c++/13/bits/std_function.h:487:7:[m[K [01;36m[Knote: [m[Kcandidate: â€˜[01m[Kstd::function<_Res(_ArgTypes ...)>& std::function<_Res(_ArgTypes ...)>::[01;32m[Koperator=[m[K(std::function<_Res(_ArgTypes ...)>&&) [35m[K[with _Res = void*; _ArgTypes = {}][m[K[m[Kâ€™
  487 |       [01;36m[Koperator[m[K=(function&& __x) noexcept
      |       [01;36m[K^~~~~~~~[m[K
[01m[K/usr/include/c++/13/bits/std_function.h:487:28:[m[K [01;36m[Knote: [m[K  no known conversion for argument 1 from â€˜[01m[Kgz::plugin::detail::MakeInfo<doe_simulation::ThrusterDriver>()::<lambda()>[m[Kâ€™ to â€˜[01m[Kstd::function<void*()>&&[m[Kâ€™
  487 |       operator=([01;36m[Kfunction&& __x[m[K) noexcept
      |                 [01;36m[K~~~~~~~~~~~^~~[m[K
[01m[K/usr/include/c++/13/bits/std_function.h:501:7:[m[K [01;36m[Knote: [m[Kcandidate: â€˜[01m[Kstd::function<_Res(_ArgTypes ...)>& std::function<_Res(_ArgTypes ...)>::[01;32m[Koperator=[m[K(std::nullptr_t) [35m[K[with _Res = void*; _ArgTypes = {}; std::nullptr_t = std::nullptr_t][m[K[m[Kâ€™
  501 |       [01;36m[Koperator[m[K=(nullptr_t) noexcept
      |       [01;36m[K^~~~~~~~[m[K
[01m[K/usr/include/c++/13/bits/std_function.h:501:17:[m[K [01;36m[Knote: [m[K  no known conversion for argument 1 from â€˜[01m[Kgz::plugin::detail::MakeInfo<doe_simulation::ThrusterDriver>()::<lambda()>[m[Kâ€™ to â€˜[01m[Kstd::nullptr_t[m[Kâ€™
  501 |       operator=([01;36m[Knullptr_t[m[K) noexcept
      |                 [01;36m[K^~~~~~~~~[m[K
gmake[2]: *** [CMakeFiles/thruster_driver_plugin.dir/build.make:76: CMakeFiles/thruster_driver_plugin.dir/src/thruster_driver_plugin.cpp.o] Error 1
gmake[1]: *** [CMakeFiles/Makefile2:137: CMakeFiles/thruster_driver_plugin.dir/all] Error 2
gmake: *** [Makefile:166: all] Error 2
