[0.011s] Invoking command in '/home/dorson/Documents/github/Doe/src/doe_simulation/build/doe_simulation': CMAKE_PREFIX_PATH=${CMAKE_PREFIX_PATH}:/opt/ros/jazzy DEBUGINFOD_URLS=https://debuginfod.ubuntu.com /usr/bin/cmake --build /home/dorson/Documents/github/Doe/src/doe_simulation/build/doe_simulation -- -j20 -l20
[0.079s] [ 50%] [32mBuilding CXX object CMakeFiles/thruster_driver_plugin.dir/src/thruster_driver_plugin.cpp.o[0m
[2.059s] [01m[K/home/dorson/Documents/github/Doe/src/doe_simulation/src/thruster_driver_plugin.cpp:8:17:[m[K [01;31m[Kerror: [m[Kexpected constructor, destructor, or type conversion before â€˜[01m[K([m[Kâ€™ token
[2.059s]     8 |     rclcpp::init[01;31m[K([m[K0, nullptr);
[2.060s]       |                 [01;31m[K^[m[K
[2.060s] [01m[K/home/dorson/Documents/github/Doe/src/doe_simulation/src/thruster_driver_plugin.cpp:14:7:[m[K [01;31m[Kerror: [m[Kâ€˜[01m[Kvirtual[m[Kâ€™ outside class declaration
[2.060s]    14 |       [01;31m[Kvirtual[m[K bool initialize(SimpleControllerIO* io) override
[2.060s]       |       [01;31m[K^~~~~~~[m[K
[2.066s] [01m[K/home/dorson/Documents/github/Doe/src/doe_simulation/src/thruster_driver_plugin.cpp:14:31:[m[K [01;31m[Kerror: [m[Kâ€˜[01m[KSimpleControllerIO[m[Kâ€™ was not declared in this scope
[2.066s]    14 |       virtual bool initialize([01;31m[KSimpleControllerIO[m[K* io) override
[2.066s]       |                               [01;31m[K^~~~~~~~~~~~~~~~~~[m[K
[2.066s] [01m[K/home/dorson/Documents/github/Doe/src/doe_simulation/src/thruster_driver_plugin.cpp:14:51:[m[K [01;31m[Kerror: [m[Kâ€˜[01m[Kio[m[Kâ€™ was not declared in this scope; did you mean â€˜[01m[Kgoogle::protobuf::io[m[Kâ€™?
[2.066s]    14 |       virtual bool initialize(SimpleControllerIO* [01;31m[Kio[m[K) override
[2.066s]       |                                                   [01;31m[K^~[m[K
[2.066s]       |                                                   [32m[Kgoogle::protobuf::io[m[K
[2.066s] In file included from [01m[K/opt/ros/jazzy/opt/gz_msgs_vendor/include/gz/msgs10/gz/msgs/details/serialized.pb.h:23[m[K,
[2.066s]                  from [01m[K/opt/ros/jazzy/opt/gz_msgs_vendor/include/gz/msgs10/gz/msgs/serialized.pb.h:12[m[K,
[2.066s]                  from [01m[K/opt/ros/jazzy/opt/gz_sim_vendor/include/gz/sim8/gz/sim/EntityComponentManager.hh:20[m[K,
[2.067s]                  from [01m[K/opt/ros/jazzy/opt/gz_sim_vendor/include/gz/sim8/gz/sim/Model.hh:27[m[K,
[2.067s]                  from [01m[K/home/dorson/Documents/github/Doe/src/doe_simulation/include/doe_simulation/thruster_driver_plugin.hpp:4[m[K,
[2.067s]                  from [01m[K/home/dorson/Documents/github/Doe/src/doe_simulation/src/thruster_driver_plugin.cpp:1[m[K:
[2.067s] [01m[K/usr/include/google/protobuf/io/coded_stream.h:153:11:[m[K [01;36m[Knote: [m[Kâ€˜[01m[Kgoogle::protobuf::io[m[Kâ€™ declared here
[2.067s]   153 | namespace [01;36m[Kio[m[K {
[2.067s]       |           [01;36m[K^~[m[K
[3.643s] gmake[2]: *** [CMakeFiles/thruster_driver_plugin.dir/build.make:76: CMakeFiles/thruster_driver_plugin.dir/src/thruster_driver_plugin.cpp.o] Error 1
[3.643s] gmake[1]: *** [CMakeFiles/Makefile2:137: CMakeFiles/thruster_driver_plugin.dir/all] Error 2
[3.644s] gmake: *** [Makefile:166: all] Error 2
[3.646s] Invoked command in '/home/dorson/Documents/github/Doe/src/doe_simulation/build/doe_simulation' returned '2': CMAKE_PREFIX_PATH=${CMAKE_PREFIX_PATH}:/opt/ros/jazzy DEBUGINFOD_URLS=https://debuginfod.ubuntu.com /usr/bin/cmake --build /home/dorson/Documents/github/Doe/src/doe_simulation/build/doe_simulation -- -j20 -l20
