[0.010s] Invoking command in '/home/dorson/Documents/github/Doe/src/doe_control/build/doe_control': CMAKE_PREFIX_PATH=${CMAKE_PREFIX_PATH}:/opt/ros/jazzy DEBUGINFOD_URLS=https://debuginfod.ubuntu.com /usr/bin/cmake --build /home/dorson/Documents/github/Doe/src/doe_control/build/doe_control -- -j20 -l20
[0.031s] -- Found ament_cmake: 2.5.2 (/opt/ros/jazzy/share/ament_cmake/cmake)
[0.208s] -- Found rclcpp: 28.1.5 (/opt/ros/jazzy/share/rclcpp/cmake)
[0.226s] -- Found rosidl_generator_c: 4.6.4 (/opt/ros/jazzy/share/rosidl_generator_c/cmake)
[0.232s] -- Found rosidl_generator_cpp: 4.6.4 (/opt/ros/jazzy/share/rosidl_generator_cpp/cmake)
[0.240s] -- Using all available rosidl_typesupport_c: rosidl_typesupport_fastrtps_c;rosidl_typesupport_introspection_c
[0.248s] -- Using all available rosidl_typesupport_cpp: rosidl_typesupport_fastrtps_cpp;rosidl_typesupport_introspection_cpp
[0.289s] -- Found rmw_implementation_cmake: 7.3.1 (/opt/ros/jazzy/share/rmw_implementation_cmake/cmake)
[0.290s] -- Found rmw_fastrtps_cpp: 8.4.1 (/opt/ros/jazzy/share/rmw_fastrtps_cpp/cmake)
[0.343s] -- Using RMW implementation 'rmw_fastrtps_cpp' as default
[0.387s] -- Found rclcpp_components: 28.1.5 (/opt/ros/jazzy/share/rclcpp_components/cmake)
[0.406s] -- Found geometry_msgs: 5.3.5 (/opt/ros/jazzy/share/geometry_msgs/cmake)
[0.426s] -- Found sensor_msgs: 5.3.5 (/opt/ros/jazzy/share/sensor_msgs/cmake)
[0.443s] -- Found nav_msgs: 5.3.5 (/opt/ros/jazzy/share/nav_msgs/cmake)
[0.463s] -- Found tf2: 0.36.4 (/opt/ros/jazzy/share/tf2/cmake)
[0.466s] -- Found ament_lint_auto: 0.17.1 (/opt/ros/jazzy/share/ament_lint_auto/cmake)
[0.540s] -- Added test 'cppcheck' to perform static code analysis on C / C++ code
[0.540s] -- Configured cppcheck include dirs: /home/dorson/Documents/github/Doe/src/doe_control/include
[0.540s] -- Configured cppcheck exclude dirs and/or files: 
[0.541s] -- Added test 'flake8' to check Python code syntax and style conventions
[0.542s] -- Configured 'flake8' exclude dirs and/or files: 
[0.543s] -- Added test 'lint_cmake' to check CMake code style
[0.544s] -- Added test 'pep257' to check Python code against some of the docstring style conventions in PEP 257
[0.549s] -- Added test 'uncrustify' to check C / C++ code style
[0.549s] -- Configured uncrustify additional arguments: 
[0.550s] -- Added test 'xmllint' to check XML markup files
[0.551s] -- Configuring done (0.5s)
[0.562s] -- Generating done (0.0s)
[0.563s] -- Build files have been written to: /home/dorson/Documents/github/Doe/src/doe_control/build/doe_control
[0.597s] [ 25%] [32mBuilding CXX object CMakeFiles/doe_control.dir/src/thrust_publisher.cpp.o[0m
[0.620s] [ 75%] Built target thrust_publisher
[0.728s] In file included from [01m[K/home/dorson/Documents/github/Doe/src/doe_control/src/thrust_publisher.cpp:1[m[K:
[0.728s] [01m[K/home/dorson/Documents/github/Doe/src/doe_control/include/doe_control/thrust_publisher.hpp:9:10:[m[K [01;31m[Kfatal error: [m[Krclcpp/rclcpp.hpp: No such file or directory
[0.728s]     9 | #include [01;31m[K"rclcpp/rclcpp.hpp"[m[K
[0.728s]       |          [01;31m[K^~~~~~~~~~~~~~~~~~~[m[K
[0.729s] compilation terminated.
[0.730s] gmake[2]: *** [CMakeFiles/doe_control.dir/build.make:76: CMakeFiles/doe_control.dir/src/thrust_publisher.cpp.o] Error 1
[0.730s] gmake[1]: *** [CMakeFiles/Makefile2:165: CMakeFiles/doe_control.dir/all] Error 2
[0.730s] gmake: *** [Makefile:146: all] Error 2
[0.732s] Invoked command in '/home/dorson/Documents/github/Doe/src/doe_control/build/doe_control' returned '2': CMAKE_PREFIX_PATH=${CMAKE_PREFIX_PATH}:/opt/ros/jazzy DEBUGINFOD_URLS=https://debuginfod.ubuntu.com /usr/bin/cmake --build /home/dorson/Documents/github/Doe/src/doe_control/build/doe_control -- -j20 -l20
