[0.014s] Invoking command in '/home/dorson/Documents/github/Doe/src/doe_simulation/build/doe_simulation': CMAKE_PREFIX_PATH=${CMAKE_PREFIX_PATH}:/opt/ros/jazzy DEBUGINFOD_URLS=https://debuginfod.ubuntu.com /usr/bin/cmake --build /home/dorson/Documents/github/Doe/src/doe_simulation/build/doe_simulation -- -j20 -l20
[0.120s] [ 50%] [32mBuilding CXX object CMakeFiles/thruster_driver_plugin.dir/src/thruster_driver_plugin.cpp.o[0m
[3.248s] In file included from [01m[K/home/dorson/Documents/github/Doe/src/doe_simulation/src/thruster_driver_plugin.cpp:1[m[K:
[3.248s] [01m[K/home/dorson/Documents/github/Doe/src/doe_simulation/include/doe_simulation/thruster_driver_plugin.hpp:38:36:[m[K [01;31m[Kerror: [m[Kâ€˜[01m[Kgz::sim::model[m[Kâ€™ has not been declared
[3.248s]    38 |         virtual void Load(gz::sim::[01;31m[Kmodel[m[K::ModelPtr _model, sdf::ElementPtr _sdf);
[3.248s]       |                                    [01;31m[K^~~~~[m[K
[3.248s] [01m[K/home/dorson/Documents/github/Doe/src/doe_simulation/include/doe_simulation/thruster_driver_plugin.hpp:38:52:[m[K [01;31m[Kerror: [m[Kexpected â€˜[01m[K,[m[Kâ€™ or â€˜[01m[K...[m[Kâ€™ before â€˜[01m[K_model[m[Kâ€™
[3.248s]    38 |         virtual void Load(gz::sim::model::ModelPtr [01;31m[K_model[m[K, sdf::ElementPtr _sdf);
[3.248s]       |                                                    [01;31m[K^~~~~~[m[K
[3.271s] [01m[K/home/dorson/Documents/github/Doe/src/doe_simulation/include/doe_simulation/thruster_driver_plugin.hpp:71:9:[m[K [01;31m[Kerror: [m[Kâ€˜[01m[Kevent[m[Kâ€™ does not name a type
[3.271s]    71 |         [01;31m[Kevent[m[K::ConnectionPtr updateConnection_;
[3.271s]       |         [01;31m[K^~~~~[m[K
[3.278s] [01m[K/home/dorson/Documents/github/Doe/src/doe_simulation/include/doe_simulation/thruster_driver_plugin.hpp:73:21:[m[K [01;31m[Kerror: [m[Kâ€˜[01m[Kphysics[m[Kâ€™ was not declared in this scope
[3.278s]    73 |         std::vector<[01;31m[Kphysics[m[K::LinkPtr> thruster;
[3.278s]       |                     [01;31m[K^~~~~~~[m[K
[3.278s] [01m[K/home/dorson/Documents/github/Doe/src/doe_simulation/include/doe_simulation/thruster_driver_plugin.hpp:73:37:[m[K [01;31m[Kerror: [m[Ktemplate argument 1 is invalid
[3.278s]    73 |         std::vector<physics::LinkPtr[01;31m[K>[m[K thruster;
[3.278s]       |                                     [01;31m[K^[m[K
[3.278s] [01m[K/home/dorson/Documents/github/Doe/src/doe_simulation/include/doe_simulation/thruster_driver_plugin.hpp:73:37:[m[K [01;31m[Kerror: [m[Ktemplate argument 2 is invalid
[3.278s] In file included from [01m[K/opt/ros/jazzy/opt/gz_plugin_vendor/include/gz/plugin2/gz/plugin/Register.hh:22[m[K,
[3.279s]                  from [01m[K/home/dorson/Documents/github/Doe/src/doe_simulation/include/doe_simulation/thruster_driver_plugin.hpp:7[m[K:
[3.279s] [01m[K/home/dorson/Documents/github/Doe/src/doe_simulation/include/doe_simulation/thruster_driver_plugin.hpp:[m[K In constructor â€˜[01m[Kdoe_simulation::gz::plugin::{anonymous}::ExecuteWhenLoadingLibrary0::[01;32m[KExecuteWhenLoadingLibrary0[m[K()[m[Kâ€™:
[3.279s] [01m[K/home/dorson/Documents/github/Doe/src/doe_simulation/include/doe_simulation/thruster_driver_plugin.hpp:83:5:[m[K [01;31m[Kerror: [m[Ktemplate argument 2 is invalid
[3.279s]    83 |     [01;31m[KGZ_ADD_PLUGIN[m[K(ThrusterDriver)
[3.279s]       |     [01;31m[K^~~~~~~~~~~~~[m[K
[3.279s] [01m[K/home/dorson/Documents/github/Doe/src/doe_simulation/include/doe_simulation/thruster_driver_plugin.hpp:83:5:[m[K [01;31m[Kerror: [m[Kqualified-id in declaration before â€˜[01m[K([m[Kâ€™ token
[3.279s]    83 |     [01;31m[KGZ_ADD_PLUGIN[m[K(ThrusterDriver)
[3.279s]       |     [01;31m[K^~~~~~~~~~~~~[m[K
[3.280s] [01m[K/home/dorson/Documents/github/Doe/src/doe_simulation/src/thruster_driver_plugin.cpp:[m[K At global scope:
[3.280s] [01m[K/home/dorson/Documents/github/Doe/src/doe_simulation/src/thruster_driver_plugin.cpp:12:10:[m[K [01;31m[Kerror: [m[Kvariable or field â€˜[01m[KLoad[m[Kâ€™ declared void
[3.280s]    12 |     void [01;31m[KThrusterDriver[m[K::Load(physics::ModelPtr _model, sdf::ElementPtr _sdf)
[3.280s]       |          [01;31m[K^~~~~~~~~~~~~~[m[K
[3.280s] [01m[K/home/dorson/Documents/github/Doe/src/doe_simulation/src/thruster_driver_plugin.cpp:12:31:[m[K [01;31m[Kerror: [m[Kâ€˜[01m[Kphysics[m[Kâ€™ has not been declared
[3.280s]    12 |     void ThrusterDriver::Load([01;31m[Kphysics[m[K::ModelPtr _model, sdf::ElementPtr _sdf)
[3.280s]       |                               [01;31m[K^~~~~~~[m[K
[3.280s] [01m[K/home/dorson/Documents/github/Doe/src/doe_simulation/src/thruster_driver_plugin.cpp:12:73:[m[K [01;31m[Kerror: [m[Kexpected primary-expression before â€˜[01m[K_sdf[m[Kâ€™
[3.280s]    12 | id ThrusterDriver::Load(physics::ModelPtr _model, sdf::ElementPtr [01;31m[K_sdf[m[K)
[3.280s]       |                                                                   [01;31m[K^~~~[m[K
[3.280s] 
[3.283s] [01m[K/home/dorson/Documents/github/Doe/src/doe_simulation/src/thruster_driver_plugin.cpp:[m[K In member function â€˜[01m[Kvoid doe_simulation::ThrusterDriver::[01;32m[KApplyForce[m[K()[m[Kâ€™:
[3.283s] [01m[K/home/dorson/Documents/github/Doe/src/doe_simulation/src/thruster_driver_plugin.cpp:99:27:[m[K [01;31m[Kerror: [m[Kinvalid types â€˜[01m[Kint[unsigned int][m[Kâ€™ for array subscript
[3.283s]    99 |             this->thruster[01;31m[K[[m[Ki]->AddLinkForce(ignition::math::Vector3d(0, 0, this->thrust_values[i]));
[3.283s]       |                           [01;31m[K^[m[K
[3.283s] [01m[K/home/dorson/Documents/github/Doe/src/doe_simulation/src/thruster_driver_plugin.cpp:99:45:[m[K [01;31m[Kerror: [m[Kâ€˜[01m[Kignition[m[Kâ€™ has not been declared
[3.283s]    99 |             this->thruster[i]->AddLinkForce([01;31m[Kignition[m[K::math::Vector3d(0, 0, this->thrust_values[i]));
[3.283s]       |                                             [01;31m[K^~~~~~~~[m[K
[3.879s] In file included from [01m[K/opt/ros/jazzy/opt/gz_plugin_vendor/include/gz/plugin2/gz/plugin/detail/Register.hh:26[m[K:
[3.879s] /opt/ros/jazzy/opt/gz_plugin_vendor/include/gz/plugin2/gz/plugin/detail/Common.hh: In instantiation of â€˜[01m[Kgz::plugin::v1::Info gz::plugin::detail::[01;32m[KMakeInfo[m[K() [35m[K[with PluginClass = doe_simulation::ThrusterDriver; Interfaces = {}][m[K[m[Kâ€™:
[3.879s] [01m[K/opt/ros/jazzy/opt/gz_plugin_vendor/include/gz/plugin2/gz/plugin/detail/Register.hh:285:59:[m[K   required from â€˜[01m[Kstatic void gz::plugin::detail::Registrar<PluginClass, Interfaces>::[01;32m[KRegisterAlias[m[K(Aliases&& ...) [35m[K[with Aliases = {const char (&)[27]}; PluginClass = doe_simulation::ThrusterDriver; Interfaces = {}][m[K[m[Kâ€™
[3.879s] [01m[K/home/dorson/Documents/github/Doe/src/doe_simulation/include/doe_simulation/thruster_driver_plugin.hpp:87:5:[m[K   required from here
[3.879s] [01m[K/opt/ros/jazzy/opt/gz_plugin_vendor/include/gz/plugin2/gz/plugin/detail/Common.hh:160:37:[m[K [01;31m[Kerror: [m[Kinvalid new-expression of abstract class type â€˜[01m[Kdoe_simulation::ThrusterDriver[m[Kâ€™
[3.880s]   160 |           return static_cast<void*>([01;31m[Knew PluginClass[m[K);
[3.880s]       |                                     [01;31m[K^~~~~~~~~~~~~~~[m[K
[3.880s] [01m[K/home/dorson/Documents/github/Doe/src/doe_simulation/include/doe_simulation/thruster_driver_plugin.hpp:20:11:[m[K [01;36m[Knote: [m[K  because the following virtual functions are pure within â€˜[01m[Kdoe_simulation::ThrusterDriver[m[Kâ€™:
[3.880s]    20 |     class [01;36m[KThrusterDriver[m[K       : public System,
[3.880s]       |           [01;36m[K^~~~~~~~~~~~~~[m[K
[3.880s] In file included from [01m[K/home/dorson/Documents/github/Doe/src/doe_simulation/include/doe_simulation/thruster_driver_plugin.hpp:6[m[K:
[3.880s] [01m[K/opt/ros/jazzy/opt/gz_sim_vendor/include/gz/sim8/gz/sim/System.hh:120:28:[m[K [01;36m[Knote: [m[K    â€˜[01m[Kvirtual void gz::sim::v8::ISystemConfigure::[01;32m[KConfigure[m[K(const gz::sim::v8::Entity&, const std::shared_ptr<const sdf::v14::Element>&, gz::sim::v8::EntityComponentManager&, gz::sim::v8::EventManager&)[m[Kâ€™
[3.880s]   120 |       public: virtual void [01;36m[KConfigure[m[K(
[3.880s]       |                            [01;36m[K^~~~~~~~~[m[K
[3.880s] [01m[K/opt/ros/jazzy/opt/gz_sim_vendor/include/gz/sim8/gz/sim/System.hh:177:28:[m[K [01;36m[Knote: [m[K    â€˜[01m[Kvirtual void gz::sim::v8::ISystemPostUpdate::[01;32m[KPostUpdate[m[K(const gz::sim::v8::UpdateInfo&, const gz::sim::v8::EntityComponentManager&)[m[Kâ€™
[3.880s]   177 |       public: virtual void [01;36m[KPostUpdate[m[K(const UpdateInfo &_info,
[3.880s]       |                            [01;36m[K^~~~~~~~~~[m[K
[3.880s] [01m[K/opt/ros/jazzy/opt/gz_plugin_vendor/include/gz/plugin2/gz/plugin/detail/Common.hh:148:22:[m[K [01;31m[Kerror: [m[Kno match for â€˜[01m[Koperator=[m[Kâ€™ (operand types are â€˜[01m[Kstd::function<void*()>[m[Kâ€™ and â€˜[01m[Kgz::plugin::detail::MakeInfo<doe_simulation::ThrusterDriver>()::<lambda()>[m[Kâ€™)
[3.880s]   148 |         [01;31m[Kinfo.factory = [=]()[m[K
[3.880s]       |         [01;31m[K~~~~~~~~~~~~~^~~~~~~[m[K
[3.880s]   149 | [01;31m[K        {[m[K
[3.881s]       |         [01;31m[K~[m[K             
[3.881s]   150 | [01;31m[K          // vvvvvvvvvvvvvvvvvvvvvvvv  READ ME  vvvvvvvvvvvvvvvvvvvvvvvvvvvvv[m[K
[3.881s]       |           [01;31m[K~~~~~~~~~~~~~~~~~~~~~~~~~~~~~~~~~~~~~~~~~~~~~~~~~~~~~~~~~~~~~~~~~~~[m[K
[3.881s]   151 | [01;31m[K          // If you get a compilation error here, then you are trying to[m[K
[3.881s]       |           [01;31m[K~~~~~~~~~~~~~~~~~~~~~~~~~~~~~~~~~~~~~~~~~~~~~~~~~~~~~~~~~~~~~~[m[K
[3.881s]   152 | [01;31m[K          // register an abstract class as a plugin, which is not allowed. To[m[K
[3.881s]       |           [01;31m[K~~~~~~~~~~~~~~~~~~~~~~~~~~~~~~~~~~~~~~~~~~~~~~~~~~~~~~~~~~~~~~~~~~~[m[K
[3.881s]   153 | [01;31m[K          // register a plugin class, every one if its virtual functions must[m[K
[3.881s]       |           [01;31m[K~~~~~~~~~~~~~~~~~~~~~~~~~~~~~~~~~~~~~~~~~~~~~~~~~~~~~~~~~~~~~~~~~~~[m[K
[3.881s]   154 | [01;31m[K          // have a definition.[m[K
[3.881s]       |           [01;31m[K~~~~~~~~~~~~~~~~~~~~~[m[K
[3.881s]   155 | [01;31m[K          //[m[K
[3.881s]       |           [01;31m[K~~[m[K          
[3.881s]   156 | [01;31m[K          // Read through the error produced by your compiler to see which[m[K
[3.881s]       |           [01;31m[K~~~~~~~~~~~~~~~~~~~~~~~~~~~~~~~~~~~~~~~~~~~~~~~~~~~~~~~~~~~~~~~~[m[K
[3.881s]   157 | [01;31m[K          // pure virtual functions you are neglecting to provide overrides[m[K
[3.881s]       |           [01;31m[K~~~~~~~~~~~~~~~~~~~~~~~~~~~~~~~~~~~~~~~~~~~~~~~~~~~~~~~~~~~~~~~~~[m[K
[3.881s]   158 | [01;31m[K          // for.[m[K
[3.881s]       |           [01;31m[K~~~~~~~[m[K     
[3.882s]   159 | [01;31m[K          // ^^^^^^^^^^^^^ READ ABOVE FOR COMPILATION ERRORS ^^^^^^^^^^^^^^^^[m[K
[3.882s]       |           [01;31m[K~~~~~~~~~~~~~~~~~~~~~~~~~~~~~~~~~~~~~~~~~~~~~~~~~~~~~~~~~~~~~~~~~~~[m[K
[3.882s]   160 | [01;31m[K          return static_cast<void*>(new PluginClass);[m[K
[3.882s]       |           [01;31m[K~~~~~~~~~~~~~~~~~~~~~~~~~~~~~~~~~~~~~~~~~~~[m[K
[3.882s]   161 | [01;31m[K        }[m[K;
[3.882s]       |         [01;31m[K~[m[K             
[3.882s] In file included from [01m[K/usr/include/c++/13/functional:59[m[K,
[3.882s]                  from [01m[K/usr/include/google/protobuf/map.h:41[m[K,
[3.882s]                  from [01m[K/usr/include/google/protobuf/message.h:126[m[K,
[3.882s]                  from [01m[K/opt/ros/jazzy/opt/gz_msgs_vendor/include/gz/msgs10/gz/msgs/details/serialized.pb.h:29[m[K,
[3.882s]                  from [01m[K/opt/ros/jazzy/opt/gz_msgs_vendor/include/gz/msgs10/gz/msgs/serialized.pb.h:12[m[K,
[3.882s]                  from [01m[K/opt/ros/jazzy/opt/gz_sim_vendor/include/gz/sim8/gz/sim/EntityComponentManager.hh:20[m[K,
[3.882s]                  from [01m[K/opt/ros/jazzy/opt/gz_sim_vendor/include/gz/sim8/gz/sim/Model.hh:27[m[K,
[3.882s]                  from [01m[K/home/dorson/Documents/github/Doe/src/doe_simulation/include/doe_simulation/thruster_driver_plugin.hpp:4[m[K:
[3.882s] [01m[K/usr/include/c++/13/bits/std_function.h:531:9:[m[K [01;36m[Knote: [m[Kcandidate: â€˜[01m[Ktemplate<class _Functor> std::function<_Res(_ArgTypes ...)>::_Requires<std::function<_Res(_ArgTypes ...)>::_Callable<_Functor>, std::function<_Res(_ArgTypes ...)>&> std::function<_Res(_ArgTypes ...)>::[01;32m[Koperator=[m[K(_Functor&&) [35m[K[with _Res = void*; _ArgTypes = {}][m[K[m[Kâ€™
[3.882s]   531 |         [01;36m[Koperator[m[K=(_Functor&& __f)
[3.882s]       |         [01;36m[K^~~~~~~~[m[K
[3.882s] [01m[K/usr/include/c++/13/bits/std_function.h:531:9:[m[K [01;36m[Knote: [m[K  template argument deduction/substitution failed:
[3.882s] In file included from [01m[K/usr/include/c++/13/bits/move.h:37[m[K,
[3.882s]                  from [01m[K/usr/include/c++/13/bits/new_allocator.h:36[m[K,
[3.883s]                  from [01m[K/usr/include/x86_64-linux-gnu/c++/13/bits/c++allocator.h:33[m[K,
[3.883s]                  from [01m[K/usr/include/c++/13/bits/allocator.h:46[m[K,
[3.883s]                  from [01m[K/usr/include/c++/13/memory:65[m[K,
[3.883s]                  from [01m[K/opt/ros/jazzy/opt/gz_sim_vendor/include/gz/sim8/gz/sim/Model.hh:20[m[K:
[3.883s] /usr/include/c++/13/type_traits: In substitution of â€˜[01m[Ktemplate<bool _Cond, class _Tp> using std::__enable_if_t = typename std::enable_if::type [35m[K[with bool _Cond = false; _Tp = std::function<void*()>&][m[K[m[Kâ€™:
[3.883s] [01m[K/usr/include/c++/13/bits/std_function.h:353:8:[m[K   required by substitution of â€˜[01m[Ktemplate<class _Res, class ... _ArgTypes> template<class _Cond, class _Tp> using std::function<_Res(_ArgTypes ...)>::_Requires = std::__enable_if_t<_Cond::value, _Tp> [35m[K[with _Cond = std::function<void*()>::_Callable<gz::plugin::detail::MakeInfo<doe_simulation::ThrusterDriver>()::<lambda()>, gz::plugin::detail::MakeInfo<doe_simulation::ThrusterDriver>()::<lambda()>, std::__invoke_result<gz::plugin::detail::MakeInfo<doe_simulation::ThrusterDriver>()::<lambda()>&> >; _Tp = std::function<void*()>&; _Res = void*; _ArgTypes = {}][m[K[m[Kâ€™
[3.883s] [01m[K/usr/include/c++/13/bits/std_function.h:531:2:[m[K   required by substitution of â€˜[01m[Ktemplate<class _Functor> std::function<void*()>::_Requires<std::function<void*()>::_Callable<_Functor, typename std::enable_if<(! std::is_same<typename std::remove_cv<typename std::remove_reference<_Tp>::type>::type, std::function<void*()> >::value), std::decay<_Ex> >::type::type, std::__invoke_result<typename std::enable_if<(! std::is_same<typename std::remove_cv<typename std::remove_reference<_Tp>::type>::type, std::function<void*()> >::value), std::decay<_Ex> >::type::type&> >, std::function<void*()>&> std::function<void*()>::[01;32m[Koperator=[m[K(_Functor&&) [35m[K[with _Functor = gz::plugin::detail::MakeInfo<doe_simulation::ThrusterDriver>()::<lambda()>][m[K[m[Kâ€™
[3.883s] [01m[K/opt/ros/jazzy/opt/gz_plugin_vendor/include/gz/plugin2/gz/plugin/detail/Common.hh:148:22:[m[K   required from â€˜[01m[Kgz::plugin::v1::Info gz::plugin::detail::[01;32m[KMakeInfo[m[K() [35m[K[with PluginClass = doe_simulation::ThrusterDriver; Interfaces = {}][m[K[m[Kâ€™
[3.883s] [01m[K/opt/ros/jazzy/opt/gz_plugin_vendor/include/gz/plugin2/gz/plugin/detail/Register.hh:285:59:[m[K   required from â€˜[01m[Kstatic void gz::plugin::detail::Registrar<PluginClass, Interfaces>::[01;32m[KRegisterAlias[m[K(Aliases&& ...) [35m[K[with Aliases = {const char (&)[27]}; PluginClass = doe_simulation::ThrusterDriver; Interfaces = {}][m[K[m[Kâ€™
[3.883s] [01m[K/home/dorson/Documents/github/Doe/src/doe_simulation/include/doe_simulation/thruster_driver_plugin.hpp:87:5:[m[K   required from here
[3.883s] [01m[K/usr/include/c++/13/type_traits:116:11:[m[K [01;31m[Kerror: [m[Kno type named â€˜[01m[Ktype[m[Kâ€™ in â€˜[01m[Kstruct std::enable_if<false, std::function<void*()>&>[m[Kâ€™
[3.883s]   116 |     using [01;31m[K__enable_if_t[m[K = typename enable_if<_Cond, _Tp>::type;
[3.883s]       |           [01;31m[K^~~~~~~~~~~~~[m[K
[3.883s] /opt/ros/jazzy/opt/gz_plugin_vendor/include/gz/plugin2/gz/plugin/detail/Common.hh: In instantiation of â€˜[01m[Kgz::plugin::v1::Info gz::plugin::detail::[01;32m[KMakeInfo[m[K() [35m[K[with PluginClass = doe_simulation::ThrusterDriver; Interfaces = {}][m[K[m[Kâ€™:
[3.884s] [01m[K/opt/ros/jazzy/opt/gz_plugin_vendor/include/gz/plugin2/gz/plugin/detail/Register.hh:285:59:[m[K   required from â€˜[01m[Kstatic void gz::plugin::detail::Registrar<PluginClass, Interfaces>::[01;32m[KRegisterAlias[m[K(Aliases&& ...) [35m[K[with Aliases = {const char (&)[27]}; PluginClass = doe_simulation::ThrusterDriver; Interfaces = {}][m[K[m[Kâ€™
[3.884s] [01m[K/home/dorson/Documents/github/Doe/src/doe_simulation/include/doe_simulation/thruster_driver_plugin.hpp:87:5:[m[K   required from here
[3.884s] [01m[K/usr/include/c++/13/bits/std_function.h:541:9:[m[K [01;36m[Knote: [m[Kcandidate: â€˜[01m[Ktemplate<class _Functor> std::function<_Res(_ArgTypes ...)>& std::function<_Res(_ArgTypes ...)>::[01;32m[Koperator=[m[K(std::reference_wrapper<_Functor>) [35m[K[with _Res = void*; _ArgTypes = {}][m[K[m[Kâ€™
[3.884s]   541 |         [01;36m[Koperator[m[K=(reference_wrapper<_Functor> __f) noexcept
[3.884s]       |         [01;36m[K^~~~~~~~[m[K
[3.884s] [01m[K/usr/include/c++/13/bits/std_function.h:541:9:[m[K [01;36m[Knote: [m[K  template argument deduction/substitution failed:
[3.884s] [01m[K/opt/ros/jazzy/opt/gz_plugin_vendor/include/gz/plugin2/gz/plugin/detail/Common.hh:148:22:[m[K [01;36m[Knote: [m[K  â€˜[01m[Kgz::plugin::detail::MakeInfo<doe_simulation::ThrusterDriver>()::<lambda()>[m[Kâ€™ is not derived from â€˜[01m[Kstd::reference_wrapper<_Tp>[m[Kâ€™
[3.884s]   148 |         [01;36m[Kinfo.factory = [=]()[m[K
[3.884s]       |         [01;36m[K~~~~~~~~~~~~~^~~~~~~[m[K
[3.884s]   149 | [01;36m[K        {[m[K
[3.884s]       |         [01;36m[K~[m[K             
[3.884s]   150 | [01;36m[K          // vvvvvvvvvvvvvvvvvvvvvvvv  READ ME  vvvvvvvvvvvvvvvvvvvvvvvvvvvvv[m[K
[3.884s]       |           [01;36m[K~~~~~~~~~~~~~~~~~~~~~~~~~~~~~~~~~~~~~~~~~~~~~~~~~~~~~~~~~~~~~~~~~~~[m[K
[3.884s]   151 | [01;36m[K          // If you get a compilation error here, then you are trying to[m[K
[3.884s]       |           [01;36m[K~~~~~~~~~~~~~~~~~~~~~~~~~~~~~~~~~~~~~~~~~~~~~~~~~~~~~~~~~~~~~~[m[K
[3.884s]   152 | [01;36m[K          // register an abstract class as a plugin, which is not allowed. To[m[K
[3.884s]       |           [01;36m[K~~~~~~~~~~~~~~~~~~~~~~~~~~~~~~~~~~~~~~~~~~~~~~~~~~~~~~~~~~~~~~~~~~~[m[K
[3.884s]   153 | [01;36m[K          // register a plugin class, every one if its virtual functions must[m[K
[3.884s]       |           [01;36m[K~~~~~~~~~~~~~~~~~~~~~~~~~~~~~~~~~~~~~~~~~~~~~~~~~~~~~~~~~~~~~~~~~~~[m[K
[3.884s]   154 | [01;36m[K          // have a definition.[m[K
[3.884s]       |           [01;36m[K~~~~~~~~~~~~~~~~~~~~~[m[K
[3.885s]   155 | [01;36m[K          //[m[K
[3.885s]       |           [01;36m[K~~[m[K          
[3.885s]   156 | [01;36m[K          // Read through the error produced by your compiler to see which[m[K
[3.885s]       |           [01;36m[K~~~~~~~~~~~~~~~~~~~~~~~~~~~~~~~~~~~~~~~~~~~~~~~~~~~~~~~~~~~~~~~~[m[K
[3.885s]   157 | [01;36m[K          // pure virtual functions you are neglecting to provide overrides[m[K
[3.885s]       |           [01;36m[K~~~~~~~~~~~~~~~~~~~~~~~~~~~~~~~~~~~~~~~~~~~~~~~~~~~~~~~~~~~~~~~~~[m[K
[3.885s]   158 | [01;36m[K          // for.[m[K
[3.885s]       |           [01;36m[K~~~~~~~[m[K     
[3.885s]   159 | [01;36m[K          // ^^^^^^^^^^^^^ READ ABOVE FOR COMPILATION ERRORS ^^^^^^^^^^^^^^^^[m[K
[3.885s]       |           [01;36m[K~~~~~~~~~~~~~~~~~~~~~~~~~~~~~~~~~~~~~~~~~~~~~~~~~~~~~~~~~~~~~~~~~~~[m[K
[3.885s]   160 | [01;36m[K          return static_cast<void*>(new PluginClass);[m[K
[3.885s]       |           [01;36m[K~~~~~~~~~~~~~~~~~~~~~~~~~~~~~~~~~~~~~~~~~~~[m[K
[3.885s]   161 | [01;36m[K        }[m[K;
[3.885s]       |         [01;36m[K~[m[K             
[3.885s] [01m[K/usr/include/c++/13/bits/std_function.h:469:7:[m[K [01;36m[Knote: [m[Kcandidate: â€˜[01m[Kstd::function<_Res(_ArgTypes ...)>& std::function<_Res(_ArgTypes ...)>::[01;32m[Koperator=[m[K(const std::function<_Res(_ArgTypes ...)>&) [35m[K[with _Res = void*; _ArgTypes = {}][m[K[m[Kâ€™
[3.885s]   469 |       [01;36m[Koperator[m[K=(const function& __x)
[3.885s]       |       [01;36m[K^~~~~~~~[m[K
[3.885s] [01m[K/usr/include/c++/13/bits/std_function.h:469:33:[m[K [01;36m[Knote: [m[K  no known conversion for argument 1 from â€˜[01m[Kgz::plugin::detail::MakeInfo<doe_simulation::ThrusterDriver>()::<lambda()>[m[Kâ€™ to â€˜[01m[Kconst std::function<void*()>&[m[Kâ€™
[3.885s]   469 |       operator=([01;36m[Kconst function& __x[m[K)
[3.885s]       |                 [01;36m[K~~~~~~~~~~~~~~~~^~~[m[K
[3.885s] [01m[K/usr/include/c++/13/bits/std_function.h:487:7:[m[K [01;36m[Knote: [m[Kcandidate: â€˜[01m[Kstd::function<_Res(_ArgTypes ...)>& std::function<_Res(_ArgTypes ...)>::[01;32m[Koperator=[m[K(std::function<_Res(_ArgTypes ...)>&&) [35m[K[with _Res = void*; _ArgTypes = {}][m[K[m[Kâ€™
[3.885s]   487 |       [01;36m[Koperator[m[K=(function&& __x) noexcept
[3.886s]       |       [01;36m[K^~~~~~~~[m[K
[3.886s] [01m[K/usr/include/c++/13/bits/std_function.h:487:28:[m[K [01;36m[Knote: [m[K  no known conversion for argument 1 from â€˜[01m[Kgz::plugin::detail::MakeInfo<doe_simulation::ThrusterDriver>()::<lambda()>[m[Kâ€™ to â€˜[01m[Kstd::function<void*()>&&[m[Kâ€™
[3.886s]   487 |       operator=([01;36m[Kfunction&& __x[m[K) noexcept
[3.886s]       |                 [01;36m[K~~~~~~~~~~~^~~[m[K
[3.886s] [01m[K/usr/include/c++/13/bits/std_function.h:501:7:[m[K [01;36m[Knote: [m[Kcandidate: â€˜[01m[Kstd::function<_Res(_ArgTypes ...)>& std::function<_Res(_ArgTypes ...)>::[01;32m[Koperator=[m[K(std::nullptr_t) [35m[K[with _Res = void*; _ArgTypes = {}; std::nullptr_t = std::nullptr_t][m[K[m[Kâ€™
[3.886s]   501 |       [01;36m[Koperator[m[K=(nullptr_t) noexcept
[3.886s]       |       [01;36m[K^~~~~~~~[m[K
[3.886s] [01m[K/usr/include/c++/13/bits/std_function.h:501:17:[m[K [01;36m[Knote: [m[K  no known conversion for argument 1 from â€˜[01m[Kgz::plugin::detail::MakeInfo<doe_simulation::ThrusterDriver>()::<lambda()>[m[Kâ€™ to â€˜[01m[Kstd::nullptr_t[m[Kâ€™
[3.886s]   501 |       operator=([01;36m[Knullptr_t[m[K) noexcept
[3.886s]       |                 [01;36m[K^~~~~~~~~[m[K
[4.474s] gmake[2]: *** [CMakeFiles/thruster_driver_plugin.dir/build.make:76: CMakeFiles/thruster_driver_plugin.dir/src/thruster_driver_plugin.cpp.o] Error 1
[4.475s] gmake[1]: *** [CMakeFiles/Makefile2:137: CMakeFiles/thruster_driver_plugin.dir/all] Error 2
[4.475s] gmake: *** [Makefile:166: all] Error 2
[4.477s] Invoked command in '/home/dorson/Documents/github/Doe/src/doe_simulation/build/doe_simulation' returned '2': CMAKE_PREFIX_PATH=${CMAKE_PREFIX_PATH}:/opt/ros/jazzy DEBUGINFOD_URLS=https://debuginfod.ubuntu.com /usr/bin/cmake --build /home/dorson/Documents/github/Doe/src/doe_simulation/build/doe_simulation -- -j20 -l20
